        -:    0:Source:src/batch/detect.c
        -:    1:#ifndef _POSIX_C_SOURCE
        -:    2:#define _POSIX_C_SOURCE 200809L
        -:    3:#endif
        -:    4:
        -:    5:/*
        -:    6: * detect.c — independence detection for batch operations.
        -:    7: *
        -:    8: * Two operations are considered NOT independent if:
        -:    9: *   - Any two paths share a prefix where one path is a strict prefix of
        -:   10: *     another (i.e. one path is an ancestor directory of the other).
        -:   11: *   - Any two operations touch the same path.
        -:   12: *
        -:   13: * We are conservative: if there is any doubt, we return 0 (sequential).
        -:   14: *
        -:   15: * Algorithm:
        -:   16: *   For each ordered pair (A, B) of operations, check:
        -:   17: *     1. path_A == path_B  (same path -> not independent)
        -:   18: *     2. path_A is a proper prefix of path_B followed by '/'
        -:   19: *        (A is an ancestor of B -> not independent)
        -:   20: *     3. path_B is a proper prefix of path_A followed by '/'
        -:   21: *        (B is an ancestor of A -> not independent)
        -:   22: *
        -:   23: * O(n^2) in the number of operations; acceptable for the small batches
        -:   24: * expected in a container build runtime.
        -:   25: */
        -:   26:
        -:   27:#include "detect.h"
        -:   28:
        -:   29:#include <string.h>
        -:   30:
        -:   31:/*
        -:   32: * Returns 1 if path `a` is a proper prefix of path `b`,
        -:   33: * i.e. b starts with a followed by '/'.
        -:   34: * Does NOT consider a == b as a prefix relationship.
        -:   35: */
    #####:   36:static int is_path_prefix(const char *a, const char *b)
        -:   37:{
    #####:   38:    size_t alen = strlen(a);
    #####:   39:    if (alen == 0) {
        -:   40:        /* Empty string is a prefix of everything — conservative */
    #####:   41:        return 1;
        -:   42:    }
    #####:   43:    if (strncmp(a, b, alen) != 0)
    #####:   44:        return 0;
        -:   45:    /* b must have a '/' at position alen, or alen == strlen(b) means equal */
    #####:   46:    if (b[alen] == '/' || b[alen] == '\0')
    #####:   47:        return 1;
    #####:   48:    return 0;
        -:   49:}
        -:   50:
    #####:   51:int batch_ops_independent(batch_op_t *ops)
        -:   52:{
    #####:   53:    if (!ops || !ops->next)
    #####:   54:        return 1; /* 0 or 1 operation is trivially independent */
        -:   55:
        -:   56:    /* Count operations and store pointers for O(n^2) comparison */
        -:   57:#define MAX_OPS 1024
        -:   58:    const char *paths[MAX_OPS];
    #####:   59:    int n = 0;
        -:   60:
    #####:   61:    for (batch_op_t *op = ops; op && n < MAX_OPS; op = op->next) {
    #####:   62:        if (!op->path)
    #####:   63:            return 0; /* NULL path is undefined behaviour; be conservative */
    #####:   64:        paths[n++] = op->path;
        -:   65:    }
        -:   66:
    #####:   67:    if (ops->next && n == MAX_OPS) {
        -:   68:        /* Too many operations to check conservatively: treat as dependent */
    #####:   69:        return 0;
        -:   70:    }
        -:   71:
    #####:   72:    for (int i = 0; i < n; i++) {
    #####:   73:        for (int j = i + 1; j < n; j++) {
    #####:   74:            const char *a = paths[i];
    #####:   75:            const char *b = paths[j];
        -:   76:
        -:   77:            /* Same path */
    #####:   78:            if (strcmp(a, b) == 0)
    #####:   79:                return 0;
        -:   80:
        -:   81:            /* One is a directory ancestor of the other */
    #####:   82:            if (is_path_prefix(a, b))
    #####:   83:                return 0;
    #####:   84:            if (is_path_prefix(b, a))
    #####:   85:                return 0;
        -:   86:        }
        -:   87:    }
        -:   88:
    #####:   89:    return 1;
        -:   90:#undef MAX_OPS
        -:   91:}
