        -:    0:Source:src/core/find.c
        -:    1:/* find.c — find builtin: traverse directory trees and apply tests */
        -:    2:
        -:    3:/* _GNU_SOURCE enables strcasestr and FNM_CASEFOLD */
        -:    4:#ifndef _GNU_SOURCE
        -:    5:#define _GNU_SOURCE
        -:    6:#endif
        -:    7:#ifndef _POSIX_C_SOURCE
        -:    8:#define _POSIX_C_SOURCE 200809L
        -:    9:#endif
        -:   10:
        -:   11:#include "../util/error.h"
        -:   12:#include "../util/path.h"
        -:   13:#include "../util/section.h"
        -:   14:#include "../util/strbuf.h"
        -:   15:
        -:   16:#include <ctype.h>
        -:   17:#include <dirent.h>
        -:   18:#include <errno.h>
        -:   19:#include <fcntl.h>
        -:   20:#include <fnmatch.h>
        -:   21:#include <grp.h>
        -:   22:#include <limits.h>
        -:   23:#include <pwd.h>
        -:   24:#include <stdio.h>
        -:   25:#include <stdlib.h>
        -:   26:#include <string.h>
        -:   27:#include <sys/stat.h>
        -:   28:#include <sys/wait.h>
        -:   29:#include <time.h>
        -:   30:#include <unistd.h>
        -:   31:
        -:   32:/* ------------------------------------------------------------------ */
        -:   33:/* Predicate / expression tree                                        */
        -:   34:/* ------------------------------------------------------------------ */
        -:   35:
        -:   36:typedef enum {
        -:   37:    PRED_TRUE = 0,
        -:   38:    PRED_NAME,
        -:   39:    PRED_INAME,
        -:   40:    PRED_TYPE,
        -:   41:    PRED_PRINT,
        -:   42:    PRED_PRINT0,
        -:   43:    PRED_DELETE,
        -:   44:    PRED_EMPTY,
        -:   45:    PRED_NEWER,
        -:   46:    PRED_MTIME,
        -:   47:    PRED_ATIME,
        -:   48:    PRED_SIZE,
        -:   49:    PRED_PERM,
        -:   50:    PRED_USER,
        -:   51:    PRED_GROUP,
        -:   52:    PRED_EXEC,       /* -exec ... ; */
        -:   53:    PRED_EXEC_PLUS,  /* -exec ... + */
        -:   54:    PRED_MAXDEPTH,   /* not a predicate, stored separately */
        -:   55:    PRED_MINDEPTH,
        -:   56:    PRED_AND,
        -:   57:    PRED_OR,
        -:   58:    PRED_NOT,
        -:   59:} pred_type_t;
        -:   60:
        -:   61:/* Size unit */
        -:   62:typedef enum { SZ_BYTES=0, SZ_KILO, SZ_MEGA, SZ_GIGA, SZ_BLOCKS } size_unit_t;
        -:   63:
        -:   64:/* Time comparison: +N means > N, -N means < N, N means == N */
        -:   65:typedef struct {
        -:   66:    int  sign;  /* -1, 0, +1 */
        -:   67:    long val;
        -:   68:} cmp_t;
        -:   69:
        -:   70:/* Compiled fast-path for -name/-iname patterns (O-10) */
        -:   71:typedef enum {
        -:   72:    CGLOB_FULL = 0,  /* fallback to fnmatch */
        -:   73:    CGLOB_LITERAL,   /* strcmp / strcasecmp */
        -:   74:    CGLOB_SUFFIX,    /* ends-with: fixed = pattern+1 */
        -:   75:    CGLOB_PREFIX,    /* starts-with: fixed = pattern (trailing * zeroed) */
        -:   76:    CGLOB_CONTAINS   /* substring: fixed = pattern+1 (trailing * zeroed) */
        -:   77:} cglob_type_t;
        -:   78:
        -:   79:typedef struct expr_node {
        -:   80:    pred_type_t  type;
        -:   81:
        -:   82:    /* PRED_NAME / PRED_INAME */
        -:   83:    char        *pattern;
        -:   84:    /* compiled fast-path; populated by compile_glob() after parse */
        -:   85:    struct {
        -:   86:        cglob_type_t type;
        -:   87:        const char  *fixed; /* NUL-terminated fixed part within pattern buffer */
        -:   88:        size_t       flen;
        -:   89:    } cglob;
        -:   90:
        -:   91:    /* PRED_TYPE */
        -:   92:    char         ftype; /* f/d/l/b/c/p/s */
        -:   93:
        -:   94:    /* PRED_NEWER */
        -:   95:    time_t       newer_mtime;
        -:   96:
        -:   97:    /* PRED_MTIME / PRED_ATIME */
        -:   98:    cmp_t        time_cmp;
        -:   99:
        -:  100:    /* PRED_SIZE */
        -:  101:    cmp_t        size_cmp;
        -:  102:    size_unit_t  size_unit;
        -:  103:
        -:  104:    /* PRED_PERM */
        -:  105:    mode_t       perm_mode;
        -:  106:    int          perm_exact; /* 1: exact match, 0: at least */
        -:  107:
        -:  108:    /* PRED_USER */
        -:  109:    uid_t        uid;
        -:  110:
        -:  111:    /* PRED_GROUP */
        -:  112:    gid_t        gid;
        -:  113:
        -:  114:    /* PRED_EXEC / PRED_EXEC_PLUS */
        -:  115:    char       **exec_argv;  /* NULL-terminated template */
        -:  116:    int          exec_argc;
        -:  117:    int          exec_plus_braces_idx; /* index of {} in exec_argv for + form */
        -:  118:
        -:  119:    /* Logical: children */
        -:  120:    struct expr_node *left;
        -:  121:    struct expr_node *right;
        -:  122:} expr_node_t;
        -:  123:
        -:  124:/* ------------------------------------------------------------------ */
        -:  125:/* Parser state                                                        */
        -:  126:/* ------------------------------------------------------------------ */
        -:  127:
        -:  128:typedef struct {
        -:  129:    char **argv;
        -:  130:    int    argc;
        -:  131:    int    pos;
        -:  132:    int    maxdepth;
        -:  133:    int    mindepth;
        -:  134:    int    follow_symlinks; /* -L */
        -:  135:    int    has_action;      /* did user specify -print, -exec, -delete, etc. */
        -:  136:    unsigned int statx_mask; /* O-11: minimal statx mask for this query */
        -:  137:} find_args_t;
        -:  138:
        -:  139:/* ------------------------------------------------------------------ */
        -:  140:/* Expression tree constructors                                       */
        -:  141:/* ------------------------------------------------------------------ */
        -:  142:
        -:  143:/*
        -:  144: * compile_glob: classify a -name/-iname pattern for fast matching.
        -:  145: * Modifies n->pattern in-place ONLY for PREFIX and CONTAINS cases
        -:  146: * (zeroes the trailing '*').  Must be called after strdup'ing the pattern.
        -:  147: */
    #####:  148:static void compile_glob(expr_node_t *n)
        -:  149:{
    #####:  150:    if (!n->pattern) return;
    #####:  151:    const char *p = n->pattern;
    #####:  152:    size_t len = strlen(p);
    #####:  153:    size_t star_count = 0, star1 = 0, star2 = 0;
    #####:  154:    int has_other = 0;
    #####:  155:    size_t i;
        -:  156:
    #####:  157:    for (i = 0; i < len; i++) {
    #####:  158:        if (p[i] == '*') {
    #####:  159:            if (star_count == 0) star1 = i;
    #####:  160:            else if (star_count == 1) star2 = i;
    #####:  161:            star_count++;
    #####:  162:        } else if (p[i] == '?' || p[i] == '[') {
    #####:  163:            has_other = 1;
        -:  164:        }
        -:  165:    }
        -:  166:
    #####:  167:    if (!star_count && !has_other) {
    #####:  168:        n->cglob.type  = CGLOB_LITERAL;
    #####:  169:        n->cglob.fixed = p;
    #####:  170:        n->cglob.flen  = len;
    #####:  171:        return;
        -:  172:    }
    #####:  173:    if (has_other || star_count > 2) {
    #####:  174:        n->cglob.type = CGLOB_FULL;
    #####:  175:        return;
        -:  176:    }
    #####:  177:    if (star_count == 1) {
    #####:  178:        if (star1 == 0) {
        -:  179:            /* *.ext */
    #####:  180:            n->cglob.type  = CGLOB_SUFFIX;
    #####:  181:            n->cglob.fixed = p + 1;
    #####:  182:            n->cglob.flen  = len - 1;
    #####:  183:        } else if (star1 == len - 1) {
        -:  184:            /* prefix* — zero trailing star */
    #####:  185:            n->pattern[len - 1] = '\0';
    #####:  186:            n->cglob.type  = CGLOB_PREFIX;
    #####:  187:            n->cglob.fixed = n->pattern;
    #####:  188:            n->cglob.flen  = len - 1;
        -:  189:        } else {
    #####:  190:            n->cglob.type = CGLOB_FULL;
        -:  191:        }
    #####:  192:        return;
        -:  193:    }
        -:  194:    /* star_count == 2 */
    #####:  195:    if (star1 == 0 && star2 == len - 1) {
        -:  196:        /* *substr* — zero trailing star */
    #####:  197:        n->pattern[len - 1] = '\0';
    #####:  198:        n->cglob.type  = CGLOB_CONTAINS;
    #####:  199:        n->cglob.fixed = n->pattern + 1;
    #####:  200:        n->cglob.flen  = len - 2;
        -:  201:    } else {
    #####:  202:        n->cglob.type = CGLOB_FULL;
        -:  203:    }
        -:  204:}
        -:  205:
    #####:  206:static expr_node_t *node_new(pred_type_t type)
        -:  207:{
    #####:  208:    expr_node_t *n = calloc(1, sizeof(expr_node_t));
    #####:  209:    if (!n)
    #####:  210:        err_msg("find", "out of memory");
        -:  211:    else
    #####:  212:        n->type = type;
    #####:  213:    return n;
        -:  214:}
        -:  215:
    #####:  216:static void node_free(expr_node_t *n)
        -:  217:{
    #####:  218:    if (!n) return;
    #####:  219:    node_free(n->left);
    #####:  220:    node_free(n->right);
    #####:  221:    free(n->pattern);
    #####:  222:    if (n->exec_argv) {
    #####:  223:        for (int i = 0; i < n->exec_argc; i++)
    #####:  224:            free(n->exec_argv[i]);
    #####:  225:        free(n->exec_argv);
        -:  226:    }
    #####:  227:    free(n);
        -:  228:}
        -:  229:
        -:  230:/* ------------------------------------------------------------------ */
        -:  231:/* Parsing helpers                                                    */
        -:  232:/* ------------------------------------------------------------------ */
        -:  233:
    #####:  234:static const char *peek_arg(find_args_t *fa)
        -:  235:{
    #####:  236:    if (fa->pos < fa->argc)
    #####:  237:        return fa->argv[fa->pos];
        -:  238:    return NULL;
        -:  239:}
        -:  240:
    #####:  241:static const char *next_arg(find_args_t *fa)
        -:  242:{
    #####:  243:    if (fa->pos < fa->argc)
    #####:  244:        return fa->argv[fa->pos++];
        -:  245:    return NULL;
        -:  246:}
        -:  247:
    #####:  248:static cmp_t parse_cmp(const char *s)
        -:  249:{
    #####:  250:    cmp_t c = {0, 0};
    #####:  251:    if (*s == '+')      { c.sign = 1;  s++; }
    #####:  252:    else if (*s == '-') { c.sign = -1; s++; }
        -:  253:    else                { c.sign = 0; }
    #####:  254:    c.val = strtol(s, NULL, 10);
    #####:  255:    return c;
        -:  256:}
        -:  257:
    #####:  258:static int cmp_matches(cmp_t c, long val)
        -:  259:{
    #####:  260:    if (c.sign < 0) return val < c.val;
    #####:  261:    if (c.sign > 0) return val > c.val;
    #####:  262:    return val == c.val;
        -:  263:}
        -:  264:
        -:  265:/* Forward declaration for recursive parsing */
        -:  266:static expr_node_t *parse_expr(find_args_t *fa);
        -:  267:static expr_node_t *parse_primary(find_args_t *fa);
        -:  268:
    #####:  269:static expr_node_t *parse_primary(find_args_t *fa)
        -:  270:{
    #####:  271:    const char *arg = peek_arg(fa);
    #####:  272:    if (!arg) return NULL;
        -:  273:
        -:  274:    /* Parentheses */
    #####:  275:    if (strcmp(arg, "(") == 0) {
    #####:  276:        next_arg(fa);
    #####:  277:        expr_node_t *inner = parse_expr(fa);
    #####:  278:        const char *close = peek_arg(fa);
    #####:  279:        if (close && strcmp(close, ")") == 0)
    #####:  280:            next_arg(fa);
    #####:  281:        return inner;
        -:  282:    }
        -:  283:
        -:  284:    /* Negation */
    #####:  285:    if (strcmp(arg, "!") == 0 || strcmp(arg, "-not") == 0) {
    #####:  286:        next_arg(fa);
    #####:  287:        expr_node_t *n = node_new(PRED_NOT);
    #####:  288:        if (!n) return NULL;
    #####:  289:        n->left = parse_primary(fa);
    #####:  290:        return n;
        -:  291:    }
        -:  292:
    #####:  293:    if (arg[0] != '-')
        -:  294:        return NULL; /* not a primary */
        -:  295:
    #####:  296:    next_arg(fa);
        -:  297:
    #####:  298:    if (strcmp(arg, "-true") == 0) {
    #####:  299:        return node_new(PRED_TRUE);
        -:  300:    }
        -:  301:
    #####:  302:    if (strcmp(arg, "-print") == 0) {
    #####:  303:        fa->has_action = 1;
    #####:  304:        return node_new(PRED_PRINT);
        -:  305:    }
        -:  306:
    #####:  307:    if (strcmp(arg, "-print0") == 0) {
    #####:  308:        fa->has_action = 1;
    #####:  309:        return node_new(PRED_PRINT0);
        -:  310:    }
        -:  311:
    #####:  312:    if (strcmp(arg, "-delete") == 0) {
    #####:  313:        fa->has_action = 1;
    #####:  314:        return node_new(PRED_DELETE);
        -:  315:    }
        -:  316:
    #####:  317:    if (strcmp(arg, "-empty") == 0) {
    #####:  318:        return node_new(PRED_EMPTY);
        -:  319:    }
        -:  320:
    #####:  321:    if (strcmp(arg, "-name") == 0) {
    #####:  322:        const char *pat = next_arg(fa);
    #####:  323:        if (!pat) { err_msg("find", "-name requires argument"); return NULL; }
    #####:  324:        expr_node_t *n = node_new(PRED_NAME);
    #####:  325:        if (!n) return NULL;
    #####:  326:        n->pattern = strdup(pat);
    #####:  327:        if (!n->pattern) { err_msg("find", "out of memory"); node_free(n); return NULL; }
    #####:  328:        compile_glob(n);
    #####:  329:        return n;
        -:  330:    }
        -:  331:
    #####:  332:    if (strcmp(arg, "-iname") == 0) {
    #####:  333:        const char *pat = next_arg(fa);
    #####:  334:        if (!pat) { err_msg("find", "-iname requires argument"); return NULL; }
    #####:  335:        expr_node_t *n = node_new(PRED_INAME);
    #####:  336:        if (!n) return NULL;
    #####:  337:        n->pattern = strdup(pat);
    #####:  338:        if (!n->pattern) { err_msg("find", "out of memory"); node_free(n); return NULL; }
    #####:  339:        compile_glob(n);
    #####:  340:        return n;
        -:  341:    }
        -:  342:
    #####:  343:    if (strcmp(arg, "-type") == 0) {
    #####:  344:        const char *tstr = next_arg(fa);
    #####:  345:        if (!tstr) { err_msg("find", "-type requires argument"); return NULL; }
    #####:  346:        expr_node_t *n = node_new(PRED_TYPE);
    #####:  347:        if (!n) return NULL;
    #####:  348:        n->ftype = tstr[0];
    #####:  349:        return n;
        -:  350:    }
        -:  351:
    #####:  352:    if (strcmp(arg, "-maxdepth") == 0) {
    #####:  353:        const char *val = next_arg(fa);
    #####:  354:        if (!val) { err_msg("find", "-maxdepth requires argument"); return NULL; }
    #####:  355:        fa->maxdepth = (int)strtol(val, NULL, 10);
    #####:  356:        return node_new(PRED_TRUE); /* transparent */
        -:  357:    }
        -:  358:
    #####:  359:    if (strcmp(arg, "-mindepth") == 0) {
    #####:  360:        const char *val = next_arg(fa);
    #####:  361:        if (!val) { err_msg("find", "-mindepth requires argument"); return NULL; }
    #####:  362:        fa->mindepth = (int)strtol(val, NULL, 10);
    #####:  363:        return node_new(PRED_TRUE);
        -:  364:    }
        -:  365:
    #####:  366:    if (strcmp(arg, "-newer") == 0) {
    #####:  367:        const char *ref = next_arg(fa);
    #####:  368:        if (!ref) { err_msg("find", "-newer requires argument"); return NULL; }
    #####:  369:        struct stat st;
    #####:  370:        if (stat(ref, &st) != 0) {
    #####:  371:            err_sys("find", "-newer: cannot stat '%s'", ref);
    #####:  372:            return NULL;
        -:  373:        }
    #####:  374:        expr_node_t *n = node_new(PRED_NEWER);
    #####:  375:        if (!n) return NULL;
    #####:  376:        n->newer_mtime = st.st_mtime;
    #####:  377:        return n;
        -:  378:    }
        -:  379:
    #####:  380:    if (strcmp(arg, "-mtime") == 0) {
    #####:  381:        const char *val = next_arg(fa);
    #####:  382:        if (!val) { err_msg("find", "-mtime requires argument"); return NULL; }
    #####:  383:        expr_node_t *n = node_new(PRED_MTIME);
    #####:  384:        if (!n) return NULL;
    #####:  385:        n->time_cmp = parse_cmp(val);
    #####:  386:        return n;
        -:  387:    }
        -:  388:
    #####:  389:    if (strcmp(arg, "-atime") == 0) {
    #####:  390:        const char *val = next_arg(fa);
    #####:  391:        if (!val) { err_msg("find", "-atime requires argument"); return NULL; }
    #####:  392:        expr_node_t *n = node_new(PRED_ATIME);
    #####:  393:        if (!n) return NULL;
    #####:  394:        n->time_cmp = parse_cmp(val);
    #####:  395:        return n;
        -:  396:    }
        -:  397:
    #####:  398:    if (strcmp(arg, "-size") == 0) {
    #####:  399:        const char *val = next_arg(fa);
    #####:  400:        if (!val) { err_msg("find", "-size requires argument"); return NULL; }
    #####:  401:        expr_node_t *n = node_new(PRED_SIZE);
    #####:  402:        if (!n) return NULL;
    #####:  403:        size_t vlen = strlen(val);
        -:  404:        /* Copy value; strip trailing unit character if present */
    #####:  405:        char numstr[64];
    #####:  406:        size_t copy_len = vlen < sizeof(numstr) ? vlen : sizeof(numstr) - 1;
    #####:  407:        memcpy(numstr, val, copy_len);
    #####:  408:        numstr[copy_len] = '\0';
        -:  409:        /* Determine unit from last character of original val */
    #####:  410:        if (copy_len > 0 && isalpha((unsigned char)numstr[copy_len - 1])) {
    #####:  411:            char unit = numstr[copy_len - 1];
    #####:  412:            numstr[copy_len - 1] = '\0'; /* strip unit */
    #####:  413:            switch (unit) {
    #####:  414:            case 'c': n->size_unit = SZ_BYTES;  break;
    #####:  415:            case 'k': n->size_unit = SZ_KILO;   break;
    #####:  416:            case 'M': n->size_unit = SZ_MEGA;   break;
    #####:  417:            case 'G': n->size_unit = SZ_GIGA;   break;
    #####:  418:            default:  n->size_unit = SZ_BLOCKS; break;
        -:  419:            }
        -:  420:        } else {
    #####:  421:            n->size_unit = SZ_BLOCKS;
        -:  422:        }
    #####:  423:        n->size_cmp = parse_cmp(numstr);
    #####:  424:        return n;
        -:  425:    }
        -:  426:
    #####:  427:    if (strcmp(arg, "-perm") == 0) {
    #####:  428:        const char *val = next_arg(fa);
    #####:  429:        if (!val) { err_msg("find", "-perm requires argument"); return NULL; }
    #####:  430:        expr_node_t *n = node_new(PRED_PERM);
    #####:  431:        if (!n) return NULL;
    #####:  432:        int exact = 1;
    #####:  433:        const char *p = val;
    #####:  434:        if (*p == '-') { exact = 0; p++; }
    #####:  435:        if (*p == '/') { exact = 0; p++; }
    #####:  436:        n->perm_exact = exact;
    #####:  437:        char *end;
    #####:  438:        n->perm_mode = (mode_t)strtoul(p, &end, 8);
    #####:  439:        return n;
        -:  440:    }
        -:  441:
    #####:  442:    if (strcmp(arg, "-user") == 0) {
    #####:  443:        const char *val = next_arg(fa);
    #####:  444:        if (!val) { err_msg("find", "-user requires argument"); return NULL; }
    #####:  445:        expr_node_t *n = node_new(PRED_USER);
    #####:  446:        if (!n) return NULL;
    #####:  447:        struct passwd *pw = getpwnam(val);
    #####:  448:        if (pw) {
    #####:  449:            n->uid = pw->pw_uid;
        -:  450:        } else {
        -:  451:            /* Try numeric */
    #####:  452:            n->uid = (uid_t)strtoul(val, NULL, 10);
        -:  453:        }
    #####:  454:        return n;
        -:  455:    }
        -:  456:
    #####:  457:    if (strcmp(arg, "-group") == 0) {
    #####:  458:        const char *val = next_arg(fa);
    #####:  459:        if (!val) { err_msg("find", "-group requires argument"); return NULL; }
    #####:  460:        expr_node_t *n = node_new(PRED_GROUP);
    #####:  461:        if (!n) return NULL;
    #####:  462:        struct group *gr = getgrnam(val);
    #####:  463:        if (gr) {
    #####:  464:            n->gid = gr->gr_gid;
        -:  465:        } else {
    #####:  466:            n->gid = (gid_t)strtoul(val, NULL, 10);
        -:  467:        }
    #####:  468:        return n;
        -:  469:    }
        -:  470:
    #####:  471:    if (strcmp(arg, "-exec") == 0 || strcmp(arg, "-execdir") == 0) {
    #####:  472:        fa->has_action = 1;
        -:  473:        /* Collect args until \; or + */
    #####:  474:        int cap = 16;
    #####:  475:        char **av = malloc((size_t)cap * sizeof(char *));
    #####:  476:        if (!av) { err_msg("find", "out of memory"); return NULL; }
        -:  477:        int ac = 0;
    #####:  478:        int plus_form = 0;
        -:  479:        int braces_idx = -1;
        -:  480:
    #####:  481:        for (;;) {
    #####:  482:            const char *a = next_arg(fa);
    #####:  483:            if (!a) {
    #####:  484:                err_msg("find", "-exec: missing terminating ; or +");
    #####:  485:                for (int k = 0; k < ac; k++) free(av[k]);
    #####:  486:                free(av);
    #####:  487:                return NULL;
        -:  488:            }
    #####:  489:            if (strcmp(a, ";") == 0) break;
    #####:  490:            if (strcmp(a, "+") == 0) { plus_form = 1; break; }
        -:  491:
    #####:  492:            if (ac >= cap - 1) {
    #####:  493:                cap *= 2;
    #####:  494:                char **tmp = realloc(av, (size_t)cap * sizeof(char *));
    #####:  495:                if (!tmp) {
    #####:  496:                    err_msg("find", "out of memory");
    #####:  497:                    for (int k = 0; k < ac; k++) free(av[k]);
    #####:  498:                    free(av);
    #####:  499:                    return NULL;
        -:  500:                }
        -:  501:                av = tmp;
        -:  502:            }
    #####:  503:            if (strcmp(a, "{}") == 0)
    #####:  504:                braces_idx = ac;
    #####:  505:            av[ac] = strdup(a);
    #####:  506:            if (!av[ac]) {
    #####:  507:                err_msg("find", "out of memory");
    #####:  508:                for (int k = 0; k < ac; k++) free(av[k]);
    #####:  509:                free(av);
    #####:  510:                return NULL;
        -:  511:            }
    #####:  512:            ac++;
        -:  513:        }
    #####:  514:        av[ac] = NULL;
        -:  515:
    #####:  516:        expr_node_t *n = node_new(plus_form ? PRED_EXEC_PLUS : PRED_EXEC);
    #####:  517:        if (!n) {
    #####:  518:            for (int k = 0; k < ac; k++) free(av[k]);
    #####:  519:            free(av);
    #####:  520:            return NULL;
        -:  521:        }
    #####:  522:        n->exec_argv = av;
    #####:  523:        n->exec_argc = ac;
    #####:  524:        n->exec_plus_braces_idx = braces_idx;
    #####:  525:        return n;
        -:  526:    }
        -:  527:
        -:  528:    /* Unknown primary */
    #####:  529:    err_msg("find", "unknown primary '%s'", arg);
    #####:  530:    return NULL;
        -:  531:}
        -:  532:
    #####:  533:static expr_node_t *parse_and_expr(find_args_t *fa)
        -:  534:{
    #####:  535:    expr_node_t *left = parse_primary(fa);
    #####:  536:    if (!left) return NULL;
        -:  537:
    #####:  538:    for (;;) {
    #####:  539:        const char *tok = peek_arg(fa);
    #####:  540:        if (!tok) break;
    #####:  541:        if (strcmp(tok, "-o") == 0 || strcmp(tok, "-or") == 0)  break;
    #####:  542:        if (strcmp(tok, ")")  == 0)                              break;
    #####:  543:        if (strcmp(tok, "-a") == 0 || strcmp(tok, "-and") == 0) {
    #####:  544:            next_arg(fa);
        -:  545:        }
    #####:  546:        expr_node_t *right = parse_primary(fa);
    #####:  547:        if (!right) { node_free(left); return NULL; }
    #####:  548:        expr_node_t *n = node_new(PRED_AND);
    #####:  549:        if (!n) { node_free(left); node_free(right); return NULL; }
    #####:  550:        n->left  = left;
    #####:  551:        n->right = right;
    #####:  552:        left = n;
        -:  553:    }
        -:  554:    return left;
        -:  555:}
        -:  556:
    #####:  557:static expr_node_t *parse_expr(find_args_t *fa)
        -:  558:{
    #####:  559:    expr_node_t *left = parse_and_expr(fa);
    #####:  560:    if (!left) return NULL;
        -:  561:
    #####:  562:    for (;;) {
    #####:  563:        const char *tok = peek_arg(fa);
    #####:  564:        if (!tok) break;
    #####:  565:        if (strcmp(tok, "-o") != 0 && strcmp(tok, "-or") != 0) break;
    #####:  566:        next_arg(fa);
    #####:  567:        expr_node_t *right = parse_and_expr(fa);
    #####:  568:        if (!right) { node_free(left); return NULL; }
    #####:  569:        expr_node_t *n = node_new(PRED_OR);
    #####:  570:        if (!n) { node_free(left); node_free(right); return NULL; }
    #####:  571:        n->left  = left;
    #####:  572:        n->right = right;
    #####:  573:        left = n;
        -:  574:    }
        -:  575:    return left;
        -:  576:}
        -:  577:
        -:  578:/* ------------------------------------------------------------------ */
        -:  579:/* Predicate evaluation                                               */
        -:  580:/* ------------------------------------------------------------------ */
        -:  581:
        -:  582:/* Execute -exec CMD {} \; for one path */
    #####:  583:static int exec_cmd_single(expr_node_t *n, const char *path)
        -:  584:{
        -:  585:    /* Build argv: replace {} with path */
    #####:  586:    char **av = malloc((size_t)(n->exec_argc + 1) * sizeof(char *));
    #####:  587:    if (!av) {
    #####:  588:        err_msg("find", "out of memory");
    #####:  589:        return 0;
        -:  590:    }
    #####:  591:    for (int k = 0; k < n->exec_argc; k++) {
    #####:  592:        if (strcmp(n->exec_argv[k], "{}") == 0) {
    #####:  593:            av[k] = (char *)path; /* not owned */
        -:  594:        } else {
    #####:  595:            av[k] = n->exec_argv[k];
        -:  596:        }
        -:  597:    }
    #####:  598:    av[n->exec_argc] = NULL;
        -:  599:
    #####:  600:    pid_t pid = fork();
    #####:  601:    if (pid < 0) {
    #####:  602:        err_sys("find", "fork");
    #####:  603:        free(av);
    #####:  604:        return 0;
        -:  605:    }
    #####:  606:    if (pid == 0) {
    #####:  607:        execvp(av[0], av);
    #####:  608:        err_sys("find", "exec: %s", av[0]);
    #####:  609:        _exit(127);
        -:  610:    }
    #####:  611:    int status;
    #####:  612:    waitpid(pid, &status, 0);
    #####:  613:    free(av);
    #####:  614:    return (WIFEXITED(status) && WEXITSTATUS(status) == 0) ? 1 : 0;
        -:  615:}
        -:  616:
    #####:  617:static HOT int eval_expr(expr_node_t *n, const char *path, const char *basename_ptr,
        -:  618:                         const struct stat *st, int depth)
        -:  619:{
    #####:  620:    if (!n) return 1;
        -:  621:
    #####:  622:    switch (n->type) {
        -:  623:    case PRED_TRUE:
        -:  624:        return 1;
        -:  625:
    #####:  626:    case PRED_AND:
    #####:  627:        return eval_expr(n->left,  path, basename_ptr, st, depth) &&
    #####:  628:               eval_expr(n->right, path, basename_ptr, st, depth);
        -:  629:
    #####:  630:    case PRED_OR:
    #####:  631:        return eval_expr(n->left,  path, basename_ptr, st, depth) ||
    #####:  632:               eval_expr(n->right, path, basename_ptr, st, depth);
        -:  633:
    #####:  634:    case PRED_NOT:
    #####:  635:        return !eval_expr(n->left, path, basename_ptr, st, depth);
        -:  636:
    #####:  637:    case PRED_NAME: {
    #####:  638:        const char *s = basename_ptr;
    #####:  639:        size_t slen = strlen(s);
    #####:  640:        switch (n->cglob.type) {
    #####:  641:        case CGLOB_LITERAL:
    #####:  642:            return strcmp(s, n->cglob.fixed) == 0;
    #####:  643:        case CGLOB_SUFFIX:
    #####:  644:            return slen >= n->cglob.flen &&
    #####:  645:                   memcmp(s + slen - n->cglob.flen,
    #####:  646:                          n->cglob.fixed, n->cglob.flen) == 0;
    #####:  647:        case CGLOB_PREFIX:
    #####:  648:            return slen >= n->cglob.flen &&
    #####:  649:                   memcmp(s, n->cglob.fixed, n->cglob.flen) == 0;
    #####:  650:        case CGLOB_CONTAINS:
    #####:  651:            return strstr(s, n->cglob.fixed) != NULL;
    #####:  652:        default:
    #####:  653:            return fnmatch(n->pattern, s, 0) == 0;
        -:  654:        }
        -:  655:    }
        -:  656:
    #####:  657:    case PRED_INAME: {
    #####:  658:        const char *s = basename_ptr;
    #####:  659:        size_t slen = strlen(s);
    #####:  660:        switch (n->cglob.type) {
    #####:  661:        case CGLOB_LITERAL:
    #####:  662:            return strcasecmp(s, n->cglob.fixed) == 0;
    #####:  663:        case CGLOB_SUFFIX:
    #####:  664:            return slen >= n->cglob.flen &&
    #####:  665:                   strncasecmp(s + slen - n->cglob.flen,
        -:  666:                               n->cglob.fixed, n->cglob.flen) == 0;
    #####:  667:        case CGLOB_PREFIX:
    #####:  668:            return slen >= n->cglob.flen &&
    #####:  669:                   strncasecmp(s, n->cglob.fixed, n->cglob.flen) == 0;
    #####:  670:        case CGLOB_CONTAINS:
    #####:  671:            return strcasestr(s, n->cglob.fixed) != NULL;
    #####:  672:        default:
    #####:  673:            return fnmatch(n->pattern, s, FNM_CASEFOLD) == 0;
        -:  674:        }
        -:  675:    }
        -:  676:
    #####:  677:    case PRED_TYPE: {
    #####:  678:        mode_t m = st->st_mode;
    #####:  679:        switch (n->ftype) {
    #####:  680:        case 'f': return S_ISREG(m);
    #####:  681:        case 'd': return S_ISDIR(m);
    #####:  682:        case 'l': return S_ISLNK(m);
    #####:  683:        case 'b': return S_ISBLK(m);
    #####:  684:        case 'c': return S_ISCHR(m);
    #####:  685:        case 'p': return S_ISFIFO(m);
    #####:  686:        case 's': return S_ISSOCK(m);
        -:  687:        default:  return 0;
        -:  688:        }
        -:  689:    }
        -:  690:
    #####:  691:    case PRED_EMPTY:
    #####:  692:        if (S_ISREG(st->st_mode))  return st->st_size == 0;
    #####:  693:        if (S_ISDIR(st->st_mode)) {
    #####:  694:            DIR *d = opendir(path);
    #####:  695:            if (!d) return 0;
        -:  696:            struct dirent *ent;
    #####:  697:            int empty = 1;
    #####:  698:            while ((ent = readdir(d)) != NULL) {
    #####:  699:                if (strcmp(ent->d_name, ".") != 0 && strcmp(ent->d_name, "..") != 0) {
        -:  700:                    empty = 0;
        -:  701:                    break;
        -:  702:                }
        -:  703:            }
    #####:  704:            closedir(d);
    #####:  705:            return empty;
        -:  706:        }
        -:  707:        return 0;
        -:  708:
    #####:  709:    case PRED_NEWER:
    #####:  710:        return st->st_mtime > n->newer_mtime;
        -:  711:
    #####:  712:    case PRED_MTIME: {
    #####:  713:        time_t now = time(NULL);
    #####:  714:        long days = (long)((now - st->st_mtime) / 86400);
    #####:  715:        return cmp_matches(n->time_cmp, days);
        -:  716:    }
        -:  717:
    #####:  718:    case PRED_ATIME: {
    #####:  719:        time_t now = time(NULL);
    #####:  720:        long days = (long)((now - st->st_atime) / 86400);
    #####:  721:        return cmp_matches(n->time_cmp, days);
        -:  722:    }
        -:  723:
    #####:  724:    case PRED_SIZE: {
    #####:  725:        long sz;
    #####:  726:        switch (n->size_unit) {
    #####:  727:        case SZ_BYTES:  sz = (long)st->st_size;                    break;
    #####:  728:        case SZ_KILO:   sz = (long)((st->st_size + 1023) / 1024);  break;
    #####:  729:        case SZ_MEGA:   sz = (long)((st->st_size + (1<<20)-1) >> 20); break;
    #####:  730:        case SZ_GIGA:   sz = (long)((st->st_size + (1LL<<30)-1) >> 30); break;
    #####:  731:        case SZ_BLOCKS: sz = (long)((st->st_size + 511) / 512);    break;
    #####:  732:        default:        sz = (long)st->st_size; break;
        -:  733:        }
    #####:  734:        return cmp_matches(n->size_cmp, sz);
        -:  735:    }
        -:  736:
    #####:  737:    case PRED_PERM:
    #####:  738:        if (n->perm_exact)
    #####:  739:            return (st->st_mode & 07777) == n->perm_mode;
    #####:  740:        return (st->st_mode & n->perm_mode) == n->perm_mode;
        -:  741:
    #####:  742:    case PRED_USER:
    #####:  743:        return st->st_uid == n->uid;
        -:  744:
    #####:  745:    case PRED_GROUP:
    #####:  746:        return st->st_gid == n->gid;
        -:  747:
        -:  748:    case PRED_PRINT:
    #####:  749:        printf("%s\n", path);
    #####:  750:        return 1;
        -:  751:
    #####:  752:    case PRED_PRINT0:
    #####:  753:        fputs(path, stdout);
    #####:  754:        putchar('\0');
    #####:  755:        return 1;
        -:  756:
    #####:  757:    case PRED_DELETE: {
    #####:  758:        int r;
    #####:  759:        if (S_ISDIR(st->st_mode))
    #####:  760:            r = rmdir(path);
        -:  761:        else
    #####:  762:            r = unlink(path);
    #####:  763:        if (r != 0)
    #####:  764:            err_sys("find", "cannot delete '%s'", path);
    #####:  765:        return r == 0;
        -:  766:    }
        -:  767:
    #####:  768:    case PRED_EXEC:
    #####:  769:        return exec_cmd_single(n, path);
        -:  770:
    #####:  771:    case PRED_EXEC_PLUS:
        -:  772:        /* Accumulation handled at traversal level; eval as single here */
    #####:  773:        return exec_cmd_single(n, path);
        -:  774:
        -:  775:    default:
        -:  776:        return 1;
        -:  777:    }
    #####:  778:    (void)depth;
        -:  779:}
        -:  780:
        -:  781:/* ------------------------------------------------------------------ */
        -:  782:/* O-11: statx minimal field mask                                     */
        -:  783:/* ------------------------------------------------------------------ */
        -:  784:
        -:  785:/*
        -:  786: * Walk the expression tree and return the union of all stat fields needed.
        -:  787: * STATX_TYPE|STATX_MODE are always included (needed for recursion, -type,
        -:  788: * -perm, -empty directory check).
        -:  789: */
    #####:  790:static unsigned int compute_needed_mask(const expr_node_t *n)
        -:  791:{
    #####:  792:    if (!n)
        -:  793:        return 0;
    #####:  794:    unsigned int mask = 0;
    #####:  795:    switch (n->type) {
        -:  796:    case PRED_SIZE:
        -:  797:        mask |= STATX_SIZE; break;
        -:  798:    case PRED_MTIME: case PRED_NEWER:
        -:  799:        mask |= STATX_MTIME; break;
        -:  800:    case PRED_ATIME:
        -:  801:        mask |= STATX_ATIME; break;
        -:  802:    case PRED_USER:
        -:  803:        mask |= STATX_UID; break;
        -:  804:    case PRED_GROUP:
        -:  805:        mask |= STATX_GID; break;
        -:  806:    case PRED_EMPTY:
        -:  807:        mask |= STATX_SIZE; break;
        -:  808:    default:
        -:  809:        break;
        -:  810:    }
    #####:  811:    mask |= compute_needed_mask(n->left);
    #####:  812:    mask |= compute_needed_mask(n->right);
    #####:  813:    return mask | STATX_TYPE | STATX_MODE;
        -:  814:}
        -:  815:
        -:  816:#ifdef __linux__
        -:  817:/* Convert statx result to struct stat (only fields needed by eval_expr) */
    #####:  818:static void statx_to_stat(const struct statx *stx, struct stat *st)
        -:  819:{
    #####:  820:    memset(st, 0, sizeof(*st));
    #####:  821:    st->st_mode  = stx->stx_mode;
    #####:  822:    st->st_uid   = (uid_t)stx->stx_uid;
    #####:  823:    st->st_gid   = (gid_t)stx->stx_gid;
    #####:  824:    st->st_size  = (off_t)stx->stx_size;
    #####:  825:    st->st_mtime = (time_t)stx->stx_mtime.tv_sec;
    #####:  826:    st->st_atime = (time_t)stx->stx_atime.tv_sec;
    #####:  827:}
        -:  828:
        -:  829:/* Try statx once; disable on ENOSYS (kernel < 4.11) */
        -:  830:static int g_statx_ok = 1;
        -:  831:
    #####:  832:static int do_stat(const char *path, struct stat *st,
        -:  833:                   unsigned int mask, int follow_symlinks)
        -:  834:{
    #####:  835:    if (g_statx_ok) {
    #####:  836:        struct statx stx;
    #####:  837:        int flags = follow_symlinks ? 0 : AT_SYMLINK_NOFOLLOW;
        -:  838:        /* AT_STATX_DONT_SYNC: safe in containers (local/overlay FS) */
    #####:  839:        int r = statx(AT_FDCWD, path, flags | AT_STATX_DONT_SYNC, mask, &stx);
    #####:  840:        if (r == 0) {
    #####:  841:            statx_to_stat(&stx, st);
    #####:  842:            return 0;
        -:  843:        }
    #####:  844:        if (errno == ENOSYS) {
    #####:  845:            g_statx_ok = 0;
        -:  846:            /* fall through to lstat */
        -:  847:        } else {
        -:  848:            return r;
        -:  849:        }
        -:  850:    }
    #####:  851:    return follow_symlinks ? stat(path, st) : lstat(path, st);
        -:  852:}
        -:  853:#else
        -:  854:/* Non-Linux: always use lstat/stat */
        -:  855:static int do_stat(const char *path, struct stat *st,
        -:  856:                   unsigned int mask, int follow_symlinks)
        -:  857:{
        -:  858:    (void)mask;
        -:  859:    return follow_symlinks ? stat(path, st) : lstat(path, st);
        -:  860:}
        -:  861:#endif
        -:  862:
        -:  863:/* ------------------------------------------------------------------ */
        -:  864:/* Traversal                                                          */
        -:  865:/* ------------------------------------------------------------------ */
        -:  866:
        -:  867:typedef struct {
        -:  868:    expr_node_t *expr;
        -:  869:    find_args_t *fa;
        -:  870:    int          ret;
        -:  871:    /*
        -:  872:     * d_type_sufficient: 1 when the expression only needs file type/mode
        -:  873:     * (statx_mask == STATX_TYPE|STATX_MODE) and we are NOT following
        -:  874:     * symlinks.  In that case readdir()'s d_type can substitute for a full
        -:  875:     * stat() call whenever d_type != DT_UNKNOWN.
        -:  876:     */
        -:  877:    int          d_type_sufficient;
        -:  878:} walk_ctx_t;
        -:  879:
        -:  880:static void walk_dir(const char *path, int depth, walk_ctx_t *ctx);
        -:  881:
    #####:  882:static void process_entry(const char *path, const struct stat *st,
        -:  883:                          int depth, walk_ctx_t *ctx)
        -:  884:{
    #####:  885:    find_args_t *fa = ctx->fa;
        -:  886:
    #####:  887:    if (depth < fa->mindepth)
    #####:  888:        goto recurse;
        -:  889:
    #####:  890:    if (fa->maxdepth >= 0 && depth > fa->maxdepth)
        -:  891:        return;
        -:  892:
    #####:  893:    const char *base = path_basename(path);
    #####:  894:    int matched = eval_expr(ctx->expr, path, base, st, depth);
        -:  895:
        -:  896:    /* If no explicit action was specified and we matched, default print */
    #####:  897:    if (matched && !fa->has_action)
    #####:  898:        printf("%s\n", path);
        -:  899:
    #####:  900:recurse:
    #####:  901:    if (S_ISDIR(st->st_mode)) {
    #####:  902:        if (fa->maxdepth < 0 || depth < fa->maxdepth)
    #####:  903:            walk_dir(path, depth + 1, ctx);
        -:  904:    }
        -:  905:}
        -:  906:
        -:  907:/*
        -:  908: * Convert a readdir() d_type value into the st_mode type bits so that
        -:  909: * process_entry() can work without a real stat() call.
        -:  910: * Only the file-type bits (S_IFMT) are filled; permission bits stay 0.
        -:  911: * Returns 0 for DT_UNKNOWN (caller must fall back to stat).
        -:  912: */
    #####:  913:static mode_t dtype_to_mode(unsigned char d_type)
        -:  914:{
    #####:  915:    switch (d_type) {
        -:  916:    case DT_REG:  return S_IFREG;
        -:  917:    case DT_DIR:  return S_IFDIR;
        -:  918:    case DT_LNK:  return S_IFLNK;
        -:  919:    case DT_BLK:  return S_IFBLK;
        -:  920:    case DT_CHR:  return S_IFCHR;
        -:  921:    case DT_FIFO: return S_IFIFO;
        -:  922:    case DT_SOCK: return S_IFSOCK;
        -:  923:    default:      return 0;
        -:  924:    }
        -:  925:}
        -:  926:
    #####:  927:static void walk_dir(const char *path, int depth, walk_ctx_t *ctx)
        -:  928:{
    #####:  929:    find_args_t *fa = ctx->fa;
        -:  930:
    #####:  931:    DIR *dir = opendir(path);
    #####:  932:    if (!dir) {
    #####:  933:        err_sys("find", "'%s'", path);
    #####:  934:        ctx->ret = 1;
    #####:  935:        return;
        -:  936:    }
        -:  937:
        -:  938:    struct dirent *ent;
    #####:  939:    while ((ent = readdir(dir)) != NULL) {
    #####:  940:        if (strcmp(ent->d_name, ".") == 0 || strcmp(ent->d_name, "..") == 0)
    #####:  941:            continue;
        -:  942:
    #####:  943:        char child[PATH_MAX];
    #####:  944:        if (!path_join(path, ent->d_name, child)) {
    #####:  945:            err_msg("find", "path too long: %s/%s", path, ent->d_name);
    #####:  946:            ctx->ret = 1;
    #####:  947:            continue;
        -:  948:        }
        -:  949:
    #####:  950:        struct stat st;
        -:  951:
        -:  952:        /*
        -:  953:         * d_type optimisation (O-12):
        -:  954:         * When the expression only needs file type (statx_mask has nothing
        -:  955:         * beyond STATX_TYPE|STATX_MODE) and we are not following symlinks,
        -:  956:         * use d_type from readdir() directly — skipping the statx() syscall
        -:  957:         * entirely.  Only fall back to do_stat() when:
        -:  958:         *   - d_type == DT_UNKNOWN (filesystem doesn't provide it), or
        -:  959:         *   - entry is a symlink and -L is active (need to stat the target), or
        -:  960:         *   - the predicate tree requires more stat fields.
        -:  961:         */
    #####:  962:        if (ctx->d_type_sufficient &&
    #####:  963:            ent->d_type != DT_UNKNOWN &&
    #####:  964:            !(fa->follow_symlinks && ent->d_type == DT_LNK)) {
    #####:  965:            mode_t m = dtype_to_mode(ent->d_type);
    #####:  966:            if (m != 0) {
    #####:  967:                memset(&st, 0, sizeof(st));
    #####:  968:                st.st_mode = m;
    #####:  969:                process_entry(child, &st, depth, ctx);
    #####:  970:                continue;
        -:  971:            }
        -:  972:        }
        -:  973:
    #####:  974:        if (do_stat(child, &st, fa->statx_mask, fa->follow_symlinks) != 0) {
    #####:  975:            err_sys("find", "'%s'", child);
    #####:  976:            ctx->ret = 1;
    #####:  977:            continue;
        -:  978:        }
        -:  979:
    #####:  980:        process_entry(child, &st, depth, ctx);
        -:  981:    }
        -:  982:
    #####:  983:    closedir(dir);
        -:  984:}
        -:  985:
        -:  986:/* ------------------------------------------------------------------ */
        -:  987:/* Main applet entry                                                  */
        -:  988:/* ------------------------------------------------------------------ */
        -:  989:
    #####:  990:int applet_find(int argc, char **argv)
        -:  991:{
    #####:  992:    find_args_t fa;
    #####:  993:    memset(&fa, 0, sizeof(fa));
    #####:  994:    fa.maxdepth = -1; /* unlimited */
    #####:  995:    fa.mindepth = 0;
        -:  996:
        -:  997:    /* Collect start paths and locate start of expression */
    #####:  998:    int i = 1;
    #####:  999:    int n_starts = 0;
    #####: 1000:    char *starts[256];
        -: 1001:
        -: 1002:    /* Paths come before any expression primaries (which start with '-', '(', '!') */
    #####: 1003:    while (i < argc) {
    #####: 1004:        const char *a = argv[i];
    #####: 1005:        if (a[0] == '-' || strcmp(a, "(") == 0 || strcmp(a, "!") == 0)
        -: 1006:            break;
    #####: 1007:        if (n_starts < 256)
    #####: 1008:            starts[n_starts++] = argv[i];
    #####: 1009:        i++;
        -: 1010:    }
        -: 1011:
        -: 1012:    /* Handle -L/-H/-P symlink flags that may appear before paths */
        -: 1013:    /* Re-scan argv[1..] for -L etc. before we set up fa */
    #####: 1014:    for (int k = 1; k < argc; k++) {
    #####: 1015:        if (strcmp(argv[k], "-L") == 0) { fa.follow_symlinks = 1; }
    #####: 1016:        else if (strcmp(argv[k], "-H") == 0) { fa.follow_symlinks = 0; }
    #####: 1017:        else if (strcmp(argv[k], "-P") == 0) { fa.follow_symlinks = 0; }
        -: 1018:        else break;
        -: 1019:    }
        -: 1020:
        -: 1021:    /* Default start: current directory */
    #####: 1022:    if (n_starts == 0) {
    #####: 1023:        starts[0] = (char *)".";
    #####: 1024:        n_starts = 1;
        -: 1025:    }
        -: 1026:
        -: 1027:    /* Parse expression from remaining argv */
    #####: 1028:    fa.argv = argv;
    #####: 1029:    fa.argc = argc;
    #####: 1030:    fa.pos  = i;
        -: 1031:
    #####: 1032:    expr_node_t *expr = NULL;
    #####: 1033:    if (fa.pos < fa.argc) {
    #####: 1034:        expr = parse_expr(&fa);
    #####: 1035:        if (!expr) {
        -: 1036:            return 1;
        -: 1037:        }
        -: 1038:    }
        -: 1039:
        -: 1040:    /* Add default -print action if no action specified */
        -: 1041:    /* (handled in process_entry) */
        -: 1042:
        -: 1043:    /* O-11: compute minimal statx mask from predicate tree */
    #####: 1044:    fa.statx_mask = compute_needed_mask(expr);
        -: 1045:
    #####: 1046:    walk_ctx_t ctx;
    #####: 1047:    ctx.expr = expr;
    #####: 1048:    ctx.fa   = &fa;
    #####: 1049:    ctx.ret  = 0;
        -: 1050:    /*
        -: 1051:     * O-12: d_type optimisation.
        -: 1052:     * When the predicate tree only needs type/mode (no size, mtime, uid…)
        -: 1053:     * and we are not following symlinks, readdir()'s d_type field lets us
        -: 1054:     * skip the statx() syscall for most entries.
        -: 1055:     */
    #####: 1056:    ctx.d_type_sufficient =
    #####: 1057:        (!fa.follow_symlinks) &&
        -: 1058:        ((fa.statx_mask & ~(STATX_TYPE | STATX_MODE)) == 0);
        -: 1059:
    #####: 1060:    for (int j = 0; j < n_starts; j++) {
    #####: 1061:        const char *start = starts[j];
    #####: 1062:        struct stat st;
    #####: 1063:        int r = do_stat(start, &st, fa.statx_mask, fa.follow_symlinks);
    #####: 1064:        if (r != 0) {
    #####: 1065:            err_sys("find", "'%s'", start);
    #####: 1066:            ctx.ret = 1;
    #####: 1067:            continue;
        -: 1068:        }
        -: 1069:        /* Process the start point itself at depth 0 */
    #####: 1070:        process_entry(start, &st, 0, &ctx);
        -: 1071:    }
        -: 1072:
    #####: 1073:    node_free(expr);
    #####: 1074:    return ctx.ret;
        -: 1075:}
