        -:    0:Source:src/core/ln.c
        -:    1:/* ln.c — ln builtin: create hard or symbolic links */
        -:    2:
        -:    3:#ifndef _POSIX_C_SOURCE
        -:    4:#define _POSIX_C_SOURCE 200809L
        -:    5:#endif
        -:    6:
        -:    7:#include "../util/error.h"
        -:    8:#include "../util/path.h"
        -:    9:#include "../util/strbuf.h"
        -:   10:
        -:   11:#include <errno.h>
        -:   12:#include <limits.h>
        -:   13:#include <stdio.h>
        -:   14:#include <stdlib.h>
        -:   15:#include <string.h>
        -:   16:#include <sys/stat.h>
        -:   17:#include <unistd.h>
        -:   18:
        -:   19:struct ln_opts {
        -:   20:    int symbolic;      /* -s */
        -:   21:    int force;         /* -f */
        -:   22:    int verbose;       /* -v */
        -:   23:    int no_deref;      /* -n: treat dst symlink as file, not as directory */
        -:   24:    int relative;      /* -r */
        -:   25:    int no_target;     /* -T */
        -:   26:};
        -:   27:
        -:   28:/* -------------------------------------------------------------------------
        -:   29: * compute_relative_path
        -:   30: *
        -:   31: * Compute the relative path from `from_dir` to `target`, such that
        -:   32: * `from_dir/<result>` resolves to `target`.
        -:   33: *
        -:   34: * Both paths should be absolute (or at minimum consistent).
        -:   35: * The result is written into `out` (PATH_MAX bytes).
        -:   36: * Returns out on success, NULL on overflow.
        -:   37: * ------------------------------------------------------------------------- */
    #####:   38:static char *compute_relative_path(const char *from_dir, const char *target,
        -:   39:                                   char out[PATH_MAX])
        -:   40:{
        -:   41:    /*
        -:   42:     * Algorithm:
        -:   43:     * 1. Find the longest common prefix (at a '/' boundary).
        -:   44:     * 2. Count how many components remain in from_dir after the common prefix
        -:   45:     *    -> that many "../" prefixes are needed.
        -:   46:     * 3. Append the remaining components of target after the common prefix.
        -:   47:     */
        -:   48:
        -:   49:    /* Work with copies so we can tokenise */
        -:   50:    char fd_buf[PATH_MAX];
        -:   51:    char tg_buf[PATH_MAX];
        -:   52:
    #####:   53:    size_t fdlen = strlen(from_dir);
    #####:   54:    size_t tglen = strlen(target);
        -:   55:
    #####:   56:    if (fdlen >= PATH_MAX || tglen >= PATH_MAX) {
    #####:   57:        err_msg("ln", "path too long computing relative path");
    #####:   58:        return NULL;
        -:   59:    }
        -:   60:
    #####:   61:    memcpy(fd_buf, from_dir, fdlen + 1);
    #####:   62:    memcpy(tg_buf, target,   tglen + 1);
        -:   63:
        -:   64:    /* Tokenise both paths into components */
        -:   65:    char *fd_parts[PATH_MAX / 2];
        -:   66:    char *tg_parts[PATH_MAX / 2];
    #####:   67:    int   fd_n = 0, tg_n = 0;
        -:   68:
        -:   69:    /* Parse from_dir */
    #####:   70:    for (char *tok = fd_buf; ; ) {
    #####:   71:        char *slash = strchr(tok, '/');
    #####:   72:        if (slash) *slash = '\0';
    #####:   73:        if (*tok != '\0') {
    #####:   74:            if (fd_n >= (int)(PATH_MAX / 2) - 1) {
    #####:   75:                err_msg("ln", "too many path components");
    #####:   76:                return NULL;
        -:   77:            }
    #####:   78:            fd_parts[fd_n++] = tok;
        -:   79:        }
    #####:   80:        if (!slash) break;
    #####:   81:        tok = slash + 1;
        -:   82:    }
        -:   83:
        -:   84:    /* Parse target */
    #####:   85:    for (char *tok = tg_buf; ; ) {
    #####:   86:        char *slash = strchr(tok, '/');
    #####:   87:        if (slash) *slash = '\0';
    #####:   88:        if (*tok != '\0') {
    #####:   89:            if (tg_n >= (int)(PATH_MAX / 2) - 1) {
    #####:   90:                err_msg("ln", "too many path components");
    #####:   91:                return NULL;
        -:   92:            }
    #####:   93:            tg_parts[tg_n++] = tok;
        -:   94:        }
    #####:   95:        if (!slash) break;
    #####:   96:        tok = slash + 1;
        -:   97:    }
        -:   98:
        -:   99:    /* Find common prefix length */
    #####:  100:    int common = 0;
    #####:  101:    int limit = (fd_n < tg_n) ? fd_n : tg_n;
    #####:  102:    while (common < limit && strcmp(fd_parts[common], tg_parts[common]) == 0)
    #####:  103:        common++;
        -:  104:
        -:  105:    /* Build the relative path using a strbuf */
        -:  106:    strbuf_t sb;
    #####:  107:    if (sb_init(&sb, PATH_MAX) < 0) {
    #####:  108:        err_msg("ln", "out of memory");
    #####:  109:        return NULL;
        -:  110:    }
        -:  111:
        -:  112:    /* One "../" for each remaining component in from_dir */
    #####:  113:    int ups = fd_n - common;
    #####:  114:    for (int k = 0; k < ups; k++) {
    #####:  115:        if (sb_append(&sb, "../") < 0) {
    #####:  116:            sb_free(&sb);
    #####:  117:            err_msg("ln", "path too long computing relative path");
    #####:  118:            return NULL;
        -:  119:        }
        -:  120:    }
        -:  121:
        -:  122:    /* Append remaining components of target */
    #####:  123:    for (int k = common; k < tg_n; k++) {
    #####:  124:        if (k > common) {
    #####:  125:            if (sb_appendc(&sb, '/') < 0) {
    #####:  126:                sb_free(&sb);
    #####:  127:                err_msg("ln", "path too long computing relative path");
    #####:  128:                return NULL;
        -:  129:            }
        -:  130:        }
    #####:  131:        if (sb_append(&sb, tg_parts[k]) < 0) {
    #####:  132:            sb_free(&sb);
    #####:  133:            err_msg("ln", "path too long computing relative path");
    #####:  134:            return NULL;
        -:  135:        }
        -:  136:    }
        -:  137:
        -:  138:    /* If empty (same directory), use the basename of target */
    #####:  139:    if (sb_len(&sb) == 0) {
    #####:  140:        if (sb_append(&sb, path_basename(target)) < 0) {
    #####:  141:            sb_free(&sb);
    #####:  142:            err_msg("ln", "path too long computing relative path");
    #####:  143:            return NULL;
        -:  144:        }
        -:  145:    }
        -:  146:
    #####:  147:    if (sb_len(&sb) >= PATH_MAX) {
    #####:  148:        sb_free(&sb);
    #####:  149:        err_msg("ln", "relative path too long");
    #####:  150:        return NULL;
        -:  151:    }
        -:  152:
    #####:  153:    memcpy(out, sb_str(&sb), sb_len(&sb) + 1);
    #####:  154:    sb_free(&sb);
    #####:  155:    return out;
        -:  156:}
        -:  157:
        -:  158:/* -------------------------------------------------------------------------
        -:  159: * do_ln: create a link from src (or link_target for symlinks) to dst.
        -:  160: *
        -:  161: * For symlinks:
        -:  162: *   - If -r, compute relative path from dirname(dst) to src and use that.
        -:  163: *   - Otherwise use src literally as the symlink target.
        -:  164: * For hard links:
        -:  165: *   - link(src, dst)
        -:  166: *
        -:  167: * Returns 0 on success, 1 on error.
        -:  168: * ------------------------------------------------------------------------- */
    #####:  169:static int do_ln(const char *src, const char *dst, const struct ln_opts *opts)
        -:  170:{
        -:  171:    /* -f: remove dst if it exists */
    #####:  172:    if (opts->force) {
        -:  173:        /*
        -:  174:         * Determine whether dst is an existing symlink or file.
        -:  175:         * With -n, a symlink at dst is treated as a file (not a directory
        -:  176:         * to enter).  In either case we want to unlink it.
        -:  177:         */
        -:  178:        struct stat dst_st;
    #####:  179:        if (lstat(dst, &dst_st) == 0) {
    #####:  180:            if (unlink(dst) != 0) {
    #####:  181:                err_sys("ln", "cannot remove '%s'", dst);
    #####:  182:                return 1;
        -:  183:            }
        -:  184:        }
        -:  185:    }
        -:  186:
        -:  187:    int rc;
        -:  188:
    #####:  189:    if (opts->symbolic) {
        -:  190:        const char *link_target;
        -:  191:        char rel_buf[PATH_MAX];
        -:  192:
    #####:  193:        if (opts->relative) {
        -:  194:            /* Compute relative symlink target */
        -:  195:            char dst_dir[PATH_MAX];
    #####:  196:            path_dirname(dst, dst_dir);
        -:  197:
        -:  198:            /* Canonicalize dst_dir so we can do proper relative computation */
        -:  199:            char dst_dir_abs[PATH_MAX];
        -:  200:            char src_abs[PATH_MAX];
        -:  201:
        -:  202:            /* If paths are already absolute use them; otherwise resolve */
    #####:  203:            if (src[0] == '/') {
    #####:  204:                if (strlen(src) >= PATH_MAX) {
    #####:  205:                    err_msg("ln", "path too long");
    #####:  206:                    return 1;
        -:  207:                }
    #####:  208:                memcpy(src_abs, src, strlen(src) + 1);
        -:  209:            } else {
        -:  210:                /* Make src absolute relative to cwd */
    #####:  211:                if (getcwd(src_abs, sizeof(src_abs)) == NULL) {
    #####:  212:                    err_sys("ln", "cannot get working directory");
    #####:  213:                    return 1;
        -:  214:                }
        -:  215:                char joined[PATH_MAX];
    #####:  216:                if (!path_join(src_abs, src, joined)) {
    #####:  217:                    err_msg("ln", "path too long");
    #####:  218:                    return 1;
        -:  219:                }
    #####:  220:                memcpy(src_abs, joined, strlen(joined) + 1);
        -:  221:            }
        -:  222:
    #####:  223:            if (dst_dir[0] == '/') {
    #####:  224:                if (strlen(dst_dir) >= PATH_MAX) {
    #####:  225:                    err_msg("ln", "path too long");
    #####:  226:                    return 1;
        -:  227:                }
    #####:  228:                memcpy(dst_dir_abs, dst_dir, strlen(dst_dir) + 1);
        -:  229:            } else {
    #####:  230:                if (getcwd(dst_dir_abs, sizeof(dst_dir_abs)) == NULL) {
    #####:  231:                    err_sys("ln", "cannot get working directory");
    #####:  232:                    return 1;
        -:  233:                }
        -:  234:                char joined[PATH_MAX];
    #####:  235:                if (!path_join(dst_dir_abs, dst_dir, joined)) {
    #####:  236:                    err_msg("ln", "path too long");
    #####:  237:                    return 1;
        -:  238:                }
    #####:  239:                memcpy(dst_dir_abs, joined, strlen(joined) + 1);
        -:  240:            }
        -:  241:
    #####:  242:            if (!compute_relative_path(dst_dir_abs, src_abs, rel_buf))
    #####:  243:                return 1;
    #####:  244:            link_target = rel_buf;
        -:  245:        } else {
    #####:  246:            link_target = src;
        -:  247:        }
        -:  248:
    #####:  249:        rc = symlink(link_target, dst);
    #####:  250:        if (rc != 0) {
    #####:  251:            err_sys("ln", "cannot create symlink '%s' -> '%s'", dst, link_target);
    #####:  252:            return 1;
        -:  253:        }
        -:  254:
    #####:  255:        if (opts->verbose)
    #####:  256:            printf("'%s' -> '%s'\n", dst, link_target);
        -:  257:    } else {
        -:  258:        /* Hard link */
    #####:  259:        rc = link(src, dst);
    #####:  260:        if (rc != 0) {
    #####:  261:            err_sys("ln", "cannot create hard link '%s' -> '%s'", dst, src);
    #####:  262:            return 1;
        -:  263:        }
        -:  264:
    #####:  265:        if (opts->verbose)
    #####:  266:            printf("'%s' => '%s'\n", dst, src);
        -:  267:    }
        -:  268:
    #####:  269:    return 0;
        -:  270:}
        -:  271:
        -:  272:/* -------------------------------------------------------------------------
        -:  273: * resolve_link_dest
        -:  274: *
        -:  275: * Determine the actual path at which to create the link for source `src`
        -:  276: * given destination `dst`.
        -:  277: *
        -:  278: * Rules:
        -:  279: *   - If -T: use dst as-is.
        -:  280: *   - If dst is an existing directory (and not -n treating it as file):
        -:  281: *       append basename(src).
        -:  282: *   - Otherwise: use dst as-is.
        -:  283: *
        -:  284: * result must be PATH_MAX bytes.
        -:  285: * Returns result on success, NULL on overflow.
        -:  286: * ------------------------------------------------------------------------- */
    #####:  287:static char *resolve_link_dest(const char *src, const char *dst,
        -:  288:                                int no_target, int no_deref,
        -:  289:                                char result[PATH_MAX])
        -:  290:{
    #####:  291:    if (no_target) {
    #####:  292:        size_t dlen = strlen(dst);
    #####:  293:        if (dlen >= PATH_MAX) return NULL;
    #####:  294:        memcpy(result, dst, dlen + 1);
    #####:  295:        return result;
        -:  296:    }
        -:  297:
        -:  298:    struct stat dst_st;
    #####:  299:    int dst_is_dir = 0;
        -:  300:
    #####:  301:    if (!no_deref) {
        -:  302:        /* Normal: follow symlink at dst to check if it's a directory */
    #####:  303:        if (stat(dst, &dst_st) == 0 && S_ISDIR(dst_st.st_mode))
    #####:  304:            dst_is_dir = 1;
        -:  305:    } else {
        -:  306:        /* -n: treat a symlink at dst as a regular file, not a directory.
        -:  307:         * Use lstat; if it's a symlink we don't enter it.  If it's a
        -:  308:         * real directory (not a symlink to a dir), we still enter it. */
    #####:  309:        if (lstat(dst, &dst_st) == 0 &&
    #####:  310:            S_ISDIR(dst_st.st_mode) &&
    #####:  311:            !S_ISLNK(dst_st.st_mode))
    #####:  312:            dst_is_dir = 1;
        -:  313:    }
        -:  314:
    #####:  315:    if (dst_is_dir) {
    #####:  316:        const char *base = path_basename(src);
    #####:  317:        if (!path_join(dst, base, result))
    #####:  318:            return NULL;
    #####:  319:        return result;
        -:  320:    }
        -:  321:
    #####:  322:    size_t dlen = strlen(dst);
    #####:  323:    if (dlen >= PATH_MAX) return NULL;
    #####:  324:    memcpy(result, dst, dlen + 1);
    #####:  325:    return result;
        -:  326:}
        -:  327:
        -:  328:/* -------------------------------------------------------------------------
        -:  329: * applet_ln
        -:  330: * ------------------------------------------------------------------------- */
    #####:  331:int applet_ln(int argc, char **argv)
        -:  332:{
    #####:  333:    struct ln_opts opts = {0};
    #####:  334:    int ret = 0;
        -:  335:    int i;
        -:  336:
    #####:  337:    for (i = 1; i < argc; i++) {
    #####:  338:        const char *arg = argv[i];
        -:  339:
    #####:  340:        if (strcmp(arg, "--") == 0) { i++; break; }
        -:  341:
    #####:  342:        if (arg[0] != '-' || arg[1] == '\0')
        -:  343:            break;
        -:  344:
        -:  345:        /* Long options */
    #####:  346:        if (strcmp(arg, "--symbolic") == 0)          { opts.symbolic = 1;  continue; }
    #####:  347:        if (strcmp(arg, "--force") == 0)              { opts.force = 1;     continue; }
    #####:  348:        if (strcmp(arg, "--verbose") == 0)            { opts.verbose = 1;   continue; }
    #####:  349:        if (strcmp(arg, "--no-dereference") == 0)     { opts.no_deref = 1;  continue; }
    #####:  350:        if (strcmp(arg, "--relative") == 0)           { opts.relative = 1;  continue; }
    #####:  351:        if (strcmp(arg, "--no-target-directory") == 0){ opts.no_target = 1; continue; }
        -:  352:
        -:  353:        /* Short flags */
    #####:  354:        const char *p = arg + 1;
    #####:  355:        while (*p) {
    #####:  356:            switch (*p) {
    #####:  357:            case 's': opts.symbolic = 1;  break;
    #####:  358:            case 'f': opts.force    = 1;  break;
    #####:  359:            case 'v': opts.verbose  = 1;  break;
    #####:  360:            case 'n': opts.no_deref = 1;  break;
    #####:  361:            case 'r': opts.relative = 1;  break;
    #####:  362:            case 'T': opts.no_target = 1; break;
    #####:  363:            default:
    #####:  364:                err_msg("ln", "unrecognized option '-%c'", *p);
    #####:  365:                err_usage("ln", "[-sfvnrT] TARGET LINK_NAME");
    #####:  366:                return 1;
        -:  367:            }
    #####:  368:            p++;
        -:  369:        }
        -:  370:    }
        -:  371:
    #####:  372:    int noperands = argc - i;
    #####:  373:    if (noperands < 2) {
    #####:  374:        err_usage("ln", "[-sfvnrT] TARGET... LINK_NAME");
    #####:  375:        return 1;
        -:  376:    }
        -:  377:
    #####:  378:    const char *dst = argv[argc - 1];
    #####:  379:    int nsrc = noperands - 1;
        -:  380:
        -:  381:    /* Determine if dst is an existing directory */
        -:  382:    struct stat dst_st;
    #####:  383:    int dst_exists  = (lstat(dst, &dst_st) == 0);
    #####:  384:    int dst_is_real_dir = dst_exists && S_ISDIR(dst_st.st_mode)
    #####:  385:                          && !S_ISLNK(dst_st.st_mode);
        -:  386:
        -:  387:    /* Multiple sources require dst to be (or become) a directory */
    #####:  388:    if (nsrc > 1 && !dst_is_real_dir) {
    #####:  389:        if (dst_exists)
    #####:  390:            fprintf(stderr, "matchbox: ln: target '%s' is not a directory\n", dst);
        -:  391:        else
    #####:  392:            fprintf(stderr, "matchbox: ln: target directory '%s': "
        -:  393:                            "No such file or directory\n", dst);
    #####:  394:        return 1;
        -:  395:    }
        -:  396:
    #####:  397:    if (opts.no_target && dst_is_real_dir) {
    #####:  398:        fprintf(stderr, "matchbox: ln: cannot overwrite directory '%s'\n", dst);
    #####:  399:        return 1;
        -:  400:    }
        -:  401:
    #####:  402:    for (int j = i; j < argc - 1; j++) {
    #####:  403:        const char *src = argv[j];
        -:  404:        char real_dst[PATH_MAX];
        -:  405:
    #####:  406:        if (!resolve_link_dest(src, dst, opts.no_target, opts.no_deref,
        -:  407:                               real_dst)) {
    #####:  408:            err_msg("ln", "path too long");
    #####:  409:            ret = 1;
    #####:  410:            continue;
        -:  411:        }
        -:  412:
    #####:  413:        if (do_ln(src, real_dst, &opts) != 0)
    #####:  414:            ret = 1;
        -:  415:    }
        -:  416:
    #####:  417:    return ret;
        -:  418:}
