        -:    0:Source:src/util/regex/parse.c
        -:    1:/* parse.c — BRE/ERE → NFA via postfix/shunting-yard + Thompson construction
        -:    2: *
        -:    3: * Algorithm (Russ Cox method, regexp1.html):
        -:    4: *   1. Tokenize regex (handles BRE/ERE syntax differences)
        -:    5: *   2. Insert explicit concatenation operators
        -:    6: *   3. Convert infix → postfix (shunting-yard)
        -:    7: *   4. Build NFA fragments from postfix stack
        -:    8: *
        -:    9: * Result: a mb_prog (array of mb_instr) with entry at index 0.
        -:   10: * The Thompson simulator runs mb_prog directly.
        -:   11: *
        -:   12: * Pattern features supported:
        -:   13: *   Literals, . ^ $, [class], * + ?, | (ERE) / \| (BRE),
        -:   14: *   (...) / \(...\), \n \t etc., {n,m} approximate (1+), backrefs → POSIX.
        -:   15: */
        -:   16:
        -:   17:#ifndef _POSIX_C_SOURCE
        -:   18:#define _POSIX_C_SOURCE 200809L
        -:   19:#endif
        -:   20:
        -:   21:#include "regex_internal.h"
        -:   22:#include <ctype.h>
        -:   23:#include <string.h>
        -:   24:#include <stdio.h>
        -:   25:
        -:   26:/* ---- Tokens ---------------------------------------------------------------- */
        -:   27:
        -:   28:typedef enum {
        -:   29:    TOK_LITERAL,  /* a literal char or ICHAR */
        -:   30:    TOK_CLASS,    /* [...]  */
        -:   31:    TOK_DOT,      /* .      */
        -:   32:    TOK_BOL,      /* ^      */
        -:   33:    TOK_EOL,      /* $      */
        -:   34:    TOK_STAR,     /* *      */
        -:   35:    TOK_PLUS,     /* +      */
        -:   36:    TOK_QUEST,    /* ?      */
        -:   37:    TOK_PIPE,     /* |      */
        -:   38:    TOK_LPAREN,   /* (      */
        -:   39:    TOK_RPAREN,   /* )      */
        -:   40:    TOK_CONCAT,   /* synthetic concatenation operator */
        -:   41:} tok_t;
        -:   42:
        -:   43:typedef struct {
        -:   44:    tok_t        type;
        -:   45:    char         c;         /* for LITERAL */
        -:   46:    int          is_ichar;  /* 1 if case-insensitive char */
        -:   47:    mb_charclass cc;        /* for CLASS */
        -:   48:} token;
        -:   49:
        -:   50:#define MAX_TOKENS 8192
        -:   51:
        -:   52:/* ---- Tokenizer ------------------------------------------------------------- */
        -:   53:
        -:   54:typedef struct {
        -:   55:    const char  *p;
        -:   56:    const char  *end;
        -:   57:    int          ere;
        -:   58:    int          icase;
        -:   59:    int          flags;
        -:   60:    const char **errstr;
        -:   61:    token        buf[MAX_TOKENS];
        -:   62:    int          n;
        -:   63:    int          err;
        -:   64:} tokenizer_t;
        -:   65:
        8:   66:static int tok_push(tokenizer_t *t, token tok)
        -:   67:{
        8:   68:    if (t->n >= MAX_TOKENS) {
    #####:   69:        if (t->errstr) *t->errstr = "pattern too long";
    #####:   70:        t->err = 1;
    #####:   71:        return -1;
        -:   72:    }
        8:   73:    t->buf[t->n++] = tok;
        8:   74:    return 0;
        -:   75:}
        -:   76:
        -:   77:/* Consume a character class [...] starting after the '[' */
    #####:   78:static int tokenize_class(tokenizer_t *t)
        -:   79:{
    #####:   80:    const char *cls_start = t->p;
    #####:   81:    const char *p = t->p;
        -:   82:
        -:   83:    /* ']' and '^]' as first (after optional '^') are literal */
    #####:   84:    if (*p == '^') p++;
    #####:   85:    if (*p == ']') p++;
        -:   86:
        -:   87:    /* Scan for matching ] */
    #####:   88:    while (p < t->end && *p != ']') {
    #####:   89:        if (*p == '[' && (p[1] == ':' || p[1] == '.' || p[1] == '=')) {
        -:   90:            /* POSIX class/collating — find closing ]] */
    #####:   91:            char closer = p[1];
    #####:   92:            p += 2;
    #####:   93:            while (p < t->end && !(*p == closer && p[1] == ']')) p++;
    #####:   94:            if (p < t->end) p += 2;
    #####:   95:        } else if (*p == '\\' && p + 1 < t->end) {
    #####:   96:            p += 2;
        -:   97:        } else {
    #####:   98:            p++;
        -:   99:        }
        -:  100:    }
    #####:  101:    const char *cls_end = p;  /* points to ']' or end */
    #####:  102:    if (*p == ']') p++;
    #####:  103:    t->p = p;
        -:  104:
        -:  105:    token tok;
    #####:  106:    memset(&tok, 0, sizeof(tok));
    #####:  107:    tok.type = TOK_CLASS;
    #####:  108:    mb_charclass_parse(cls_start, cls_end, &tok.cc, t->flags);
    #####:  109:    return tok_push(t, tok);
        -:  110:}
        -:  111:
        -:  112:/* Main tokenizer: consume one logical token from t->p */
        8:  113:static int tokenize_one(tokenizer_t *t)
        -:  114:{
       8*:  115:    if (t->p >= t->end) return 0;
        -:  116:
        8:  117:    char c = *t->p++;
        -:  118:    token tok;
        8:  119:    memset(&tok, 0, sizeof(tok));
        -:  120:
        -:  121:    /* Escape sequence */
       8*:  122:    if (c == '\\' && t->p < t->end) {
    #####:  123:        char n = *t->p++;
    #####:  124:        if (!t->ere) {
        -:  125:            /* BRE metacharacters introduced by backslash */
    #####:  126:            if (n == '(') { tok.type = TOK_LPAREN; return tok_push(t, tok); }
    #####:  127:            if (n == ')') { tok.type = TOK_RPAREN; return tok_push(t, tok); }
    #####:  128:            if (n == '|') { tok.type = TOK_PIPE;   return tok_push(t, tok); }
    #####:  129:            if (n == '+') { tok.type = TOK_PLUS;   return tok_push(t, tok); }
    #####:  130:            if (n == '?') { tok.type = TOK_QUEST;  return tok_push(t, tok); }
    #####:  131:            if (n == '{') {
        -:  132:                /* BRE {n,m}: skip to \} and approximate as PLUS */
    #####:  133:                while (t->p + 1 < t->end && !(t->p[0] == '\\' && t->p[1] == '}'))
    #####:  134:                    t->p++;
    #####:  135:                if (t->p + 1 < t->end) t->p += 2;
    #####:  136:                tok.type = TOK_PLUS;
    #####:  137:                return tok_push(t, tok);
        -:  138:            }
        -:  139:        } else {
        -:  140:            /* ERE: \1-\9 are backreferences (caller should have used POSIX) */
    #####:  141:            if (n >= '1' && n <= '9') {
        -:  142:                /* Emit as literal (approximation — backref in SIMPLE class won't occur) */
    #####:  143:                tok.type     = TOK_LITERAL;
    #####:  144:                tok.c        = n;
    #####:  145:                tok.is_ichar = 0;
    #####:  146:                return tok_push(t, tok);
        -:  147:            }
        -:  148:        }
        -:  149:        /* Standard escapes */
        -:  150:        char lit;
    #####:  151:        switch (n) {
    #####:  152:        case 'n': lit = '\n'; break;
    #####:  153:        case 't': lit = '\t'; break;
    #####:  154:        case 'r': lit = '\r'; break;
    #####:  155:        case 'a': lit = '\a'; break;
    #####:  156:        case 'f': lit = '\f'; break;
    #####:  157:        case 'v': lit = '\v'; break;
    #####:  158:        default:  lit = n;   break;
        -:  159:        }
    #####:  160:        tok.type     = TOK_LITERAL;
    #####:  161:        tok.c        = t->icase ? (char)tolower((unsigned char)lit) : lit;
    #####:  162:        tok.is_ichar = t->icase;
    #####:  163:        return tok_push(t, tok);
        -:  164:    }
        -:  165:
        -:  166:    /* ERE metacharacters (unescaped) */
        8:  167:    if (t->ere) {
    #####:  168:        if (c == '(') { tok.type = TOK_LPAREN; return tok_push(t, tok); }
    #####:  169:        if (c == ')') { tok.type = TOK_RPAREN; return tok_push(t, tok); }
    #####:  170:        if (c == '|') { tok.type = TOK_PIPE;   return tok_push(t, tok); }
    #####:  171:        if (c == '+') { tok.type = TOK_PLUS;   return tok_push(t, tok); }
    #####:  172:        if (c == '?') { tok.type = TOK_QUEST;  return tok_push(t, tok); }
    #####:  173:        if (c == '{') {
        -:  174:            /* ERE {n,m}: skip to closing } and approximate as PLUS */
    #####:  175:            while (t->p < t->end && *t->p != '}') t->p++;
    #####:  176:            if (t->p < t->end) t->p++; /* consume } */
    #####:  177:            tok.type = TOK_PLUS;
    #####:  178:            return tok_push(t, tok);
        -:  179:        }
        -:  180:    }
        -:  181:
        -:  182:    /* BRE: * is metachar; + ? { are literal unless preceded by \ */
        8:  183:    if (!t->ere && c == '*') { tok.type = TOK_STAR; return tok_push(t, tok); }
        -:  184:
        -:  185:    /* Common metacharacters */
        6:  186:    if (c == '.') { tok.type = TOK_DOT; return tok_push(t, tok); }
       4*:  187:    if (c == '^') { tok.type = TOK_BOL; return tok_push(t, tok); }
       4*:  188:    if (c == '$') { tok.type = TOK_EOL; return tok_push(t, tok); }
       4*:  189:    if (t->ere && c == '*') { tok.type = TOK_STAR; return tok_push(t, tok); }
       4*:  190:    if (c == '[') return tokenize_class(t);
        -:  191:
        -:  192:    /* Literal */
        4:  193:    tok.type     = TOK_LITERAL;
       4*:  194:    tok.c        = t->icase ? (char)tolower((unsigned char)c) : c;
        4:  195:    tok.is_ichar = t->icase;
        4:  196:    return tok_push(t, tok);
        -:  197:}
        -:  198:
        -:  199:/* Full tokenization of the regex string */
        2:  200:static int tokenize(tokenizer_t *t, const char *pat, int flags,
        -:  201:                    const char **errstr)
        -:  202:{
        2:  203:    t->p      = pat;
        2:  204:    t->end    = pat + strlen(pat);
        2:  205:    t->ere    = (flags & MB_REG_ERE) != 0;
        2:  206:    t->icase  = (flags & MB_REG_ICASE) != 0;
        2:  207:    t->flags  = flags;
        2:  208:    t->errstr = errstr;
        2:  209:    t->n      = 0;
        2:  210:    t->err    = 0;
        -:  211:
       10:  212:    while (t->p < t->end && !t->err) {
        8:  213:        tokenize_one(t);
        -:  214:    }
       2*:  215:    return t->err ? -1 : 0;
        -:  216:}
        -:  217:
        -:  218:/* ---- Insert explicit concatenation operators ------------------------------ */
        -:  219:/*
        -:  220: * After an atom (LITERAL, CLASS, DOT, EOL) or a postfix op (STAR/PLUS/QUEST)
        -:  221: * or RPAREN, if the next token starts another atom or is LPAREN or BOL,
        -:  222: * insert a CONCAT between them.
        -:  223: */
        2:  224:static int insert_concat(token *in, int n_in, token *out, int *n_out)
        -:  225:{
        2:  226:    *n_out = 0;
        -:  227:
        8:  228:    for (int i = 0; i < n_in; i++) {
        8:  229:        out[(*n_out)++] = in[i];
       8*:  230:        if (*n_out > MAX_TOKENS - 2) return -1;
        -:  231:
        8:  232:        if (i + 1 >= n_in) break;
        -:  233:
       16:  234:        int left_atom = (in[i].type == TOK_LITERAL ||
        4:  235:                         in[i].type == TOK_CLASS   ||
        4:  236:                         in[i].type == TOK_DOT     ||
        2:  237:                         in[i].type == TOK_EOL     ||
        2:  238:                         in[i].type == TOK_RPAREN  ||
       2*:  239:                         in[i].type == TOK_STAR    ||
      10*:  240:                         in[i].type == TOK_PLUS    ||
    #####:  241:                         in[i].type == TOK_QUEST);
        -:  242:
       16:  243:        int right_atom = (in[i+1].type == TOK_LITERAL ||
        4:  244:                          in[i+1].type == TOK_CLASS   ||
        4:  245:                          in[i+1].type == TOK_DOT     ||
       12:  246:                          in[i+1].type == TOK_BOL     ||
        2:  247:                          in[i+1].type == TOK_LPAREN);
        -:  248:
        6:  249:        if (left_atom && right_atom) {
        -:  250:            token concat;
        4:  251:            memset(&concat, 0, sizeof(concat));
        4:  252:            concat.type = TOK_CONCAT;
        4:  253:            out[(*n_out)++] = concat;
        -:  254:        }
        -:  255:    }
        2:  256:    return 0;
        -:  257:}
        -:  258:
        -:  259:/* ---- Shunting-yard: infix → postfix --------------------------------------- */
        -:  260:/*
        -:  261: * Operator precedence (higher = tighter binding):
        -:  262: *   STAR/PLUS/QUEST: 3
        -:  263: *   CONCAT:          2
        -:  264: *   PIPE:            1
        -:  265: */
       20:  266:static int prec(tok_t t) {
       20:  267:    if (t == TOK_STAR || t == TOK_PLUS || t == TOK_QUEST) return 3;
       14:  268:    if (t == TOK_CONCAT) return 2;
    #####:  269:    if (t == TOK_PIPE)   return 1;
    #####:  270:    return 0;
        -:  271:}
        2:  272:static int is_left_assoc(tok_t t) { (void)t; return 1; }
        -:  273:
        2:  274:static int infix_to_postfix(token *in, int n_in, token *out, int *n_out,
        -:  275:                             const char **errstr)
        -:  276:{
        -:  277:    token op_stack[MAX_TOKENS];
        2:  278:    int   op_top = 0;
        2:  279:    *n_out = 0;
        -:  280:
       14:  281:    for (int i = 0; i < n_in; i++) {
       12:  282:        tok_t ty = in[i].type;
        -:  283:
       12:  284:        if (ty == TOK_LITERAL || ty == TOK_CLASS ||
        6:  285:            ty == TOK_DOT     || ty == TOK_BOL   || ty == TOK_EOL) {
        -:  286:            /* Operand: push to output */
       6*:  287:            if (*n_out >= MAX_TOKENS) { if (errstr) *errstr = "pattern too complex"; return -1; }
        6:  288:            out[(*n_out)++] = in[i];
        6:  289:        } else if (ty == TOK_STAR || ty == TOK_PLUS || ty == TOK_QUEST ||
    #####:  290:                   ty == TOK_CONCAT || ty == TOK_PIPE) {
        -:  291:            /* Operator: pop higher-or-equal precedence ops to output */
       10:  292:            while (op_top > 0) {
        6:  293:                tok_t top = op_stack[op_top - 1].type;
       12:  294:                if (top != TOK_LPAREN &&
       10:  295:                    (prec(top) > prec(ty) ||
        6:  296:                     (prec(top) == prec(ty) && is_left_assoc(ty)))) {
       4*:  297:                    if (*n_out >= MAX_TOKENS) { if (errstr) *errstr = "pattern too complex"; return -1; }
        4:  298:                    out[(*n_out)++] = op_stack[--op_top];
        -:  299:                } else break;
        -:  300:            }
       6*:  301:            if (op_top >= MAX_TOKENS) { if (errstr) *errstr = "pattern too complex"; return -1; }
        6:  302:            op_stack[op_top++] = in[i];
    #####:  303:        } else if (ty == TOK_LPAREN) {
    #####:  304:            if (op_top >= MAX_TOKENS) { if (errstr) *errstr = "pattern too complex"; return -1; }
    #####:  305:            op_stack[op_top++] = in[i];
    #####:  306:        } else if (ty == TOK_RPAREN) {
        -:  307:            /* Pop until LPAREN */
    #####:  308:            while (op_top > 0 && op_stack[op_top - 1].type != TOK_LPAREN) {
    #####:  309:                if (*n_out >= MAX_TOKENS) { if (errstr) *errstr = "pattern too complex"; return -1; }
    #####:  310:                out[(*n_out)++] = op_stack[--op_top];
        -:  311:            }
    #####:  312:            if (op_top == 0) { if (errstr) *errstr = "unmatched )"; return -1; }
    #####:  313:            op_top--; /* pop LPAREN */
        -:  314:        }
        -:  315:    }
        -:  316:
        -:  317:    /* Pop remaining operators */
        4:  318:    while (op_top > 0) {
        2:  319:        if (op_stack[op_top - 1].type == TOK_LPAREN) {
    #####:  320:            if (errstr) *errstr = "unmatched (";
    #####:  321:            return -1;
        -:  322:        }
       2*:  323:        if (*n_out >= MAX_TOKENS) { if (errstr) *errstr = "pattern too complex"; return -1; }
        2:  324:        out[(*n_out)++] = op_stack[--op_top];
        -:  325:    }
        2:  326:    return 0;
        -:  327:}
        -:  328:
        -:  329:/* ---- Fragment stack + Thompson NFA builder -------------------------------- */
        -:  330:
        -:  331:/* "Hole" = instruction index + which output field (0=x, 1=y) needs patching.
        -:  332: * Using dynamic allocation avoids stack overflow when the fragment stack
        -:  333: * is stored on the heap. */
        -:  334:typedef struct { int idx; int use_y; } hole_t;
        -:  335:
        -:  336:typedef struct {
        -:  337:    hole_t *holes;
        -:  338:    int     n;
        -:  339:    int     cap;
        -:  340:} hole_list;
        -:  341:
       10:  342:static void hl_init(hole_list *h) { h->holes = NULL; h->n = 0; h->cap = 0; }
        -:  343:
       12:  344:static void hl_free(hole_list *h) { free(h->holes); h->holes = NULL; h->n = h->cap = 0; }
        -:  345:
        8:  346:static int hl_push(hole_list *h, int idx, int use_y) {
        8:  347:    if (h->n >= h->cap) {
       8*:  348:        int nc = h->cap ? h->cap * 2 : 4;
        8:  349:        hole_t *tmp = realloc(h->holes, (size_t)nc * sizeof(hole_t));
       8*:  350:        if (!tmp) return -1;
        8:  351:        h->holes = tmp;
        8:  352:        h->cap   = nc;
        -:  353:    }
        8:  354:    h->holes[h->n].idx   = idx;
        8:  355:    h->holes[h->n].use_y = use_y;
        8:  356:    h->n++;
        8:  357:    return 0;
        -:  358:}
        -:  359:
        8:  360:static void hl_patch(mb_prog *prog, hole_list *h, int target) {
       16:  361:    for (int i = 0; i < h->n; i++) {
        8:  362:        if (h->holes[i].use_y)
        2:  363:            prog->instrs[h->holes[i].idx].y = target;
        -:  364:        else
        6:  365:            prog->instrs[h->holes[i].idx].x = target;
        -:  366:    }
        8:  367:}
        -:  368:
    #####:  369:static int hl_merge(hole_list *dst, hole_list *src) {
    #####:  370:    for (int i = 0; i < src->n; i++) {
    #####:  371:        if (hl_push(dst, src->holes[i].idx, src->holes[i].use_y) < 0)
    #####:  372:            return -1;
        -:  373:    }
    #####:  374:    return 0;
        -:  375:}
        -:  376:
        -:  377:/* Move src into dst (dst gets src's buffer, src is cleared) */
        4:  378:static void hl_move(hole_list *dst, hole_list *src) {
        4:  379:    hl_free(dst);
        4:  380:    *dst = *src;
        4:  381:    hl_init(src);
        4:  382:}
        -:  383:
        -:  384:typedef struct {
        -:  385:    int       start;   /* entry instruction index */
        -:  386:    hole_list out;     /* unpatched outputs */
        -:  387:    int       valid;
        -:  388:} frag;
        -:  389:
        -:  390:#define MAX_FSTACK 256
        -:  391:
        8:  392:static int emit1(mb_prog *prog, instr_type_t op, char c, int x, int y) {
        -:  393:    mb_instr in;
        8:  394:    memset(&in, 0, sizeof(in));
        8:  395:    in.op    = op;
        8:  396:    in.arg.c = c;
        8:  397:    in.x     = x;
        8:  398:    in.y     = y;
        8:  399:    return mb_prog_emit(prog, in);
        -:  400:}
        -:  401:
    #####:  402:static int emit_class_instr(mb_prog *prog, mb_charclass *cc) {
    #####:  403:    return mb_prog_emit_class(prog, cc, I_CLASS);
        -:  404:}
        -:  405:
        2:  406:static frag build_nfa(token *post, int n_post, mb_prog *prog,
        -:  407:                      const char **errstr)
        -:  408:{
        -:  409:    /* Allocate fragment stack on heap to avoid stack overflow
        -:  410:     * (each frag has a dynamic hole_list; MAX_FSTACK static frags ≈ safe) */
        2:  411:    frag *stack = calloc(MAX_FSTACK, sizeof(frag));
        2:  412:    if (!stack) {
    #####:  413:        if (errstr) *errstr = "out of memory";
    #####:  414:        frag bad; bad.valid = 0; hl_init(&bad.out); return bad;
        -:  415:    }
        2:  416:    int  stk = 0;
        -:  417:
        -:  418:#define PUSH(f) do { if (stk >= MAX_FSTACK) goto too_complex; stack[stk++] = (f); } while(0)
        -:  419:#define POP()   (stack[--stk])
        -:  420:#define PEEK()  (stack[stk-1])
        -:  421:
       14:  422:    for (int i = 0; i < n_post; i++) {
       12:  423:        token *tok = &post[i];
        -:  424:
       12:  425:        switch (tok->type) {
        4:  426:        case TOK_LITERAL: {
       4*:  427:            instr_type_t op = tok->is_ichar ? I_ICHAR : I_CHAR;
        4:  428:            int idx = emit1(prog, op, tok->c, -1, 0);
       4*:  429:            if (idx < 0) goto too_complex;
        4:  430:            frag f; f.valid = 1; f.start = idx;
        4:  431:            memset(&f.out, 0, sizeof(f.out));
        4:  432:            hl_push(&f.out, idx, 0);  /* x is the output hole */
       4*:  433:            PUSH(f);
        4:  434:            break;
        -:  435:        }
    #####:  436:        case TOK_CLASS: {
    #####:  437:            int idx = emit_class_instr(prog, (mb_charclass*)&tok->cc);
    #####:  438:            if (idx < 0) goto too_complex;
    #####:  439:            frag f; f.valid = 1; f.start = idx;
    #####:  440:            memset(&f.out, 0, sizeof(f.out));
    #####:  441:            hl_push(&f.out, idx, 0);
    #####:  442:            PUSH(f);
    #####:  443:            break;
        -:  444:        }
        2:  445:        case TOK_DOT: {
        2:  446:            int idx = emit1(prog, I_ANY, 0, -1, 0);
       2*:  447:            if (idx < 0) goto too_complex;
        2:  448:            frag f; f.valid = 1; f.start = idx;
        2:  449:            memset(&f.out, 0, sizeof(f.out));
        2:  450:            hl_push(&f.out, idx, 0);
       2*:  451:            PUSH(f);
        2:  452:            break;
        -:  453:        }
    #####:  454:        case TOK_BOL: {
    #####:  455:            int idx = emit1(prog, I_BOL, 0, -1, 0);
    #####:  456:            if (idx < 0) goto too_complex;
    #####:  457:            frag f; f.valid = 1; f.start = idx;
    #####:  458:            memset(&f.out, 0, sizeof(f.out));
    #####:  459:            hl_push(&f.out, idx, 0);
    #####:  460:            PUSH(f);
    #####:  461:            break;
        -:  462:        }
    #####:  463:        case TOK_EOL: {
    #####:  464:            int idx = emit1(prog, I_EOL, 0, -1, 0);
    #####:  465:            if (idx < 0) goto too_complex;
    #####:  466:            frag f; f.valid = 1; f.start = idx;
    #####:  467:            memset(&f.out, 0, sizeof(f.out));
    #####:  468:            hl_push(&f.out, idx, 0);
    #####:  469:            PUSH(f);
    #####:  470:            break;
        -:  471:        }
        4:  472:        case TOK_CONCAT: {
       4*:  473:            if (stk < 2) goto bad_pattern;
        4:  474:            frag e2 = POP();
        4:  475:            frag e1 = POP();
        -:  476:            /* Patch e1's outputs to e2.start, then free e1.out */
        4:  477:            hl_patch(prog, &e1.out, e2.start);
        4:  478:            hl_free(&e1.out);
        -:  479:            /* f.out = e2.out (transfer ownership) */
        4:  480:            frag f; f.valid = 1; f.start = e1.start;
        4:  481:            hl_init(&f.out); hl_move(&f.out, &e2.out);
       4*:  482:            PUSH(f);
        4:  483:            break;
        -:  484:        }
    #####:  485:        case TOK_PIPE: {
    #####:  486:            if (stk < 2) goto bad_pattern;
    #####:  487:            frag e2 = POP();
    #####:  488:            frag e1 = POP();
        -:  489:            /* Emit SPLIT(e1.start, e2.start) */
    #####:  490:            int idx = emit1(prog, I_SPLIT, 0, e1.start, e2.start);
    #####:  491:            if (idx < 0) { hl_free(&e1.out); hl_free(&e2.out); goto too_complex; }
    #####:  492:            frag f; f.valid = 1; f.start = idx;
    #####:  493:            hl_init(&f.out);
    #####:  494:            if (hl_merge(&f.out, &e1.out) < 0) {
    #####:  495:                hl_free(&e1.out); hl_free(&e2.out); hl_free(&f.out); goto too_complex;
        -:  496:            }
    #####:  497:            if (hl_merge(&f.out, &e2.out) < 0) {
    #####:  498:                hl_free(&e1.out); hl_free(&e2.out); hl_free(&f.out); goto too_complex;
        -:  499:            }
    #####:  500:            hl_free(&e1.out);
    #####:  501:            hl_free(&e2.out);
    #####:  502:            PUSH(f);
    #####:  503:            break;
        -:  504:        }
        2:  505:        case TOK_STAR: {
       2*:  506:            if (stk < 1) goto bad_pattern;
        2:  507:            frag e = POP();
        -:  508:            /* SPLIT(e.start, hole) */
        2:  509:            int idx = emit1(prog, I_SPLIT, 0, e.start, -1);
       2*:  510:            if (idx < 0) { hl_free(&e.out); goto too_complex; }
        -:  511:            /* Patch e's outputs back to SPLIT, then free */
        2:  512:            hl_patch(prog, &e.out, idx);
        2:  513:            hl_free(&e.out);
        2:  514:            frag f; f.valid = 1; f.start = idx;
        2:  515:            hl_init(&f.out);
        2:  516:            hl_push(&f.out, idx, 1);  /* split.y is the output hole */
       2*:  517:            PUSH(f);
        2:  518:            break;
        -:  519:        }
    #####:  520:        case TOK_PLUS: {
    #####:  521:            if (stk < 1) goto bad_pattern;
    #####:  522:            frag e = POP();
        -:  523:            /* SPLIT(e.start, hole) — entry remains e.start */
    #####:  524:            int idx = emit1(prog, I_SPLIT, 0, e.start, -1);
    #####:  525:            if (idx < 0) { hl_free(&e.out); goto too_complex; }
        -:  526:            /* Patch e's outputs to SPLIT, then free */
    #####:  527:            hl_patch(prog, &e.out, idx);
    #####:  528:            hl_free(&e.out);
    #####:  529:            frag f; f.valid = 1; f.start = e.start;
    #####:  530:            hl_init(&f.out);
    #####:  531:            hl_push(&f.out, idx, 1);  /* split.y is the output hole */
    #####:  532:            PUSH(f);
    #####:  533:            break;
        -:  534:        }
    #####:  535:        case TOK_QUEST: {
    #####:  536:            if (stk < 1) goto bad_pattern;
    #####:  537:            frag e = POP();
        -:  538:            /* SPLIT(e.start, hole) */
    #####:  539:            int idx = emit1(prog, I_SPLIT, 0, e.start, -1);
    #####:  540:            if (idx < 0) { hl_free(&e.out); goto too_complex; }
    #####:  541:            frag f; f.valid = 1; f.start = idx;
    #####:  542:            hl_init(&f.out);
    #####:  543:            hl_push(&f.out, idx, 1);  /* split.y = hole */
    #####:  544:            if (hl_merge(&f.out, &e.out) < 0) {
    #####:  545:                hl_free(&e.out); hl_free(&f.out); goto too_complex;
        -:  546:            }
    #####:  547:            hl_free(&e.out);
    #####:  548:            PUSH(f);
    #####:  549:            break;
        -:  550:        }
    #####:  551:        default:
    #####:  552:            goto bad_pattern;
        -:  553:        }
        -:  554:    }
        -:  555:
       2*:  556:    if (stk != 1) goto bad_pattern;
        -:  557:    {
        2:  558:        frag result = stack[0];
        2:  559:        free(stack);
        2:  560:        return result;
        -:  561:    }
        -:  562:
    #####:  563:too_complex:
    #####:  564:    if (errstr) *errstr = "pattern too complex";
    #####:  565:    for (int _i = 0; _i < stk; _i++) hl_free(&stack[_i].out);
    #####:  566:    free(stack);
    #####:  567:    { frag bad; bad.valid = 0; hl_init(&bad.out); return bad; }
    #####:  568:bad_pattern:
    #####:  569:    if (errstr) *errstr = "invalid pattern";
    #####:  570:    for (int _i = 0; _i < stk; _i++) hl_free(&stack[_i].out);
    #####:  571:    free(stack);
    #####:  572:    { frag bad; bad.valid = 0; hl_init(&bad.out); return bad; }
        -:  573:
        -:  574:#undef PUSH
        -:  575:#undef POP
        -:  576:#undef PEEK
        -:  577:}
        -:  578:
        -:  579:/* ---- Public entry point --------------------------------------------------- */
        -:  580:
        2:  581:int mb_parse(const char *pat, int flags, mb_prog *prog,
        -:  582:             const char **errstr)
        -:  583:{
        2:  584:    if (errstr) *errstr = NULL;
        -:  585:
        -:  586:    /* Handle empty pattern: emit MATCH at 0 */
        2:  587:    if (!pat || *pat == '\0') {
    #####:  588:        mb_instr in; memset(&in, 0, sizeof(in));
    #####:  589:        in.op = I_MATCH;
    #####:  590:        if (mb_prog_emit(prog, in) < 0) {
    #####:  591:            if (errstr) *errstr = "out of memory";
    #####:  592:            return -1;
        -:  593:        }
    #####:  594:        return 0;
        -:  595:    }
        -:  596:
        -:  597:    /* Step 1: tokenize */
        -:  598:    tokenizer_t tok;
        2:  599:    memset(&tok, 0, sizeof(tok));
        2:  600:    if (tokenize(&tok, pat, flags, errstr) < 0)
    #####:  601:        return -1;
        -:  602:
        2:  603:    if (tok.n == 0) {
        -:  604:        /* Empty token stream after parsing — emit MATCH */
    #####:  605:        mb_instr in; memset(&in, 0, sizeof(in));
    #####:  606:        in.op = I_MATCH;
    #####:  607:        mb_prog_emit(prog, in);
    #####:  608:        return 0;
        -:  609:    }
        -:  610:
        -:  611:    /* Step 2: insert explicit concatenation operators */
        2:  612:    token *with_concat = malloc((size_t)(tok.n * 2 + 1) * sizeof(token));
        2:  613:    if (!with_concat) {
    #####:  614:        if (errstr) *errstr = "out of memory";
    #####:  615:        return -1;
        -:  616:    }
        -:  617:    int n_concat;
        2:  618:    if (insert_concat(tok.buf, tok.n, with_concat, &n_concat) < 0) {
    #####:  619:        free(with_concat);
    #####:  620:        if (errstr) *errstr = "pattern too complex";
    #####:  621:        return -1;
        -:  622:    }
        -:  623:
        -:  624:    /* Step 3: infix → postfix */
        2:  625:    token *postfix = malloc((size_t)(n_concat + 1) * sizeof(token));
        2:  626:    if (!postfix) {
    #####:  627:        free(with_concat);
    #####:  628:        if (errstr) *errstr = "out of memory";
    #####:  629:        return -1;
        -:  630:    }
        -:  631:    int n_postfix;
        2:  632:    if (infix_to_postfix(with_concat, n_concat, postfix, &n_postfix, errstr) < 0) {
    #####:  633:        free(with_concat);
    #####:  634:        free(postfix);
    #####:  635:        return -1;
        -:  636:    }
        2:  637:    free(with_concat);
        -:  638:
        -:  639:    /* Step 4: build NFA from postfix */
        2:  640:    frag e = build_nfa(postfix, n_postfix, prog, errstr);
        2:  641:    free(postfix);
        -:  642:
        2:  643:    if (!e.valid)
    #####:  644:        return -1;
        -:  645:
        -:  646:    /* Emit MATCH and patch all output holes to it */
        2:  647:    mb_instr match_in; memset(&match_in, 0, sizeof(match_in));
        2:  648:    match_in.op = I_MATCH;
        2:  649:    int match_idx = mb_prog_emit(prog, match_in);
        2:  650:    if (match_idx < 0) {
    #####:  651:        if (errstr) *errstr = "pattern too complex";
    #####:  652:        return -1;
        -:  653:    }
        2:  654:    hl_patch(prog, &e.out, match_idx);
        2:  655:    hl_free(&e.out);
        -:  656:
        -:  657:    /* The entry point is e.start. If e.start != 0, prepend a JUMP.
        -:  658:     * This ensures callers can always start execution at prog->instrs[0]. */
        2:  659:    if (e.start != 0) {
        -:  660:        /* Grow program by 1 at front */
    #####:  661:        if (prog->len >= MB_MAX_INSTRS) {
    #####:  662:            if (errstr) *errstr = "pattern too complex";
    #####:  663:            return -1;
        -:  664:        }
    #####:  665:        if (prog->len >= prog->cap) {
    #####:  666:            int nc = prog->cap + 1;
    #####:  667:            mb_instr *tmp = realloc(prog->instrs, (size_t)nc * sizeof(mb_instr));
    #####:  668:            if (!tmp) { if (errstr) *errstr = "out of memory"; return -1; }
    #####:  669:            prog->instrs = tmp;
    #####:  670:            prog->cap    = nc;
        -:  671:        }
    #####:  672:        memmove(&prog->instrs[1], &prog->instrs[0],
    #####:  673:                (size_t)prog->len * sizeof(mb_instr));
    #####:  674:        prog->len++;
        -:  675:
        -:  676:        /* Fix all indices that were >= 0 */
    #####:  677:        for (int i = 1; i < prog->len; i++) {
    #####:  678:            mb_instr *in = &prog->instrs[i];
    #####:  679:            if (in->op == I_SPLIT) {
    #####:  680:                if (in->x >= 0) in->x++;
    #####:  681:                if (in->y >= 0) in->y++;
    #####:  682:            } else if (in->op == I_JUMP) {
    #####:  683:                if (in->x >= 0) in->x++;
        -:  684:            } else {
        -:  685:                /* CHAR/CLASS/ANY/BOL/EOL: x is the output (next state) */
    #####:  686:                if (in->x >= 0) in->x++;
        -:  687:            }
        -:  688:        }
        -:  689:
        -:  690:        /* instrs[0] = JUMP to e.start+1 */
    #####:  691:        mb_instr jmp; memset(&jmp, 0, sizeof(jmp));
    #####:  692:        jmp.op = I_JUMP;
    #####:  693:        jmp.x  = e.start + 1;
    #####:  694:        prog->instrs[0] = jmp;
        -:  695:    }
        -:  696:
        2:  697:    return 0;
        -:  698:}
