        -:    0:Source:src/util/path.c
        -:    1:/* path.c — path canonicalisation and validation utilities */
        -:    2:
        -:    3:#ifndef _POSIX_C_SOURCE
        -:    4:#define _POSIX_C_SOURCE 200809L
        -:    5:#endif
        -:    6:
        -:    7:#include "path.h"
        -:    8:
        -:    9:#include <limits.h>
        -:   10:#include <stdlib.h>
        -:   11:#include <string.h>
        -:   12:
       13:   13:char *path_canon(const char *path, char dst[PATH_MAX])
        -:   14:{
       13:   15:    return realpath(path, dst);
        -:   16:}
        -:   17:
        -:   18:/*
        -:   19: * path_normalize: lexically resolve "." and ".." without requiring
        -:   20: * the path to exist.  Handles both absolute and relative paths.
        -:   21: */
    #####:   22:char *path_normalize(const char *path, char dst[PATH_MAX])
        -:   23:{
        -:   24:    char tmp[PATH_MAX];
    #####:   25:    const char *src = path;
    #####:   26:    char *out = tmp;
    #####:   27:    char *end = tmp + PATH_MAX - 1;
        -:   28:
        -:   29:    /* Handle absolute paths */
    #####:   30:    if (*src == '/') {
    #####:   31:        *out++ = '/';
    #####:   32:        src++;
        -:   33:    }
        -:   34:
    #####:   35:    while (*src) {
        -:   36:        /* Skip multiple slashes */
    #####:   37:        while (*src == '/')
    #####:   38:            src++;
    #####:   39:        if (!*src)
    #####:   40:            break;
        -:   41:
        -:   42:        /* Find end of this component */
    #####:   43:        const char *comp = src;
    #####:   44:        while (*src && *src != '/')
    #####:   45:            src++;
    #####:   46:        size_t clen = (size_t)(src - comp);
        -:   47:
    #####:   48:        if (clen == 1 && comp[0] == '.') {
        -:   49:            /* "." — skip */
    #####:   50:            continue;
    #####:   51:        } else if (clen == 2 && comp[0] == '.' && comp[1] == '.') {
        -:   52:            /* ".." — back up one component */
    #####:   53:            if (out > tmp + 1 || (out == tmp + 1 && tmp[0] == '/')) {
        -:   54:                /* Move back past last slash */
    #####:   55:                if (out > tmp && *(out - 1) == '/')
    #####:   56:                    out--;
    #####:   57:                while (out > tmp && *(out - 1) != '/')
    #####:   58:                    out--;
        -:   59:                /* For absolute paths, keep the leading slash */
    #####:   60:                if (out == tmp && tmp[0] == '/')
    #####:   61:                    out = tmp + 1;
        -:   62:            }
        -:   63:            /* For relative paths at root, ".." is a no-op */
        -:   64:        } else {
        -:   65:            /* Normal component */
        -:   66:            /* Add slash separator if needed */
    #####:   67:            if (out > tmp && *(out - 1) != '/') {
    #####:   68:                if (out >= end)
    #####:   69:                    return NULL;
    #####:   70:                *out++ = '/';
        -:   71:            }
    #####:   72:            if (out + clen > end)
    #####:   73:                return NULL;
    #####:   74:            memcpy(out, comp, clen);
    #####:   75:            out += clen;
        -:   76:        }
        -:   77:    }
        -:   78:
        -:   79:    /* Remove trailing slash unless it's the root */
    #####:   80:    if (out > tmp + 1 && *(out - 1) == '/')
    #####:   81:        out--;
        -:   82:
    #####:   83:    *out = '\0';
        -:   84:
    #####:   85:    if (tmp[0] == '\0') {
    #####:   86:        dst[0] = '.';
    #####:   87:        dst[1] = '\0';
        -:   88:    } else {
    #####:   89:        memcpy(dst, tmp, (size_t)(out - tmp) + 1);
        -:   90:    }
        -:   91:
    #####:   92:    return dst;
        -:   93:}
        -:   94:
       20:   95:const char *path_basename(const char *path)
        -:   96:{
       20:   97:    const char *last = strrchr(path, '/');
       20:   98:    if (!last)
    #####:   99:        return path;
        -:  100:    /* Handle trailing slash: "foo/" → "foo" would be odd; return "" */
       20:  101:    if (last[1] == '\0') {
        -:  102:        /* Scan back past trailing slashes */
    #####:  103:        while (last > path && *(last - 1) == '/')
    #####:  104:            last--;
    #####:  105:        if (last == path)
    #####:  106:            return "/";
        -:  107:        /* Find the component before the trailing slashes */
    #####:  108:        const char *p = last - 1;
    #####:  109:        while (p > path && *(p - 1) != '/')
    #####:  110:            p--;
    #####:  111:        return p;
        -:  112:    }
       20:  113:    return last + 1;
        -:  114:}
        -:  115:
    #####:  116:char *path_dirname(const char *path, char dst[PATH_MAX])
        -:  117:{
    #####:  118:    size_t len = strlen(path);
        -:  119:
    #####:  120:    if (len == 0) {
    #####:  121:        dst[0] = '.';
    #####:  122:        dst[1] = '\0';
    #####:  123:        return dst;
        -:  124:    }
        -:  125:
        -:  126:    /* Copy path so we can modify */
        -:  127:    char tmp[PATH_MAX];
    #####:  128:    if (len >= PATH_MAX)
    #####:  129:        len = PATH_MAX - 1;
    #####:  130:    memcpy(tmp, path, len);
    #####:  131:    tmp[len] = '\0';
        -:  132:
        -:  133:    /* Strip trailing slashes */
    #####:  134:    while (len > 1 && tmp[len - 1] == '/')
    #####:  135:        tmp[--len] = '\0';
        -:  136:
        -:  137:    /* Find last slash */
    #####:  138:    char *slash = strrchr(tmp, '/');
    #####:  139:    if (!slash) {
    #####:  140:        dst[0] = '.';
    #####:  141:        dst[1] = '\0';
    #####:  142:        return dst;
        -:  143:    }
        -:  144:
    #####:  145:    if (slash == tmp) {
    #####:  146:        dst[0] = '/';
    #####:  147:        dst[1] = '\0';
    #####:  148:        return dst;
        -:  149:    }
        -:  150:
    #####:  151:    *slash = '\0';
    #####:  152:    memcpy(dst, tmp, (size_t)(slash - tmp) + 1);
    #####:  153:    return dst;
        -:  154:}
        -:  155:
       16:  156:char *path_join(const char *dir, const char *base, char dst[PATH_MAX])
        -:  157:{
       16:  158:    size_t dlen = strlen(dir);
       16:  159:    size_t blen = strlen(base);
        -:  160:
        -:  161:    /* Skip leading slashes in base if dir is not empty */
      16*:  162:    while (*base == '/' && dlen > 0)
    #####:  163:        base++, blen--;
        -:  164:
        -:  165:    /* dir + '/' + base + NUL */
       16:  166:    if (dlen + 1 + blen + 1 > PATH_MAX)
    #####:  167:        return NULL;
        -:  168:
       16:  169:    memcpy(dst, dir, dlen);
       16:  170:    if (dlen > 0 && dir[dlen - 1] != '/') {
       15:  171:        dst[dlen++] = '/';
        -:  172:    }
       16:  173:    memcpy(dst + dlen, base, blen + 1);
       16:  174:    return dst;
        -:  175:}
