        -:    0:Source:src/core/readlink.c
        -:    1:/* readlink.c -- readlink builtin: print resolved symbolic link or canonical file name */
        -:    2:
        -:    3:#ifndef _POSIX_C_SOURCE
        -:    4:#define _POSIX_C_SOURCE 200809L
        -:    5:#endif
        -:    6:#ifndef _DEFAULT_SOURCE
        -:    7:#define _DEFAULT_SOURCE
        -:    8:#endif
        -:    9:/* readlink.c — readlink builtin */
        -:   10:
        -:   11:#include "../util/error.h"
        -:   12:#include "../util/path.h"
        -:   13:
        -:   14:#include <errno.h>
        -:   15:#include <limits.h>
        -:   16:#include <stdio.h>
        -:   17:#include <stdlib.h>
        -:   18:#include <string.h>
        -:   19:#include <unistd.h>
        -:   20:
        -:   21:/*
        -:   22: * Canonicalize a path where the last component may not exist (-f semantics):
        -:   23: *   1. realpath() the dirname.
        -:   24: *   2. Append the basename.
        -:   25: * Result written to OUT (PATH_MAX bytes).
        -:   26: * Returns 0 on success, -1 on error.
        -:   27: */
    #####:   28:static int canon_allow_missing_last(const char *path, char *out)
        -:   29:{
        -:   30:    char dir[PATH_MAX];
        -:   31:    char base[PATH_MAX];
        -:   32:
        -:   33:    /* Get dirname into dir[] */
    #####:   34:    path_dirname(path, dir);
        -:   35:
        -:   36:    /* Resolve the dirname (must exist) */
        -:   37:    char resolved_dir[PATH_MAX];
    #####:   38:    if (realpath(dir, resolved_dir) == NULL)
    #####:   39:        return -1;
        -:   40:
        -:   41:    /* Get basename */
    #####:   42:    const char *b = path_basename(path);
    #####:   43:    if (!b || b[0] == '\0') {
        -:   44:        /* path was "/" or similar — just use resolved_dir */
    #####:   45:        size_t len = strlen(resolved_dir);
    #####:   46:        if (len >= PATH_MAX) { errno = ENAMETOOLONG; return -1; }
    #####:   47:        memcpy(out, resolved_dir, len + 1);
    #####:   48:        return 0;
        -:   49:    }
        -:   50:
        -:   51:    /* If basename is "." or "..", resolve the full path too */
    #####:   52:    if (strcmp(b, ".") == 0 || strcmp(b, "..") == 0) {
        -:   53:        /* Build full path and realpath it — it should exist */
        -:   54:        char full[PATH_MAX];
    #####:   55:        if (!path_join(resolved_dir, b, full)) { errno = ENAMETOOLONG; return -1; }
    #####:   56:        if (realpath(full, out) == NULL) return -1;
    #####:   57:        return 0;
        -:   58:    }
        -:   59:
        -:   60:    /* Join resolved_dir + basename */
    #####:   61:    if (!path_join(resolved_dir, b, base)) { errno = ENAMETOOLONG; return -1; }
    #####:   62:    size_t len = strlen(base);
    #####:   63:    if (len >= PATH_MAX) { errno = ENAMETOOLONG; return -1; }
    #####:   64:    memcpy(out, base, len + 1);
    #####:   65:    return 0;
        -:   66:}
        -:   67:
    #####:   68:int applet_readlink(int argc, char **argv)
        -:   69:{
    #####:   70:    int opt_f = 0; /* -f: canonicalize, last component may be missing */
    #####:   71:    int opt_e = 0; /* -e: canonicalize, all components must exist */
    #####:   72:    int opt_m = 0; /* -m: canonicalize, no existence checks at all */
    #####:   73:    int opt_n = 0; /* -n: no newline */
    #####:   74:    int opt_q = 0; /* -q: quiet (suppress errors) */
    #####:   75:    int opt_z = 0; /* -z: NUL-terminated output */
        -:   76:    int i;
        -:   77:
    #####:   78:    for (i = 1; i < argc; i++) {
    #####:   79:        const char *arg = argv[i];
        -:   80:
    #####:   81:        if (strcmp(arg, "--") == 0) { i++; break; }
        -:   82:
    #####:   83:        if (strcmp(arg, "--canonicalize") == 0)               { opt_f = 1; continue; }
    #####:   84:        if (strcmp(arg, "--canonicalize-existing") == 0)       { opt_e = 1; continue; }
    #####:   85:        if (strcmp(arg, "--canonicalize-missing") == 0)        { opt_m = 1; continue; }
    #####:   86:        if (strcmp(arg, "--no-newline") == 0)                  { opt_n = 1; continue; }
    #####:   87:        if (strcmp(arg, "--quiet") == 0 ||
    #####:   88:            strcmp(arg, "--silent") == 0)                      { opt_q = 1; continue; }
    #####:   89:        if (strcmp(arg, "--zero") == 0)                        { opt_z = 1; continue; }
        -:   90:
    #####:   91:        if (arg[0] != '-' || arg[1] == '\0')
        -:   92:            break;
        -:   93:
    #####:   94:        const char *p = arg + 1;
    #####:   95:        int stop = 0;
    #####:   96:        while (*p && !stop) {
    #####:   97:            switch (*p) {
    #####:   98:            case 'f': opt_f = 1; break;
    #####:   99:            case 'e': opt_e = 1; break;
    #####:  100:            case 'm': opt_m = 1; break;
    #####:  101:            case 'n': opt_n = 1; break;
    #####:  102:            case 'q': opt_q = 1; break;
    #####:  103:            case 's': opt_q = 1; break; /* -s = --silent */
    #####:  104:            case 'z': opt_z = 1; break;
    #####:  105:            default:
    #####:  106:                err_msg("readlink", "unrecognized option '-%c'", *p);
    #####:  107:                err_usage("readlink", "[-femnqz] FILE...");
    #####:  108:                return 1;
        -:  109:            }
    #####:  110:            p++;
        -:  111:        }
        -:  112:        (void)stop;
        -:  113:    }
        -:  114:
    #####:  115:    if (i >= argc) {
    #####:  116:        err_usage("readlink", "[-femnqz] FILE...");
    #####:  117:        return 1;
        -:  118:    }
        -:  119:
    #####:  120:    int ret = 0;
        -:  121:    /* opt_n suppresses the terminator for single-arg non-z mode */
    #####:  122:    int multi = (argc - i) > 1;
        -:  123:
    #####:  124:    for (int j = i; j < argc; j++) {
    #####:  125:        const char *path = argv[j];
        -:  126:        char result[PATH_MAX];
        -:  127:
    #####:  128:        if (opt_e) {
        -:  129:            /* Full canonicalize; all components must exist */
    #####:  130:            if (realpath(path, result) == NULL) {
    #####:  131:                if (!opt_q)
    #####:  132:                    err_sys("readlink", "%s", path);
    #####:  133:                ret = 1;
    #####:  134:                continue;
        -:  135:            }
    #####:  136:        } else if (opt_f) {
        -:  137:            /* Canonicalize; last component may be missing */
    #####:  138:            if (canon_allow_missing_last(path, result) != 0) {
    #####:  139:                if (!opt_q)
    #####:  140:                    err_sys("readlink", "%s", path);
    #####:  141:                ret = 1;
    #####:  142:                continue;
        -:  143:            }
    #####:  144:        } else if (opt_m) {
        -:  145:            /* Canonicalize; no existence checks — use path_normalize */
        -:  146:            char abs[PATH_MAX];
        -:  147:            /* If relative, prepend cwd */
    #####:  148:            if (path[0] != '/') {
        -:  149:                char cwd[PATH_MAX];
    #####:  150:                if (getcwd(cwd, sizeof(cwd)) == NULL) {
    #####:  151:                    if (!opt_q)
    #####:  152:                        err_sys("readlink", "getcwd");
    #####:  153:                    ret = 1;
    #####:  154:                    continue;
        -:  155:                }
    #####:  156:                if (!path_join(cwd, path, abs)) {
    #####:  157:                    if (!opt_q)
    #####:  158:                        err_msg("readlink", "path too long: %s", path);
    #####:  159:                    ret = 1;
    #####:  160:                    continue;
        -:  161:                }
        -:  162:            } else {
    #####:  163:                size_t len = strlen(path);
    #####:  164:                if (len >= PATH_MAX) {
    #####:  165:                    if (!opt_q)
    #####:  166:                        err_msg("readlink", "path too long: %s", path);
    #####:  167:                    ret = 1;
    #####:  168:                    continue;
        -:  169:                }
    #####:  170:                memcpy(abs, path, len + 1);
        -:  171:            }
    #####:  172:            if (!path_normalize(abs, result)) {
    #####:  173:                if (!opt_q)
    #####:  174:                    err_msg("readlink", "path too long: %s", path);
    #####:  175:                ret = 1;
    #####:  176:                continue;
        -:  177:            }
        -:  178:        } else {
        -:  179:            /* Plain readlink(2) */
    #####:  180:            ssize_t n = readlink(path, result, sizeof(result) - 1);
    #####:  181:            if (n < 0) {
    #####:  182:                if (!opt_q)
    #####:  183:                    err_sys("readlink", "%s", path);
    #####:  184:                ret = 1;
    #####:  185:                continue;
        -:  186:            }
    #####:  187:            result[n] = '\0';
        -:  188:        }
        -:  189:
    #####:  190:        fputs(result, stdout);
        -:  191:        /* Suppress newline if -n and single arg and not -z */
    #####:  192:        if (opt_z) {
    #####:  193:            putchar('\0');
    #####:  194:        } else if (!opt_n || multi) {
    #####:  195:            putchar('\n');
        -:  196:        }
        -:  197:    }
        -:  198:
    #####:  199:    return ret;
        -:  200:}
