        -:    0:Source:src/util/regex/regex_internal.h
        -:    1:/* regex_internal.h — internal types shared across the regex engine modules */
        -:    2:#ifndef MATCHBOX_REGEX_INTERNAL_H
        -:    3:#define MATCHBOX_REGEX_INTERNAL_H
        -:    4:
        -:    5:#ifndef _POSIX_C_SOURCE
        -:    6:#define _POSIX_C_SOURCE 200809L
        -:    7:#endif
        -:    8:
        -:    9:#include "regex.h"
        -:   10:#include "../section.h"
        -:   11:#include <stdint.h>
        -:   12:#include <stdlib.h>
        -:   13:#include <string.h>
        -:   14:#include <regex.h>
        -:   15:
        -:   16:/* ---- Pattern classification --------------------------------------------- */
        -:   17:
        -:   18:typedef enum {
        -:   19:    MB_CLASS_FIXED,      /* no metacharacters → Boyer-Moore-Horspool */
        -:   20:    MB_CLASS_PREFIX,     /* ^literal → memcmp at line start */
        -:   21:    MB_CLASS_ANCHORED,   /* ^literal$ → strcmp whole line */
        -:   22:    MB_CLASS_CHARCLASS,  /* single [class] only → bitmap lookup */
        -:   23:    MB_CLASS_SIMPLE,     /* no backrefs → Thompson NFA/DFA */
        -:   24:    MB_CLASS_BACKREF,    /* has \1-\9 → regexec fallback */
        -:   25:} mb_class_t;
        -:   26:
        -:   27:mb_class_t mb_classify(const char *pat, int flags);
        -:   28:int        mb_extract_fixed(const char *pat, mb_class_t class,
        -:   29:                             char *buf, size_t buf_size);
        -:   30:
        -:   31:/* ---- Character class bitmap --------------------------------------------- */
        -:   32:
        -:   33:typedef struct {
        -:   34:    uint8_t bits[32];   /* 256-bit bitmap, one bit per ASCII/byte value */
        -:   35:} mb_charclass;
        -:   36:
        -:   37:int mb_charclass_parse(const char *pat, const char *end,
        -:   38:                       mb_charclass *out, int flags);
        -:   39:
    #####:   40:static inline int mb_charclass_test(const mb_charclass *cc, unsigned char c) {
    #####:   41:    return (cc->bits[c >> 3] >> (c & 7)) & 1;
        -:   42:}
        -:   43:
    #####:   44:static inline void mb_charclass_set(mb_charclass *cc, unsigned char c) {
    #####:   45:    cc->bits[c >> 3] |= (uint8_t)(1u << (c & 7));
    #####:   46:}
        -:   47:
        -:   48:/* ---- NFA instruction set ------------------------------------------------- */
        -:   49:
        -:   50:/* Max instructions per compiled pattern */
        -:   51:#define MB_MAX_INSTRS 4096
        -:   52:
        -:   53:typedef enum {
        -:   54:    I_MATCH,    /* success */
        -:   55:    I_CHAR,     /* match literal char (arg.c) */
        -:   56:    I_ICHAR,    /* match char case-insensitively (arg.c = lower(c)) */
        -:   57:    I_CLASS,    /* match char in bitmap (arg.cc) */
        -:   58:    I_ANY,      /* match any char (except \n if NEWLINE mode) */
        -:   59:    I_SPLIT,    /* NFA fork: goto x and y */
        -:   60:    I_JUMP,     /* deterministic goto x */
        -:   61:    I_BOL,      /* assert beginning of line */
        -:   62:    I_EOL,      /* assert end of line */
        -:   63:    I_SAVE,     /* save position (arg.save_slot) — only if !NOSUB */
        -:   64:} instr_type_t;
        -:   65:
        -:   66:typedef struct {
        -:   67:    instr_type_t op;
        -:   68:    int x, y;           /* successor state indices for SPLIT/JUMP */
        -:   69:    union {
        -:   70:        char         c;
        -:   71:        mb_charclass *cc;
        -:   72:        int          save_slot;
        -:   73:    } arg;
        -:   74:} mb_instr;
        -:   75:
        -:   76:/* NFA program */
        -:   77:typedef struct {
        -:   78:    mb_instr *instrs;
        -:   79:    int       len;
        -:   80:    int       cap;
        -:   81:} mb_prog;
        -:   82:
        -:   83:void mb_prog_init(mb_prog *p);
        -:   84:void mb_prog_free(mb_prog *p);
        -:   85:int  mb_prog_emit(mb_prog *p, mb_instr instr);  /* returns instr index or -1 */
        -:   86:int  mb_prog_emit_class(mb_prog *p, mb_charclass *cc,
        -:   87:                        instr_type_t op);        /* copies cc, returns index */
        -:   88:
        -:   89:/* ---- Parser (BRE/ERE → NFA program) ------------------------------------- */
        -:   90:
        -:   91:/* Parse pattern into *prog. Returns 0 on success, -1 on error.
        -:   92: * errstr is set to a static error string on failure. */
        -:   93:int mb_parse(const char *pat, int flags, mb_prog *prog,
        -:   94:             const char **errstr);
        -:   95:
        -:   96:/* ---- Thompson NFA/DFA simulator ----------------------------------------- */
        -:   97:
        -:   98:/* Simulate NFA/DFA search on text.
        -:   99: * Returns 1 if matched, fills *out on match (if non-NULL).
        -:  100: * anchor_bol: if 1, only try from position 0 (^ anchored). */
        -:  101:int mb_thompson_search(const mb_prog *prog, int flags,
        -:  102:                       const char *text, size_t n,
        -:  103:                       mb_match *out, int anchor_bol);
        -:  104:
        -:  105:/* ---- Boyer-Moore-Horspool ----------------------------------------------- */
        -:  106:
        -:  107:void mb_bmh_build(const char *needle, size_t nlen, size_t skip[256]);
        -:  108:const char *mb_bmh_search(const char *haystack, size_t hlen,
        -:  109:                           const char *needle, size_t nlen,
        -:  110:                           const size_t skip[256]);
        -:  111:
        -:  112:/* Case-insensitive BMH */
        -:  113:void mb_bmh_build_icase(const char *needle, size_t nlen, size_t skip[256]);
        -:  114:const char *mb_bmh_search_icase(const char *haystack, size_t hlen,
        -:  115:                                 const char *needle, size_t nlen,
        -:  116:                                 const size_t skip[256]);
        -:  117:
        -:  118:/* ---- mb_regex struct ----------------------------------------------------- */
        -:  119:
        -:  120:struct mb_regex {
        -:  121:    mb_class_t  class;
        -:  122:    int         flags;
        -:  123:
        -:  124:    /* MB_CLASS_FIXED / PREFIX / ANCHORED: BMH data */
        -:  125:    char        fixed_str[512];
        -:  126:    size_t      fixed_len;
        -:  127:    size_t      bmh_skip[256];
        -:  128:
        -:  129:    /* MB_CLASS_SIMPLE / CHARCLASS: NFA program */
        -:  130:    mb_prog     prog;
        -:  131:
        -:  132:    /* MB_CLASS_BACKREF: POSIX fallback */
        -:  133:    regex_t     posix_re;
        -:  134:    int         posix_ok;
        -:  135:};
        -:  136:
        -:  137:#endif /* MATCHBOX_REGEX_INTERNAL_H */
