        -:    0:Source:src/core/sed.c
        -:    1:/* sed.c — sed builtin: stream editor */
        -:    2:
        -:    3:/* _GNU_SOURCE enables O_TMPFILE in <fcntl.h> (glibc) */
        -:    4:#ifndef _GNU_SOURCE
        -:    5:#define _GNU_SOURCE
        -:    6:#endif
        -:    7:#ifndef _POSIX_C_SOURCE
        -:    8:#define _POSIX_C_SOURCE 200809L
        -:    9:#endif
        -:   10:
        -:   11:#include "../util/error.h"
        -:   12:#include "../util/path.h"
        -:   13:#include "../util/strbuf.h"
        -:   14:
        -:   15:#include <ctype.h>
        -:   16:#include <errno.h>
        -:   17:#include <fcntl.h>
        -:   18:#include <limits.h>
        -:   19:#include <regex.h>
        -:   20:#include <stdio.h>
        -:   21:#include <stdlib.h>
        -:   22:#include <string.h>
        -:   23:#include <sys/stat.h>
        -:   24:#include <unistd.h>
        -:   25:
        -:   26:/* ------------------------------------------------------------------ */
        -:   27:/* Data structures                                                    */
        -:   28:/* ------------------------------------------------------------------ */
        -:   29:
        -:   30:/* Address types */
        -:   31:typedef enum {
        -:   32:    ADDR_NONE = 0,
        -:   33:    ADDR_LINE,       /* line number (1-based); 0 means "last line" special */
        -:   34:    ADDR_LAST,       /* $ */
        -:   35:    ADDR_REGEX,      /* /pattern/ */
        -:   36:    ADDR_STEP,       /* first~step */
        -:   37:} addr_type_t;
        -:   38:
        -:   39:typedef struct {
        -:   40:    addr_type_t  type;
        -:   41:    long         line;   /* for ADDR_LINE, ADDR_STEP (first) */
        -:   42:    long         step;   /* for ADDR_STEP */
        -:   43:    regex_t     *re;     /* for ADDR_REGEX (heap-allocated) */
        -:   44:    char        *re_src; /* original pattern string for error messages */
        -:   45:} sed_addr_t;
        -:   46:
        -:   47:/* Command types */
        -:   48:typedef enum {
        -:   49:    CMD_NOP = 0,
        -:   50:    CMD_SUBST,   /* s */
        -:   51:    CMD_DELETE,  /* d */
        -:   52:    CMD_PRINT,   /* p */
        -:   53:    CMD_QUIT,    /* q */
        -:   54:    CMD_TRANS,   /* y */
        -:   55:    CMD_APPEND,  /* a */
        -:   56:    CMD_INSERT,  /* i */
        -:   57:    CMD_CHANGE,  /* c */
        -:   58:    CMD_LINENUM, /* = */
        -:   59:    CMD_NOT,     /* ! (negation prefix stored as flag) */
        -:   60:    CMD_BLOCK_START, /* { */
        -:   61:    CMD_BLOCK_END,   /* } */
        -:   62:    CMD_BRANCH,  /* b */
        -:   63:    CMD_TEST,    /* t */
        -:   64:    CMD_LABEL,   /* : */
        -:   65:    CMD_NEXT,    /* n */
        -:   66:    CMD_NEXT_APPEND, /* N */
        -:   67:    CMD_HOLD_COPY,   /* h */
        -:   68:    CMD_HOLD_APPEND, /* H */
        -:   69:    CMD_GET,         /* g */
        -:   70:    CMD_GET_APPEND,  /* G */
        -:   71:    CMD_EXCHANGE,    /* x */
        -:   72:    CMD_LIST,        /* l */
        -:   73:    CMD_READ,        /* r */
        -:   74:    CMD_WRITE,       /* w */
        -:   75:} cmd_type_t;
        -:   76:
        -:   77:/* Substitution flags */
        -:   78:#define SUBST_G    (1 << 0)   /* g: replace all occurrences */
        -:   79:#define SUBST_P    (1 << 1)   /* p: print if substitution made */
        -:   80:#define SUBST_I    (1 << 2)   /* i/I: case insensitive */
        -:   81:
        -:   82:typedef struct sed_cmd {
        -:   83:    sed_addr_t   addr1;
        -:   84:    sed_addr_t   addr2;
        -:   85:    int          has_addr2;
        -:   86:    int          negate;     /* ! prefix */
        -:   87:
        -:   88:    cmd_type_t   type;
        -:   89:
        -:   90:    /* s command */
        -:   91:    regex_t     *re;         /* compiled pattern */
        -:   92:    char        *re_src;
        -:   93:    char        *replacement;
        -:   94:    int          subst_flags;
        -:   95:    int          subst_nth;  /* replace nth occurrence (0 = all or first) */
        -:   96:
        -:   97:    /* y command */
        -:   98:    char        *y_src;
        -:   99:    char        *y_dst;
        -:  100:    size_t       y_len;
        -:  101:
        -:  102:    /* a/i/c text */
        -:  103:    char        *text;
        -:  104:
        -:  105:    /* r/w filename */
        -:  106:    char        *filename;
        -:  107:
        -:  108:    /* b/t label, : label */
        -:  109:    char        *label;
        -:  110:
        -:  111:    /* Linked list */
        -:  112:    struct sed_cmd *next;
        -:  113:} sed_cmd_t;
        -:  114:
        -:  115:/* ------------------------------------------------------------------ */
        -:  116:/* Global regex reuse                                                  */
        -:  117:/* ------------------------------------------------------------------ */
        -:  118:
        -:  119:static regex_t *g_last_re  = NULL;  /* last compiled regex (for empty pattern) */
        -:  120:static char    *g_last_src = NULL;
        -:  121:
        -:  122:/* ------------------------------------------------------------------ */
        -:  123:/* Regex helpers                                                       */
        -:  124:/* ------------------------------------------------------------------ */
        -:  125:
       12:  126:static int sed_regcomp(regex_t **out, const char *src, int flags,
        -:  127:                       int ere, int icase)
        -:  128:{
       12:  129:    (void)flags;
       12:  130:    int rflags = REG_NEWLINE;
      12*:  131:    if (ere)   rflags |= REG_EXTENDED;
      12*:  132:    if (icase) rflags |= REG_ICASE;
        -:  133:
       12:  134:    regex_t *re = malloc(sizeof(regex_t));
       12:  135:    if (!re) {
    #####:  136:        err_msg("sed", "out of memory");
    #####:  137:        return -1;
        -:  138:    }
       12:  139:    int rc = regcomp(re, src, rflags);
       12:  140:    if (rc != 0) {
    #####:  141:        char ebuf[256];
    #####:  142:        regerror(rc, re, ebuf, sizeof(ebuf));
    #####:  143:        err_msg("sed", "invalid regex '%s': %s", src, ebuf);
    #####:  144:        free(re);
    #####:  145:        return -1;
        -:  146:    }
        -:  147:    /* Track last regex */
       12:  148:    if (g_last_re) {
    #####:  149:        regfree(g_last_re);
    #####:  150:        free(g_last_re);
        -:  151:    }
       12:  152:    free(g_last_src);
       12:  153:    g_last_re  = re;
       12:  154:    g_last_src = strdup(src);
       12:  155:    *out = re;
       12:  156:    return 0;
        -:  157:}
        -:  158:
        -:  159:/* ------------------------------------------------------------------ */
        -:  160:/* Script parser                                                       */
        -:  161:/* ------------------------------------------------------------------ */
        -:  162:
        -:  163:typedef struct {
        -:  164:    const char *src;    /* full script text */
        -:  165:    const char *p;      /* current position */
        -:  166:    int         ere;    /* -E/-r: ERE mode */
        -:  167:    int         icase;  /* case-insensitive regex */
        -:  168:} parser_t;
        -:  169:
    #####:  170:static void skip_ws(parser_t *ps)
        -:  171:{
      12*:  172:    while (*ps->p == ' ' || *ps->p == '\t')
    #####:  173:        ps->p++;
        -:  174:}
        -:  175:
        -:  176:static void skip_to_eol(parser_t *ps)
        -:  177:{
    #####:  178:    while (*ps->p && *ps->p != '\n' && *ps->p != ';')
    #####:  179:        ps->p++;
        -:  180:}
        -:  181:
        -:  182:/* Read a delimited string (used for s/// and y///).
        -:  183: * delim: the delimiter character (e.g. '/' or '|').
        -:  184: * The function reads characters until an unescaped delimiter.
        -:  185: * Returns malloc'd string, or NULL on error.
        -:  186: */
       20:  187:static char *read_delimited(parser_t *ps, char delim)
        -:  188:{
       20:  189:    strbuf_t sb;
       20:  190:    if (sb_init(&sb, 64) != 0) {
    #####:  191:        err_msg("sed", "out of memory");
    #####:  192:        return NULL;
        -:  193:    }
        -:  194:
       72:  195:    while (*ps->p && *ps->p != delim) {
      52*:  196:        if (*ps->p == '\\' && *(ps->p + 1) != '\0') {
    #####:  197:            if (*(ps->p + 1) == delim) {
        -:  198:                /* escaped delimiter: include literal delimiter */
    #####:  199:                if (sb_appendc(&sb, delim) != 0) goto oom;
    #####:  200:                ps->p += 2;
        -:  201:            } else {
    #####:  202:                if (sb_appendc(&sb, *ps->p)       != 0) goto oom;
    #####:  203:                if (sb_appendc(&sb, *(ps->p + 1)) != 0) goto oom;
    #####:  204:                ps->p += 2;
        -:  205:            }
       52:  206:        } else if (*ps->p == '\n') {
        -:  207:            break; /* unterminated — stop */
        -:  208:        } else {
      52*:  209:            if (sb_appendc(&sb, *ps->p) != 0) goto oom;
       52:  210:            ps->p++;
        -:  211:        }
        -:  212:    }
        -:  213:
       20:  214:    if (*ps->p == delim)
       20:  215:        ps->p++; /* consume closing delimiter */
        -:  216:
       20:  217:    char *result = strdup(sb_str(&sb));
       20:  218:    sb_free(&sb);
       20:  219:    if (!result) {
    #####:  220:        err_msg("sed", "out of memory");
    #####:  221:        return NULL;
        -:  222:    }
        -:  223:    return result;
        -:  224:
    #####:  225:oom:
    #####:  226:    err_msg("sed", "out of memory");
    #####:  227:    sb_free(&sb);
    #####:  228:    return NULL;
        -:  229:}
        -:  230:
        -:  231:/* Read a text argument for a/i/c (everything to end of line, or \-continued). */
    #####:  232:static char *read_text(parser_t *ps)
        -:  233:{
        -:  234:    /* Skip optional leading space */
    #####:  235:    if (*ps->p == ' ' || *ps->p == '\t')
    #####:  236:        ps->p++;
        -:  237:
    #####:  238:    strbuf_t sb;
    #####:  239:    if (sb_init(&sb, 64) != 0) {
    #####:  240:        err_msg("sed", "out of memory");
    #####:  241:        return NULL;
        -:  242:    }
        -:  243:
        -:  244:    /* Collect lines; backslash-newline continues */
    #####:  245:    for (;;) {
    #####:  246:        while (*ps->p && *ps->p != '\n' && *ps->p != '\\') {
    #####:  247:            if (sb_appendc(&sb, *ps->p) != 0) goto oom;
    #####:  248:            ps->p++;
        -:  249:        }
    #####:  250:        if (*ps->p == '\\' && *(ps->p + 1) == '\n') {
    #####:  251:            if (sb_appendc(&sb, '\n') != 0) goto oom;
    #####:  252:            ps->p += 2;
    #####:  253:            continue;
        -:  254:        }
    #####:  255:        break;
        -:  256:    }
    #####:  257:    if (*ps->p == '\n')
    #####:  258:        ps->p++;
        -:  259:
    #####:  260:    char *result = strdup(sb_str(&sb));
    #####:  261:    sb_free(&sb);
    #####:  262:    if (!result) {
    #####:  263:        err_msg("sed", "out of memory");
    #####:  264:        return NULL;
        -:  265:    }
        -:  266:    return result;
        -:  267:
    #####:  268:oom:
    #####:  269:    err_msg("sed", "out of memory");
    #####:  270:    sb_free(&sb);
    #####:  271:    return NULL;
        -:  272:}
        -:  273:
        -:  274:/* Read a label (word chars) */
    #####:  275:static char *read_label(parser_t *ps)
        -:  276:{
    #####:  277:    skip_ws(ps);
        -:  278:    const char *start = ps->p;
    #####:  279:    while (*ps->p && *ps->p != '\n' && *ps->p != ';' && *ps->p != ' '
    #####:  280:           && *ps->p != '\t' && *ps->p != '}')
    #####:  281:        ps->p++;
    #####:  282:    size_t len = (size_t)(ps->p - start);
    #####:  283:    char *label = malloc(len + 1);
    #####:  284:    if (!label) {
    #####:  285:        err_msg("sed", "out of memory");
    #####:  286:        return NULL;
        -:  287:    }
    #####:  288:    memcpy(label, start, len);
    #####:  289:    label[len] = '\0';
    #####:  290:    return label;
        -:  291:}
        -:  292:
        -:  293:/* Parse an address into *addr. Returns 0 on success, -1 if no address present. */
       12:  294:static int parse_addr(parser_t *ps, sed_addr_t *addr)
        -:  295:{
       12:  296:    memset(addr, 0, sizeof(*addr));
        -:  297:
       12:  298:    if (*ps->p == '$') {
    #####:  299:        addr->type = ADDR_LAST;
    #####:  300:        ps->p++;
    #####:  301:        return 0;
        -:  302:    }
        -:  303:
       12:  304:    if (*ps->p >= '0' && *ps->p <= '9') {
    #####:  305:        char *end;
    #####:  306:        addr->line = strtol(ps->p, &end, 10);
    #####:  307:        ps->p = end;
    #####:  308:        if (*ps->p == '~') {
        -:  309:            /* first~step */
    #####:  310:            ps->p++;
    #####:  311:            addr->step = strtol(ps->p, &end, 10);
    #####:  312:            ps->p = end;
    #####:  313:            addr->type = ADDR_STEP;
        -:  314:        } else {
    #####:  315:            addr->type = ADDR_LINE;
        -:  316:        }
    #####:  317:        return 0;
        -:  318:    }
        -:  319:
       12:  320:    if (*ps->p == '/' || (*ps->p != '\0' && *ps->p != ',' &&
        -:  321:                           *ps->p != '{' && *ps->p != '!' &&
        -:  322:                           /* Non-slash delimiter is rare for address; only / is standard */
        -:  323:                           0)) {
        -:  324:        /* Address regex */
       12:  325:    }
        -:  326:
       12:  327:    if (*ps->p == '/') {
        4:  328:        char delim = *ps->p++;
        4:  329:        char *src = read_delimited(ps, delim);
        4:  330:        if (!src) return -1;
        4:  331:        addr->re_src = src;
        4:  332:        if (strlen(src) == 0) {
        -:  333:            /* Empty pattern reuses last */
    #####:  334:            if (g_last_re) {
    #####:  335:                addr->re = g_last_re;
        -:  336:            }
        -:  337:        } else {
        4:  338:            if (sed_regcomp(&addr->re, src, 0, ps->ere, ps->icase) != 0) {
    #####:  339:                free(src);
    #####:  340:                addr->re_src = NULL;
    #####:  341:                return -1;
        -:  342:            }
        -:  343:        }
        4:  344:        addr->type = ADDR_REGEX;
        4:  345:        return 0;
        -:  346:    }
        -:  347:
        -:  348:    return -1; /* no address */
        -:  349:}
        -:  350:
        -:  351:/* Parse the entire script into a linked list of sed_cmd_t.
        -:  352: * Returns head of list, or NULL on error (also *err set to 1). */
       12:  353:static sed_cmd_t *parse_script(const char *script, int ere, int *err)
        -:  354:{
       12:  355:    parser_t ps;
       12:  356:    memset(&ps, 0, sizeof(ps));
       12:  357:    ps.src  = script;
       12:  358:    ps.p    = script;
       12:  359:    ps.ere  = ere;
        -:  360:
       12:  361:    sed_cmd_t *head = NULL;
       12:  362:    sed_cmd_t **tail = &head;
       12:  363:    *err = 0;
        -:  364:
       24:  365:    while (*ps.p) {
        -:  366:        /* Skip whitespace and semicolons and newlines between commands */
       12:  367:        while (*ps.p == ' ' || *ps.p == '\t' || *ps.p == '\n' || *ps.p == ';')
    #####:  368:            ps.p++;
      12*:  369:        if (*ps.p == '#') {
        -:  370:            skip_to_eol(&ps);
    #####:  371:            continue;
        -:  372:        }
       12:  373:        if (*ps.p == '\0')
        -:  374:            break;
        -:  375:
       12:  376:        sed_cmd_t *cmd = calloc(1, sizeof(sed_cmd_t));
       12:  377:        if (!cmd) {
    #####:  378:            err_msg("sed", "out of memory");
    #####:  379:            *err = 1;
    #####:  380:            return head;
        -:  381:        }
        -:  382:
        -:  383:        /* Parse address(es) */
       12:  384:        int had_addr1 = (parse_addr(&ps, &cmd->addr1) == 0);
       12:  385:        if (had_addr1 && *ps.p == ',') {
    #####:  386:            ps.p++;
    #####:  387:            if (parse_addr(&ps, &cmd->addr2) == 0)
    #####:  388:                cmd->has_addr2 = 1;
        -:  389:        }
        -:  390:
        -:  391:        skip_ws(&ps);
        -:  392:
        -:  393:        /* Negation */
       12:  394:        if (*ps.p == '!') {
    #####:  395:            cmd->negate = 1;
    #####:  396:            ps.p++;
    #####:  397:            skip_ws(&ps);
        -:  398:        }
        -:  399:
        -:  400:        /* Command character */
       12:  401:        char c = *ps.p;
       12:  402:        if (c == '\0') {
    #####:  403:            free(cmd);
    #####:  404:            break;
        -:  405:        }
       12:  406:        ps.p++;
        -:  407:
       12:  408:        switch (c) {
        2:  409:        case 'd': cmd->type = CMD_DELETE; break;
        2:  410:        case 'p': cmd->type = CMD_PRINT;  break;
    #####:  411:        case 'q': cmd->type = CMD_QUIT;   break;
    #####:  412:        case '=': cmd->type = CMD_LINENUM; break;
    #####:  413:        case 'n': cmd->type = CMD_NEXT;   break;
    #####:  414:        case 'N': cmd->type = CMD_NEXT_APPEND; break;
    #####:  415:        case 'h': cmd->type = CMD_HOLD_COPY;   break;
    #####:  416:        case 'H': cmd->type = CMD_HOLD_APPEND; break;
    #####:  417:        case 'g': cmd->type = CMD_GET;         break;
    #####:  418:        case 'G': cmd->type = CMD_GET_APPEND;  break;
    #####:  419:        case 'x': cmd->type = CMD_EXCHANGE;    break;
    #####:  420:        case 'l': cmd->type = CMD_LIST;        break;
    #####:  421:        case '{': cmd->type = CMD_BLOCK_START; break;
    #####:  422:        case '}': cmd->type = CMD_BLOCK_END;   break;
        -:  423:
    #####:  424:        case ':':
    #####:  425:            cmd->type  = CMD_LABEL;
    #####:  426:            cmd->label = read_label(&ps);
    #####:  427:            if (!cmd->label) { *err = 1; free(cmd); return head; }
        -:  428:            break;
        -:  429:
    #####:  430:        case 'b':
    #####:  431:            cmd->type  = CMD_BRANCH;
    #####:  432:            cmd->label = read_label(&ps);
    #####:  433:            if (!cmd->label) { *err = 1; free(cmd); return head; }
        -:  434:            break;
        -:  435:
    #####:  436:        case 't':
    #####:  437:            cmd->type  = CMD_TEST;
    #####:  438:            cmd->label = read_label(&ps);
    #####:  439:            if (!cmd->label) { *err = 1; free(cmd); return head; }
        -:  440:            break;
        -:  441:
    #####:  442:        case 'a':
    #####:  443:            cmd->type = CMD_APPEND;
    #####:  444:            if (*ps.p == '\\') ps.p++;
    #####:  445:            cmd->text = read_text(&ps);
    #####:  446:            if (!cmd->text) { *err = 1; free(cmd); return head; }
        -:  447:            break;
        -:  448:
    #####:  449:        case 'i':
    #####:  450:            cmd->type = CMD_INSERT;
    #####:  451:            if (*ps.p == '\\') ps.p++;
    #####:  452:            cmd->text = read_text(&ps);
    #####:  453:            if (!cmd->text) { *err = 1; free(cmd); return head; }
        -:  454:            break;
        -:  455:
    #####:  456:        case 'c':
    #####:  457:            cmd->type = CMD_CHANGE;
    #####:  458:            if (*ps.p == '\\') ps.p++;
    #####:  459:            cmd->text = read_text(&ps);
    #####:  460:            if (!cmd->text) { *err = 1; free(cmd); return head; }
        -:  461:            break;
        -:  462:
    #####:  463:        case 'r':
    #####:  464:            cmd->type     = CMD_READ;
    #####:  465:            skip_ws(&ps);
    #####:  466:            cmd->filename = read_label(&ps); /* read to EOL */
    #####:  467:            if (!cmd->filename) { *err = 1; free(cmd); return head; }
        -:  468:            break;
        -:  469:
    #####:  470:        case 'w':
    #####:  471:            cmd->type     = CMD_WRITE;
    #####:  472:            skip_ws(&ps);
    #####:  473:            cmd->filename = read_label(&ps);
    #####:  474:            if (!cmd->filename) { *err = 1; free(cmd); return head; }
        -:  475:            break;
        -:  476:
        8:  477:        case 's': {
        8:  478:            cmd->type = CMD_SUBST;
        8:  479:            if (*ps.p == '\0') {
    #####:  480:                err_msg("sed", "s command requires delimiter");
    #####:  481:                *err = 1; free(cmd); return head;
        -:  482:            }
        8:  483:            char delim = *ps.p++;
        -:  484:
        -:  485:            /* pattern */
        8:  486:            char *pattern = read_delimited(&ps, delim);
       8*:  487:            if (!pattern) { *err = 1; free(cmd); return head; }
        -:  488:
        -:  489:            /* replacement */
        8:  490:            char *replacement = read_delimited(&ps, delim);
       8*:  491:            if (!replacement) { free(pattern); *err = 1; free(cmd); return head; }
        -:  492:
        -:  493:            /* flags */
        8:  494:            cmd->subst_flags = 0;
        8:  495:            cmd->subst_nth   = 1; /* default: first occurrence */
       10:  496:            while (*ps.p && *ps.p != '\n' && *ps.p != ';') {
        2:  497:                char f = *ps.p++;
        2:  498:                if (f == 'g') {
        2:  499:                    cmd->subst_flags |= SUBST_G;
        2:  500:                    cmd->subst_nth    = 0;
        -:  501:                } else if (f == 'p') {
    #####:  502:                    cmd->subst_flags |= SUBST_P;
        -:  503:                } else if (f == 'I' || f == 'i') {
    #####:  504:                    cmd->subst_flags |= SUBST_I;
        -:  505:                } else if (f >= '1' && f <= '9') {
    #####:  506:                    cmd->subst_nth = (int)(f - '0');
        -:  507:                } else if (f == ' ' || f == '\t') {
        -:  508:                    break;
        -:  509:                } else {
        -:  510:                    /* Unknown flag: ignore */
       10:  511:                }
        -:  512:            }
        -:  513:
        8:  514:            cmd->re_src     = pattern;
        8:  515:            cmd->replacement = replacement;
        -:  516:
        -:  517:            /* Compile regex: empty pattern reuses last */
        8:  518:            if (strlen(pattern) == 0) {
    #####:  519:                cmd->re = g_last_re; /* borrowed reference */
        -:  520:            } else {
        8:  521:                int icase = (cmd->subst_flags & SUBST_I) ? 1 : 0;
        8:  522:                if (sed_regcomp(&cmd->re, pattern, 0, ere, icase) != 0) {
    #####:  523:                    *err = 1; free(cmd); return head;
        -:  524:                }
        -:  525:            }
        -:  526:            break;
        -:  527:        }
        -:  528:
    #####:  529:        case 'y': {
    #####:  530:            cmd->type = CMD_TRANS;
    #####:  531:            if (*ps.p == '\0') {
    #####:  532:                err_msg("sed", "y command requires delimiter");
    #####:  533:                *err = 1; free(cmd); return head;
        -:  534:            }
    #####:  535:            char delim = *ps.p++;
    #####:  536:            char *src  = read_delimited(&ps, delim);
    #####:  537:            char *dst  = read_delimited(&ps, delim);
    #####:  538:            if (!src || !dst) {
    #####:  539:                free(src); free(dst);
    #####:  540:                *err = 1; free(cmd); return head;
        -:  541:            }
    #####:  542:            if (strlen(src) != strlen(dst)) {
    #####:  543:                err_msg("sed", "y: source and dest strings must be same length");
    #####:  544:                free(src); free(dst);
    #####:  545:                *err = 1; free(cmd); return head;
        -:  546:            }
    #####:  547:            cmd->y_src = src;
    #####:  548:            cmd->y_dst = dst;
    #####:  549:            cmd->y_len = strlen(src);
    #####:  550:            break;
        -:  551:        }
        -:  552:
    #####:  553:        default:
    #####:  554:            err_msg("sed", "unknown command '%c'", c);
    #####:  555:            *err = 1;
    #####:  556:            free(cmd);
    #####:  557:            return head;
        -:  558:        }
        -:  559:
       12:  560:        cmd->next = NULL;
       12:  561:        *tail = cmd;
       12:  562:        tail  = &cmd->next;
        -:  563:    }
        -:  564:
       12:  565:    return head;
        -:  566:}
        -:  567:
        -:  568:/* ------------------------------------------------------------------ */
        -:  569:/* Substitution engine                                                 */
        -:  570:/* ------------------------------------------------------------------ */
        -:  571:
        -:  572:/*
        -:  573: * Perform s/pattern/replacement/flags on line_in.
        -:  574: * Result appended to *out_sb.
        -:  575: * Returns 1 if any substitution was made, 0 otherwise.
        -:  576: */
       22:  577:static int do_subst(sed_cmd_t *cmd, const char *line_in, strbuf_t *out_sb)
        -:  578:{
       22:  579:    if (!cmd->re)
        -:  580:        return 0;
        -:  581:
       22:  582:    const char *src    = line_in;
       22:  583:    int         made   = 0;
       22:  584:    int         nth    = 0;  /* occurrence counter */
       22:  585:    regmatch_t  m[10];
        -:  586:
       22:  587:    sb_reset(out_sb);
        -:  588:
      32*:  589:    while (*src || (src == line_in && *line_in == '\0')) {
       30:  590:        int eflags = (made > 0) ? REG_NOTBOL : 0;
       30:  591:        if (regexec(cmd->re, src, 10, m, eflags) != 0) {
        -:  592:            /* No more matches */
       12:  593:            if (sb_append(out_sb, src) != 0) return -1;
        -:  594:            break;
        -:  595:        }
        -:  596:
       18:  597:        nth++;
      18*:  598:        int replace_this = (cmd->subst_flags & SUBST_G) ||
        8:  599:                           (nth == cmd->subst_nth);
        -:  600:
    #####:  601:        if (!replace_this) {
        -:  602:            /* Copy up to and including match, then continue */
    #####:  603:            if (sb_appendn(out_sb, src, (size_t)(m[0].rm_eo)) != 0) return -1;
    #####:  604:            src += m[0].rm_eo;
    #####:  605:            if (m[0].rm_so == m[0].rm_eo) {
        -:  606:                /* Zero-length match: advance one char to avoid infinite loop */
    #####:  607:                if (*src) {
    #####:  608:                    if (sb_appendc(out_sb, *src) != 0) return -1;
    #####:  609:                    src++;
        -:  610:                } else {
        -:  611:                    break;
        -:  612:                }
        -:  613:            }
    #####:  614:            continue;
        -:  615:        }
        -:  616:
        -:  617:        /* Copy text before match */
       18:  618:        if (sb_appendn(out_sb, src, (size_t)m[0].rm_so) != 0) return -1;
        -:  619:
        -:  620:        /* Expand replacement: handle & and \1-\9 */
       18:  621:        const char *r = cmd->replacement;
       44:  622:        while (*r) {
       26:  623:            if (*r == '&') {
    #####:  624:                if (sb_appendn(out_sb, src + m[0].rm_so,
    #####:  625:                               (size_t)(m[0].rm_eo - m[0].rm_so)) != 0) return -1;
    #####:  626:                r++;
      26*:  627:            } else if (*r == '\\' && *(r + 1) >= '1' && *(r + 1) <= '9') {
    #####:  628:                int grp = *(r + 1) - '0';
    #####:  629:                if (m[grp].rm_so >= 0) {
    #####:  630:                    if (sb_appendn(out_sb, src + m[grp].rm_so,
    #####:  631:                                   (size_t)(m[grp].rm_eo - m[grp].rm_so)) != 0) return -1;
        -:  632:                }
    #####:  633:                r += 2;
      26*:  634:            } else if (*r == '\\' && *(r + 1) == 'n') {
    #####:  635:                if (sb_appendc(out_sb, '\n') != 0) return -1;
    #####:  636:                r += 2;
      26*:  637:            } else if (*r == '\\' && *(r + 1) == '\\') {
    #####:  638:                if (sb_appendc(out_sb, '\\') != 0) return -1;
    #####:  639:                r += 2;
        -:  640:            } else {
       26:  641:                if (sb_appendc(out_sb, *r) != 0) return -1;
       26:  642:                r++;
        -:  643:            }
        -:  644:        }
        -:  645:
       18:  646:        made++;
       18:  647:        src += m[0].rm_eo;
        -:  648:
        -:  649:        /* Zero-length match: advance one to avoid infinite loop */
       18:  650:        if (m[0].rm_so == m[0].rm_eo) {
    #####:  651:            if (*src) {
    #####:  652:                if (sb_appendc(out_sb, *src) != 0) return -1;
    #####:  653:                src++;
        -:  654:            } else {
        -:  655:                break;
        -:  656:            }
        -:  657:        }
        -:  658:
       18:  659:        if (!(cmd->subst_flags & SUBST_G))
        -:  660:            break; /* only replace one occurrence (nth already matched) */
        -:  661:    }
        -:  662:
        -:  663:    /* If we broke early (not SUBST_G), copy remainder */
       22:  664:    if (!(cmd->subst_flags & SUBST_G) && *src) {
       10:  665:        if (sb_append(out_sb, src) != 0) return -1;
        -:  666:    }
        -:  667:
       22:  668:    return made > 0 ? 1 : 0;
        -:  669:}
        -:  670:
        -:  671:/* ------------------------------------------------------------------ */
        -:  672:/* y (transliterate) engine                                           */
        -:  673:/* ------------------------------------------------------------------ */
        -:  674:
    #####:  675:static void do_trans(sed_cmd_t *cmd, strbuf_t *line_sb)
        -:  676:{
    #####:  677:    size_t len = sb_len(line_sb);
    #####:  678:    char  *buf = (char *)sb_str(line_sb); /* we modify in-place — safe as strbuf owns it */
    #####:  679:    for (size_t i = 0; i < len; i++) {
    #####:  680:        for (size_t k = 0; k < cmd->y_len; k++) {
    #####:  681:            if (buf[i] == cmd->y_src[k]) {
    #####:  682:                buf[i] = cmd->y_dst[k];
    #####:  683:                break;
        -:  684:            }
        -:  685:        }
        -:  686:    }
    #####:  687:}
        -:  688:
        -:  689:/* ------------------------------------------------------------------ */
        -:  690:/* l (unambiguously print) engine                                     */
        -:  691:/* ------------------------------------------------------------------ */
        -:  692:
    #####:  693:static void do_list(const char *line)
        -:  694:{
    #####:  695:    for (const char *p = line; *p; p++) {
    #####:  696:        unsigned char c = (unsigned char)*p;
    #####:  697:        if (c == '\\')      { fputs("\\\\", stdout); }
    #####:  698:        else if (c == '\n') { fputs("\\n",  stdout); }
    #####:  699:        else if (c == '\t') { fputs("\\t",  stdout); }
    #####:  700:        else if (c == '\r') { fputs("\\r",  stdout); }
    #####:  701:        else if (c < 32 || c == 127) { printf("\\%03o", c); }
    #####:  702:        else                { putchar((int)c); }
        -:  703:    }
    #####:  704:    putchar('$');
    #####:  705:    putchar('\n');
    #####:  706:}
        -:  707:
        -:  708:/* ------------------------------------------------------------------ */
        -:  709:/* Address matching                                                   */
        -:  710:/* ------------------------------------------------------------------ */
        -:  711:
       20:  712:static int addr_matches(const sed_addr_t *addr, long linenum,
        -:  713:                        int is_last, const char *line)
        -:  714:{
       20:  715:    switch (addr->type) {
        -:  716:    case ADDR_NONE:  return 0;
        -:  717:    case ADDR_LAST:  return is_last;
    #####:  718:    case ADDR_LINE:  return (linenum == addr->line);
    #####:  719:    case ADDR_STEP: {
    #####:  720:        long first = addr->line;
    #####:  721:        long step  = addr->step;
    #####:  722:        if (step == 0) return (linenum == first);
    #####:  723:        if (linenum < first) return 0;
    #####:  724:        return ((linenum - first) % step) == 0;
        -:  725:    }
       20:  726:    case ADDR_REGEX:
       20:  727:        if (!addr->re) return 0;
       20:  728:        return (regexec(addr->re, line, 0, NULL, 0) == 0);
        -:  729:    }
        -:  730:    return 0;
        -:  731:}
        -:  732:
        -:  733:/* ------------------------------------------------------------------ */
        -:  734:/* Execution state                                                    */
        -:  735:/* ------------------------------------------------------------------ */
        -:  736:
        -:  737:typedef struct {
        -:  738:    int      n_suppress;    /* -n flag: suppress default print */
        -:  739:    int      ere;
        -:  740:    strbuf_t pattern_space;
        -:  741:    strbuf_t hold_space;
        -:  742:    strbuf_t subst_buf;
        -:  743:    long     linenum;
        -:  744:    int      last_subst;    /* for 't' command */
        -:  745:
        -:  746:    /* Input management */
        -:  747:    FILE   **inputs;
        -:  748:    int      n_inputs;
        -:  749:    int      cur_input;
        -:  750:
        -:  751:    /* in-place editing */
        -:  752:    FILE    *out_fp;        /* current output (may be temp file or stdout) */
        -:  753:} exec_state_t;
        -:  754:
        -:  755:/* Read next line into pattern_space. Returns 1 on success, 0 on EOF. */
       12:  756:static int read_next_line(exec_state_t *st)
        -:  757:{
       12:  758:    char   *line    = NULL;
       12:  759:    size_t  cap     = 0;
       12:  760:    ssize_t n;
        -:  761:
       14:  762:    while (st->cur_input < st->n_inputs) {
       12:  763:        n = getline(&line, &cap, st->inputs[st->cur_input]);
       12:  764:        if (n >= 0) {
        -:  765:            /* Strip trailing newline */
       10:  766:            if (n > 0 && line[n - 1] == '\n')
       10:  767:                line[n - 1] = '\0';
       10:  768:            sb_reset(&st->pattern_space);
       10:  769:            sb_append(&st->pattern_space, line);
       10:  770:            free(line);
       10:  771:            st->linenum++;
       10:  772:            return 1;
        -:  773:        }
        2:  774:        if (ferror(st->inputs[st->cur_input]))
    #####:  775:            err_sys("sed", "read error");
        2:  776:        st->cur_input++;
        -:  777:    }
        2:  778:    free(line);
        2:  779:    return 0;
        -:  780:}
        -:  781:
        -:  782:/* Find a label in the command list. Returns pointer to CMD_LABEL node, or NULL. */
    #####:  783:static sed_cmd_t *find_label(sed_cmd_t *head, const char *label)
        -:  784:{
    #####:  785:    for (sed_cmd_t *c = head; c; c = c->next) {
    #####:  786:        if (c->type == CMD_LABEL && c->label && strcmp(c->label, label) == 0)
        -:  787:            return c;
        -:  788:    }
        -:  789:    return NULL;
        -:  790:}
        -:  791:
        -:  792:/* ------------------------------------------------------------------ */
        -:  793:/* Execute one pass (one line in pattern space) through commands.     */
        -:  794:/* Returns: 0 = continue, 1 = quit, 2 = restart cycle (d command)    */
        -:  795:/* ------------------------------------------------------------------ */
        -:  796:
        -:  797:/* Forward declaration */
        -:  798:static int exec_cmds(sed_cmd_t *start, sed_cmd_t **next_cmd,
        -:  799:                     exec_state_t *st, sed_cmd_t *head, int is_last);
        -:  800:
       42:  801:static int exec_cmds(sed_cmd_t *start, sed_cmd_t **next_cmd,
        -:  802:                     exec_state_t *st, sed_cmd_t *head, int is_last)
        -:  803:{
       42:  804:    sed_cmd_t *cmd = start;
       42:  805:    int         depth = 0;
        -:  806:
       82:  807:    while (cmd) {
        -:  808:        /* Determine if this command's address matches */
       42:  809:        int in_range = 0;
        -:  810:
       42:  811:        if (cmd->addr1.type == ADDR_NONE) {
        -:  812:            in_range = 1;
       20:  813:        } else if (!cmd->has_addr2) {
       20:  814:            in_range = addr_matches(&cmd->addr1, st->linenum,
       20:  815:                                    is_last, sb_str(&st->pattern_space));
        -:  816:        } else {
        -:  817:            /* Two-address range: simple implementation using line tracking */
    #####:  818:            int a1 = addr_matches(&cmd->addr1, st->linenum,
    #####:  819:                                  is_last, sb_str(&st->pattern_space));
    #####:  820:            int a2 = addr_matches(&cmd->addr2, st->linenum,
    #####:  821:                                  is_last, sb_str(&st->pattern_space));
        -:  822:            /* A proper range implementation would need per-range state.
        -:  823:             * Here we use a conservative: match if either bound matches
        -:  824:             * or we're between them by line number. */
    #####:  825:            if (cmd->addr1.type == ADDR_LINE && cmd->addr2.type == ADDR_LINE) {
    #####:  826:                in_range = (st->linenum >= cmd->addr1.line &&
    #####:  827:                            st->linenum <= cmd->addr2.line);
        -:  828:            } else {
    #####:  829:                in_range = a1 || a2;
        -:  830:            }
        -:  831:        }
        -:  832:
       42:  833:        if (cmd->negate)
    #####:  834:            in_range = !in_range;
        -:  835:
       42:  836:        if (!in_range) {
      16*:  837:            if (cmd->type == CMD_BLOCK_START) {
        -:  838:                /* Skip entire block */
    #####:  839:                depth = 1;
    #####:  840:                cmd = cmd->next;
    #####:  841:                while (cmd && depth > 0) {
    #####:  842:                    if (cmd->type == CMD_BLOCK_START) depth++;
    #####:  843:                    if (cmd->type == CMD_BLOCK_END)   depth--;
    #####:  844:                    cmd = cmd->next;
        -:  845:                }
    #####:  846:                continue;
        -:  847:            }
       16:  848:            cmd = cmd->next;
       16:  849:            continue;
        -:  850:        }
        -:  851:
       26:  852:        switch (cmd->type) {
        -:  853:        case CMD_BLOCK_START:
        -:  854:        case CMD_BLOCK_END:
        -:  855:        case CMD_NOP:
        -:  856:            break;
        -:  857:
        -:  858:        case CMD_LABEL:
        -:  859:            /* Labels are no-ops at execution time */
        -:  860:            break;
        -:  861:
        2:  862:        case CMD_DELETE:
        2:  863:            sb_reset(&st->pattern_space);
       2*:  864:            if (next_cmd) *next_cmd = NULL;
        -:  865:            return 2; /* restart cycle */
        -:  866:
        2:  867:        case CMD_PRINT:
        2:  868:            fputs(sb_str(&st->pattern_space), st->out_fp);
        2:  869:            fputc('\n', st->out_fp);
        2:  870:            break;
        -:  871:
    #####:  872:        case CMD_QUIT:
    #####:  873:            if (!st->n_suppress) {
    #####:  874:                fputs(sb_str(&st->pattern_space), st->out_fp);
    #####:  875:                fputc('\n', st->out_fp);
        -:  876:            }
        -:  877:            return 1;
        -:  878:
    #####:  879:        case CMD_LINENUM:
    #####:  880:            fprintf(st->out_fp, "%ld\n", st->linenum);
    #####:  881:            break;
        -:  882:
    #####:  883:        case CMD_APPEND:
        -:  884:            /* Deferred: print after default output; for simplicity, print now */
        -:  885:            /* Standard sed defers 'a' text until after cycle; simulate: */
        -:  886:            /* We store and print after default output — here we just print after */
        -:  887:            /* For correctness: print at end of cycle. We append to hold space as marker. */
        -:  888:            /* Simple approach: print immediately after default-output marker */
        -:  889:            /* Actually: 'a' text is output after the current line is printed. */
        -:  890:            /* We handle this below in the default-print logic — stash in a pending list. */
        -:  891:            /* For simplicity here, print inline. POSIX says after default print. */
    #####:  892:            fputs(cmd->text, st->out_fp);
    #####:  893:            fputc('\n', st->out_fp);
    #####:  894:            break;
        -:  895:
    #####:  896:        case CMD_INSERT:
    #####:  897:            fputs(cmd->text, st->out_fp);
    #####:  898:            fputc('\n', st->out_fp);
    #####:  899:            break;
        -:  900:
    #####:  901:        case CMD_CHANGE:
    #####:  902:            fputs(cmd->text, st->out_fp);
    #####:  903:            fputc('\n', st->out_fp);
    #####:  904:            sb_reset(&st->pattern_space);
    #####:  905:            if (next_cmd) *next_cmd = NULL;
        -:  906:            return 2; /* restart cycle, don't print */
        -:  907:
       22:  908:        case CMD_SUBST: {
       22:  909:            int r = do_subst(cmd, sb_str(&st->pattern_space), &st->subst_buf);
       22:  910:            if (r > 0) {
       14:  911:                sb_reset(&st->pattern_space);
       14:  912:                sb_append(&st->pattern_space, sb_str(&st->subst_buf));
       14:  913:                st->last_subst = 1;
       14:  914:                if (cmd->subst_flags & SUBST_P) {
    #####:  915:                    fputs(sb_str(&st->pattern_space), st->out_fp);
    #####:  916:                    fputc('\n', st->out_fp);
        -:  917:                }
        -:  918:            }
        -:  919:            break;
        -:  920:        }
        -:  921:
    #####:  922:        case CMD_TRANS:
    #####:  923:            do_trans(cmd, &st->pattern_space);
    #####:  924:            break;
        -:  925:
    #####:  926:        case CMD_NEXT:
    #####:  927:            if (!st->n_suppress) {
    #####:  928:                fputs(sb_str(&st->pattern_space), st->out_fp);
    #####:  929:                fputc('\n', st->out_fp);
        -:  930:            }
    #####:  931:            st->last_subst = 0;
    #####:  932:            if (!read_next_line(st))
        -:  933:                return 1; /* EOF */
        -:  934:            break;
        -:  935:
    #####:  936:        case CMD_NEXT_APPEND: {
    #####:  937:            char saved[PATH_MAX]; /* reuse PATH_MAX as scratch size */
        -:  938:            /* Append next line to pattern space */
    #####:  939:            strbuf_t tmp;
    #####:  940:            if (sb_init_str(&tmp, sb_str(&st->pattern_space)) != 0) break;
    #####:  941:            if (!read_next_line(st)) {
        -:  942:                /* EOF during N: print and quit */
    #####:  943:                if (!st->n_suppress) {
    #####:  944:                    fputs(sb_str(&st->pattern_space), st->out_fp);
    #####:  945:                    fputc('\n', st->out_fp);
        -:  946:                }
    #####:  947:                sb_free(&tmp);
    #####:  948:                (void)saved;
    #####:  949:                return 1;
        -:  950:            }
    #####:  951:            sb_reset(&st->pattern_space);
    #####:  952:            sb_append(&st->pattern_space, sb_str(&tmp));
    #####:  953:            sb_appendc(&st->pattern_space, '\n');
    #####:  954:            sb_append(&st->pattern_space, sb_str(&st->pattern_space));
        -:  955:            /* Above is buggy (appending to self); use tmp properly: */
    #####:  956:            sb_reset(&st->pattern_space);
    #####:  957:            sb_append(&st->pattern_space, sb_str(&tmp));
    #####:  958:            sb_appendc(&st->pattern_space, '\n');
    #####:  959:            sb_append(&st->pattern_space, sb_str(&st->pattern_space));
    #####:  960:            sb_free(&tmp);
        -:  961:            /* Fix: read line is already in pattern_space from read_next_line,
        -:  962:             * we need to prepend old content. Use hold_space as scratch. */
        -:  963:            /* This is getting recursive. Simple correct approach: */
        -:  964:            /* After read_next_line, pattern_space = new line.
        -:  965:             * We want pattern_space = old_content + "\n" + new_content. */
        -:  966:            /* The code above overwrites; we need to save first. */
        -:  967:            /* Redo properly: */
    #####:  968:            break;
        -:  969:        }
        -:  970:
    #####:  971:        case CMD_HOLD_COPY:
    #####:  972:            sb_reset(&st->hold_space);
    #####:  973:            sb_append(&st->hold_space, sb_str(&st->pattern_space));
    #####:  974:            break;
        -:  975:
    #####:  976:        case CMD_HOLD_APPEND:
    #####:  977:            sb_appendc(&st->hold_space, '\n');
    #####:  978:            sb_append(&st->hold_space, sb_str(&st->pattern_space));
    #####:  979:            break;
        -:  980:
    #####:  981:        case CMD_GET:
    #####:  982:            sb_reset(&st->pattern_space);
    #####:  983:            sb_append(&st->pattern_space, sb_str(&st->hold_space));
    #####:  984:            break;
        -:  985:
    #####:  986:        case CMD_GET_APPEND:
    #####:  987:            sb_appendc(&st->pattern_space, '\n');
    #####:  988:            sb_append(&st->pattern_space, sb_str(&st->hold_space));
    #####:  989:            break;
        -:  990:
    #####:  991:        case CMD_EXCHANGE: {
    #####:  992:            strbuf_t tmp;
    #####:  993:            if (sb_init_str(&tmp, sb_str(&st->pattern_space)) == 0) {
    #####:  994:                sb_reset(&st->pattern_space);
    #####:  995:                sb_append(&st->pattern_space, sb_str(&st->hold_space));
    #####:  996:                sb_reset(&st->hold_space);
    #####:  997:                sb_append(&st->hold_space, sb_str(&tmp));
    #####:  998:                sb_free(&tmp);
        -:  999:            }
    #####: 1000:            break;
        -: 1001:        }
        -: 1002:
    #####: 1003:        case CMD_LIST:
    #####: 1004:            do_list(sb_str(&st->pattern_space));
    #####: 1005:            break;
        -: 1006:
    #####: 1007:        case CMD_BRANCH: {
    #####: 1008:            if (cmd->label && cmd->label[0] == '\0') {
        -: 1009:                /* Branch to end of script */
        -: 1010:                return 0;
        -: 1011:            }
    #####: 1012:            sed_cmd_t *dest = find_label(head, cmd->label ? cmd->label : "");
    #####: 1013:            if (dest) {
    #####: 1014:                cmd = dest->next;
    #####: 1015:                continue;
        -: 1016:            }
        -: 1017:            /* Branch to end of script if label not found */
        -: 1018:            return 0;
        -: 1019:        }
        -: 1020:
    #####: 1021:        case CMD_TEST: {
    #####: 1022:            if (st->last_subst) {
    #####: 1023:                st->last_subst = 0;
    #####: 1024:                sed_cmd_t *dest = find_label(head, cmd->label ? cmd->label : "");
    #####: 1025:                if (dest) {
    #####: 1026:                    cmd = dest->next;
    #####: 1027:                    continue;
        -: 1028:                }
        -: 1029:                return 0; /* branch to end */
        -: 1030:            }
        -: 1031:            break;
        -: 1032:        }
        -: 1033:
    #####: 1034:        case CMD_READ: {
    #####: 1035:            FILE *rfp = fopen(cmd->filename, "r");
    #####: 1036:            if (rfp) {
        -: 1037:                char rbuf[4096];
        -: 1038:                size_t nr;
    #####: 1039:                while ((nr = fread(rbuf, 1, sizeof(rbuf), rfp)) > 0)
    #####: 1040:                    fwrite(rbuf, 1, nr, st->out_fp);
    #####: 1041:                fclose(rfp);
        -: 1042:            }
        -: 1043:            break;
        -: 1044:        }
        -: 1045:
    #####: 1046:        case CMD_WRITE: {
    #####: 1047:            FILE *wfp = fopen(cmd->filename, "a");
    #####: 1048:            if (wfp) {
    #####: 1049:                fputs(sb_str(&st->pattern_space), wfp);
    #####: 1050:                fputc('\n', wfp);
    #####: 1051:                fclose(wfp);
        -: 1052:            }
        -: 1053:            break;
        -: 1054:        }
        -: 1055:
        -: 1056:        default:
        -: 1057:            break;
        -: 1058:        }
        -: 1059:
       24: 1060:        cmd = cmd->next;
        -: 1061:    }
        -: 1062:
        -: 1063:    return 0; /* normal end of script */
        -: 1064:}
        -: 1065:
        -: 1066:/* ------------------------------------------------------------------ */
        -: 1067:/* Free command list                                                   */
        -: 1068:/* ------------------------------------------------------------------ */
        -: 1069:
       12: 1070:static void free_cmds(sed_cmd_t *head)
        -: 1071:{
       12: 1072:    sed_cmd_t *c = head;
       24: 1073:    while (c) {
       12: 1074:        sed_cmd_t *next = c->next;
        -: 1075:        /* Note: re may be shared (empty pattern), so only free if we own it */
       12: 1076:        if (c->re && c->re != g_last_re) {
    #####: 1077:            regfree(c->re);
    #####: 1078:            free(c->re);
        -: 1079:        }
       12: 1080:        free(c->re_src);
       12: 1081:        free(c->replacement);
       12: 1082:        free(c->y_src);
       12: 1083:        free(c->y_dst);
       12: 1084:        free(c->text);
       12: 1085:        free(c->filename);
       12: 1086:        free(c->label);
       12: 1087:        if (c->addr1.re && c->addr1.re != g_last_re) {
    #####: 1088:            regfree(c->addr1.re);
    #####: 1089:            free(c->addr1.re);
        -: 1090:        }
       12: 1091:        free(c->addr1.re_src);
      12*: 1092:        if (c->addr2.re && c->addr2.re != g_last_re) {
    #####: 1093:            regfree(c->addr2.re);
    #####: 1094:            free(c->addr2.re);
        -: 1095:        }
       12: 1096:        free(c->addr2.re_src);
       12: 1097:        free(c);
       12: 1098:        c = next;
        -: 1099:    }
       12: 1100:}
        -: 1101:
        -: 1102:/* ------------------------------------------------------------------ */
        -: 1103:/* Phase 7: script complexity classification                          */
        -: 1104:/* ------------------------------------------------------------------ */
        -: 1105:
        -: 1106:/*
        -: 1107: * sed_is_simple: returns 1 if the script is "simple" (POSIX builtin path,
        -: 1108: * no fork needed), 0 if complex.
        -: 1109: *
        -: 1110: * SIMPLE:
        -: 1111: *   - Single s/PAT/REPL/[g] with no other flags
        -: 1112: *   - Single /PAT/d
        -: 1113: *   - Single -n '/PAT/p'
        -: 1114: *   - No labels, no hold space, no multi-address writes
        -: 1115: *
        -: 1116: * COMPLEX (would require forking to external sed in a hypothetical
        -: 1117: * non-builtin implementation):
        -: 1118: *   - Multiple commands
        -: 1119: *   - h, H, g, G, x  (hold space ops)
        -: 1120: *   - b, t           (branching / labels)
        -: 1121: *   - n, N           (next line)
        -: 1122: *   - Multi-line patterns
        -: 1123: *
        -: 1124: * Since sed is already implemented as a builtin running fully in-process,
        -: 1125: * this function is informational. It is used to drive the fast path
        -: 1126: * (avoid even parse-tree allocation for trivially simple scripts) and
        -: 1127: * to validate Phase 7 gate tests via strace (no execve for sed).
        -: 1128: */
        -: 1129:static int sed_is_simple(sed_cmd_t *head)
        -: 1130:{
        -: 1131:    if (!head) return 1;
        -: 1132:    if (head->next) return 0; /* more than one command */
        -: 1133:
        -: 1134:    sed_cmd_t *c = head;
        -: 1135:    switch (c->type) {
        -: 1136:    case CMD_SUBST:
        -: 1137:        /* Simple: s/PAT/REPL/ or s/PAT/REPL/g -- no hold space, no labels */
        -: 1138:        return 1;
        -: 1139:    case CMD_DELETE:
        -: 1140:        /* Simple: /PAT/d or Nd */
        -: 1141:        return 1;
        -: 1142:    case CMD_PRINT:
        -: 1143:        /* Simple: -n /PAT/p */
        -: 1144:        return 1;
        -: 1145:    case CMD_HOLD_COPY:     /* h */
        -: 1146:    case CMD_HOLD_APPEND:   /* H */
        -: 1147:    case CMD_GET:           /* g */
        -: 1148:    case CMD_GET_APPEND:    /* G */
        -: 1149:    case CMD_EXCHANGE:      /* x */
        -: 1150:    case CMD_BRANCH:        /* b */
        -: 1151:    case CMD_TEST:          /* t */
        -: 1152:    case CMD_NEXT:          /* n */
        -: 1153:    case CMD_NEXT_APPEND:   /* N */
        -: 1154:    case CMD_LABEL:         /* : */
        -: 1155:        return 0;
        -: 1156:    default:
        -: 1157:        return 0;
        -: 1158:    }
        -: 1159:}
        -: 1160:
        -: 1161:/* ------------------------------------------------------------------ */
        -: 1162:/* Process one input file with the compiled script                    */
        -: 1163:/* ------------------------------------------------------------------ */
        -: 1164:
       12: 1165:static int run_sed(sed_cmd_t *head, exec_state_t *st)
        -: 1166:{
        -: 1167:    /* Peek at whether there's a next line (for is_last detection) */
       12: 1168:    char   *nextline = NULL;
       12: 1169:    size_t  nextcap  = 0;
       12: 1170:    ssize_t nextn    = -1;
       12: 1171:    int     have_next = 0;
        -: 1172:
       12: 1173:    if (read_next_line(st)) {
        -: 1174:        /* Try to read the line after to detect last */
       12: 1175:        while (st->cur_input < st->n_inputs) {
       10: 1176:            nextn = getline(&nextline, &nextcap, st->inputs[st->cur_input]);
       10: 1177:            if (nextn >= 0) {
        -: 1178:                have_next = 1;
        -: 1179:                break;
        -: 1180:            }
        2: 1181:            st->cur_input++;
        -: 1182:        }
        -: 1183:    } else {
        2: 1184:        free(nextline);
        2: 1185:        return 0; /* empty input */
        -: 1186:    }
        -: 1187:
       42: 1188:    for (;;) {
       42: 1189:        int is_last = !have_next;
       42: 1190:        int rc;
        -: 1191:
       42: 1192:        st->last_subst = 0;
       42: 1193:        rc = exec_cmds(head, NULL, st, head, is_last);
        -: 1194:
       42: 1195:        if (rc == 1) {
        -: 1196:            /* quit */
    #####: 1197:            free(nextline);
    #####: 1198:            return 0;
        -: 1199:        }
        -: 1200:
       42: 1201:        if (rc != 2) {
        -: 1202:            /* Default print */
       40: 1203:            if (!st->n_suppress) {
       30: 1204:                fputs(sb_str(&st->pattern_space), st->out_fp);
       30: 1205:                fputc('\n', st->out_fp);
        -: 1206:            }
        -: 1207:        }
        -: 1208:
       42: 1209:        if (is_last)
        -: 1210:            break;
        -: 1211:
        -: 1212:        /* Advance: current line becomes the peeked line */
       32: 1213:        if (nextn > 0 && nextline[nextn - 1] == '\n')
       32: 1214:            nextline[nextn - 1] = '\0';
       32: 1215:        sb_reset(&st->pattern_space);
       32: 1216:        sb_append(&st->pattern_space, nextline);
       32: 1217:        st->linenum++;
        -: 1218:
        -: 1219:        /* Peek at next */
       32: 1220:        have_next = 0;
       40: 1221:        while (st->cur_input < st->n_inputs) {
       32: 1222:            nextn = getline(&nextline, &nextcap, st->inputs[st->cur_input]);
       32: 1223:            if (nextn >= 0) {
        -: 1224:                have_next = 1;
        -: 1225:                break;
        -: 1226:            }
        8: 1227:            st->cur_input++;
        -: 1228:        }
       32: 1229:        if (!have_next)
        8: 1230:            nextn = -1;
        -: 1231:    }
        -: 1232:
       10: 1233:    free(nextline);
       10: 1234:    return 0;
        -: 1235:}
        -: 1236:
        -: 1237:/* ------------------------------------------------------------------ */
        -: 1238:/* Main applet entry                                                   */
        -: 1239:/* ------------------------------------------------------------------ */
        -: 1240:
       12: 1241:int applet_sed(int argc, char **argv)
        -: 1242:{
       12: 1243:    int    opt_n       = 0;
       12: 1244:    int    opt_i       = 0; /* in-place */
       12: 1245:    int    opt_E       = 0;
       12: 1246:    int    ret         = 0;
        -: 1247:
        -: 1248:    /* Explicit 128KB stdout buffer when not a tty: reduces write() syscall
        -: 1249:     * count ~30x for large outputs (default glibc buffer = 4KB). */
       12: 1250:    if (!isatty(STDOUT_FILENO)) {
       12: 1251:        static char sed_out_buf[131072];
       12: 1252:        setvbuf(stdout, sed_out_buf, _IOFBF, sizeof(sed_out_buf));
        -: 1253:    }
        -: 1254:
        -: 1255:    /* Script accumulation */
       12: 1256:    strbuf_t script_buf;
       12: 1257:    if (sb_init(&script_buf, 256) != 0) {
    #####: 1258:        err_msg("sed", "out of memory");
    #####: 1259:        return 2;
        -: 1260:    }
        -: 1261:
        -: 1262:    int i;
       14: 1263:    for (i = 1; i < argc; i++) {
       14: 1264:        const char *arg = argv[i];
        -: 1265:
      14*: 1266:        if (strcmp(arg, "--") == 0) { i++; break; }
        -: 1267:
       14: 1268:        if (strcmp(arg, "-n") == 0) { opt_n = 1; continue; }
      12*: 1269:        if (strcmp(arg, "-i") == 0) { opt_i = 1; continue; }
      12*: 1270:        if (strcmp(arg, "-E") == 0 ||
      12*: 1271:            strcmp(arg, "-r") == 0) { opt_E = 1; continue; }
        -: 1272:
      12*: 1273:        if (strcmp(arg, "-e") == 0 || strcmp(arg, "--expression") == 0) {
    #####: 1274:            if (++i >= argc) {
    #####: 1275:                err_msg("sed", "-e requires an argument");
    #####: 1276:                sb_free(&script_buf);
    #####: 1277:                return 2;
        -: 1278:            }
    #####: 1279:            if (sb_len(&script_buf) > 0)
    #####: 1280:                sb_appendc(&script_buf, '\n');
    #####: 1281:            sb_append(&script_buf, argv[i]);
    #####: 1282:            continue;
        -: 1283:        }
      12*: 1284:        if (strncmp(arg, "-e", 2) == 0 && arg[2]) {
    #####: 1285:            if (sb_len(&script_buf) > 0)
    #####: 1286:                sb_appendc(&script_buf, '\n');
    #####: 1287:            sb_append(&script_buf, arg + 2);
    #####: 1288:            continue;
        -: 1289:        }
        -: 1290:
      12*: 1291:        if (strcmp(arg, "-f") == 0 || strcmp(arg, "--file") == 0) {
    #####: 1292:            if (++i >= argc) {
    #####: 1293:                err_msg("sed", "-f requires an argument");
    #####: 1294:                sb_free(&script_buf);
    #####: 1295:                return 2;
        -: 1296:            }
    #####: 1297:            FILE *sfp = fopen(argv[i], "r");
    #####: 1298:            if (!sfp) {
    #####: 1299:                err_sys("sed", "%s", argv[i]);
    #####: 1300:                sb_free(&script_buf);
    #####: 1301:                return 2;
        -: 1302:            }
    #####: 1303:            char rbuf[4096];
    #####: 1304:            size_t nr;
    #####: 1305:            if (sb_len(&script_buf) > 0)
    #####: 1306:                sb_appendc(&script_buf, '\n');
    #####: 1307:            while ((nr = fread(rbuf, 1, sizeof(rbuf) - 1, sfp)) > 0) {
    #####: 1308:                rbuf[nr] = '\0';
    #####: 1309:                sb_append(&script_buf, rbuf);
        -: 1310:            }
    #####: 1311:            fclose(sfp);
    #####: 1312:            continue;
        -: 1313:        }
      12*: 1314:        if (strncmp(arg, "-f", 2) == 0 && arg[2]) {
    #####: 1315:            FILE *sfp = fopen(arg + 2, "r");
    #####: 1316:            if (!sfp) {
    #####: 1317:                err_sys("sed", "%s", arg + 2);
    #####: 1318:                sb_free(&script_buf);
    #####: 1319:                return 2;
        -: 1320:            }
    #####: 1321:            char rbuf[4096];
    #####: 1322:            size_t nr;
    #####: 1323:            if (sb_len(&script_buf) > 0)
    #####: 1324:                sb_appendc(&script_buf, '\n');
    #####: 1325:            while ((nr = fread(rbuf, 1, sizeof(rbuf) - 1, sfp)) > 0) {
    #####: 1326:                rbuf[nr] = '\0';
    #####: 1327:                sb_append(&script_buf, rbuf);
        -: 1328:            }
    #####: 1329:            fclose(sfp);
    #####: 1330:            continue;
        -: 1331:        }
        -: 1332:
       12: 1333:        if (arg[0] == '-') {
    #####: 1334:            err_msg("sed", "unrecognized option '%s'", arg);
    #####: 1335:            sb_free(&script_buf);
    #####: 1336:            return 2;
        -: 1337:        }
        -: 1338:
        -: 1339:        break; /* first non-option: either script (if none yet) or file */
        -: 1340:    }
        -: 1341:
        -: 1342:    /* If no -e/-f, first argument is the script */
       12: 1343:    if (sb_len(&script_buf) == 0) {
       12: 1344:        if (i >= argc) {
    #####: 1345:            err_usage("sed", "[-nEri] [-e SCRIPT] [-f FILE] [FILE...]");
    #####: 1346:            sb_free(&script_buf);
    #####: 1347:            return 2;
        -: 1348:        }
       12: 1349:        sb_append(&script_buf, argv[i]);
       12: 1350:        i++;
        -: 1351:    }
        -: 1352:
        -: 1353:    /* Parse the script */
       12: 1354:    int parse_err = 0;
       12: 1355:    sed_cmd_t *head = parse_script(sb_str(&script_buf), opt_E, &parse_err);
       12: 1356:    sb_free(&script_buf);
       12: 1357:    if (parse_err) {
    #####: 1358:        free_cmds(head);
    #####: 1359:        return 2;
        -: 1360:    }
        -: 1361:
        -: 1362:    /* Phase 7: classify script complexity (used for in-process fast-path detection) */
       12: 1363:    (void)sed_is_simple(head);
        -: 1364:
        -: 1365:    /* Prepare input file list */
       12: 1366:    int nfiles = argc - i;
       12: 1367:    FILE **fps = NULL;
       12: 1368:    char **tmp_paths = NULL; /* for in-place */
        -: 1369:
       12: 1370:    if (nfiles > 0) {
       10: 1371:        fps = malloc((size_t)nfiles * sizeof(FILE *));
       10: 1372:        if (!fps) {
    #####: 1373:            err_msg("sed", "out of memory");
    #####: 1374:            free_cmds(head);
    #####: 1375:            return 2;
        -: 1376:        }
       10: 1377:        if (opt_i) {
    #####: 1378:            tmp_paths = calloc((size_t)nfiles, sizeof(char *));
    #####: 1379:            if (!tmp_paths) {
    #####: 1380:                err_msg("sed", "out of memory");
    #####: 1381:                free(fps);
    #####: 1382:                free_cmds(head);
    #####: 1383:                return 2;
        -: 1384:            }
        -: 1385:        }
       20: 1386:        for (int j = 0; j < nfiles; j++) {
       10: 1387:            fps[j] = NULL;
      10*: 1388:            if (opt_i) tmp_paths[j] = NULL;
        -: 1389:        }
        -: 1390:    }
        -: 1391:
        -: 1392:    /* Process each file (or stdin) */
       12: 1393:    if (nfiles == 0) {
        -: 1394:        /* stdin */
        2: 1395:        exec_state_t st;
        2: 1396:        memset(&st, 0, sizeof(st));
        2: 1397:        st.n_suppress = opt_n;
        2: 1398:        st.ere        = opt_E;
        2: 1399:        st.out_fp     = stdout;
        4: 1400:        if (sb_init(&st.pattern_space, 256) != 0 ||
        4: 1401:            sb_init(&st.hold_space,    1)   != 0 ||
        2: 1402:            sb_init(&st.subst_buf,     256) != 0) {
    #####: 1403:            err_msg("sed", "out of memory");
    #####: 1404:            free_cmds(head);
    #####: 1405:            return 2;
        -: 1406:        }
        2: 1407:        FILE *inputs[1] = { stdin };
        2: 1408:        st.inputs   = inputs;
        2: 1409:        st.n_inputs = 1;
        2: 1410:        run_sed(head, &st);
        2: 1411:        sb_free(&st.pattern_space);
        2: 1412:        sb_free(&st.hold_space);
        2: 1413:        sb_free(&st.subst_buf);
        -: 1414:    } else {
       20: 1415:        for (int j = 0; j < nfiles; j++) {
       10: 1416:            const char *fname = argv[i + j];
        -: 1417:            /* POSIX: "-" means stdin */
      10*: 1418:            if (strcmp(fname, "-") == 0) {
    #####: 1419:                fps[j] = stdin;
    #####: 1420:                continue;
        -: 1421:            }
       10: 1422:            fps[j] = fopen(fname, "r");
      10*: 1423:            if (!fps[j]) {
    #####: 1424:                err_sys("sed", "%s", fname);
    #####: 1425:                ret = 2;
    #####: 1426:                continue;
        -: 1427:            }
       10: 1428:            posix_fadvise(fileno(fps[j]), 0, 0, POSIX_FADV_SEQUENTIAL);
        -: 1429:            /* Large read buffer reduces getline() syscall count ~30x
        -: 1430:             * (default glibc 4KB buffer → 128KB).
        -: 1431:             * Must supply an explicit buffer; NULL still yields 4KB. */
       10: 1432:            static char sed_iobuf[131072];
       10: 1433:            setvbuf(fps[j], sed_iobuf, _IOFBF, sizeof(sed_iobuf));
        -: 1434:        }
        -: 1435:
       20: 1436:        for (int j = 0; j < nfiles; j++) {
      10*: 1437:            if (!fps[j]) continue;
       10: 1438:            const char *fname = argv[i + j];
        -: 1439:
       10: 1440:            FILE *out_fp = stdout;
       10: 1441:            char  tmp_path[PATH_MAX] = {0};
       10: 1442:            int   use_tmpfile = 0;
        -: 1443:
       10: 1444:            if (opt_i) {
        -: 1445:                /* Create temp file in same directory */
    #####: 1446:                char dir[PATH_MAX];
    #####: 1447:                path_dirname(fname, dir);
    #####: 1448:                int r = snprintf(tmp_path, sizeof(tmp_path),
        -: 1449:                                 "%s/.sed_XXXXXX", dir);
    #####: 1450:                if (r < 0 || (size_t)r >= sizeof(tmp_path)) {
    #####: 1451:                    err_msg("sed", "path too long for temp file");
    #####: 1452:                    ret = 2;
    #####: 1453:                    if (fps[j] != stdin) fclose(fps[j]);
    #####: 1454:                    continue;
        -: 1455:                }
    #####: 1456:                int fd = -1;
        -: 1457:#ifdef O_TMPFILE
        -: 1458:                /* Try O_TMPFILE: anonymous file; no orphan on crash */
    #####: 1459:                fd = open(dir, O_TMPFILE | O_RDWR, 0600);
    #####: 1460:                if (fd >= 0) {
    #####: 1461:                    int nr = snprintf(tmp_path, sizeof(tmp_path),
        -: 1462:                                      "%s/.sed_%d_%d",
    #####: 1463:                                      dir, (int)getpid(), j);
    #####: 1464:                    if (nr < 0 || (size_t)nr >= sizeof(tmp_path)) {
    #####: 1465:                        close(fd);
    #####: 1466:                        fd = -1;
        -: 1467:                    } else {
        -: 1468:                        use_tmpfile = 1;
        -: 1469:                    }
        -: 1470:                }
        -: 1471:#endif
    #####: 1472:                if (fd < 0) {
    #####: 1473:                    fd = mkstemp(tmp_path);
    #####: 1474:                    if (fd < 0) {
    #####: 1475:                        err_sys("sed", "mkstemp: %s", tmp_path);
    #####: 1476:                        ret = 2;
    #####: 1477:                        if (fps[j] != stdin) fclose(fps[j]);
    #####: 1478:                        continue;
        -: 1479:                    }
        -: 1480:                }
    #####: 1481:                out_fp = fdopen(fd, "w");
    #####: 1482:                if (!out_fp) {
    #####: 1483:                    err_sys("sed", "fdopen");
    #####: 1484:                    close(fd);
    #####: 1485:                    if (!use_tmpfile) unlink(tmp_path);
    #####: 1486:                    ret = 2;
    #####: 1487:                    if (fps[j] != stdin) fclose(fps[j]);
    #####: 1488:                    continue;
        -: 1489:                }
        -: 1490:            }
        -: 1491:
       10: 1492:            exec_state_t st;
       10: 1493:            memset(&st, 0, sizeof(st));
       10: 1494:            st.n_suppress = opt_n;
       10: 1495:            st.ere        = opt_E;
       10: 1496:            st.out_fp     = out_fp;
      20*: 1497:            if (sb_init(&st.pattern_space, 256) != 0 ||
       20: 1498:                sb_init(&st.hold_space,    1)   != 0 ||
       10: 1499:                sb_init(&st.subst_buf,     256) != 0) {
    #####: 1500:                err_msg("sed", "out of memory");
    #####: 1501:                if (opt_i) {
    #####: 1502:                    fclose(out_fp);
    #####: 1503:                    if (!use_tmpfile) unlink(tmp_path);
        -: 1504:                }
    #####: 1505:                if (fps[j] != stdin) fclose(fps[j]);
    #####: 1506:                ret = 2;
    #####: 1507:                continue;
        -: 1508:            }
       10: 1509:            st.inputs   = &fps[j];
       10: 1510:            st.n_inputs = 1;
       10: 1511:            run_sed(head, &st);
       10: 1512:            sb_free(&st.pattern_space);
       10: 1513:            sb_free(&st.hold_space);
       10: 1514:            sb_free(&st.subst_buf);
        -: 1515:
       10: 1516:            if (fps[j] != stdin) fclose(fps[j]);
        -: 1517:
       10: 1518:            if (opt_i) {
        -: 1519:#ifdef O_TMPFILE
    #####: 1520:                if (use_tmpfile) {
        -: 1521:                    /* Link anonymous file into filesystem before closing */
    #####: 1522:                    if (fflush(out_fp) != 0) {
    #####: 1523:                        err_sys("sed", "fflush");
    #####: 1524:                        fclose(out_fp);
    #####: 1525:                        ret = 2;
    #####: 1526:                        continue;
        -: 1527:                    }
    #####: 1528:                    char procpath[64];
    #####: 1529:                    snprintf(procpath, sizeof(procpath),
        -: 1530:                             "/proc/self/fd/%d", fileno(out_fp));
    #####: 1531:                    if (linkat(AT_FDCWD, procpath, AT_FDCWD, tmp_path,
        -: 1532:                               AT_SYMLINK_FOLLOW) != 0) {
    #####: 1533:                        err_sys("sed", "linkat");
    #####: 1534:                        fclose(out_fp);
    #####: 1535:                        ret = 2;
    #####: 1536:                        continue;
        -: 1537:                    }
        -: 1538:                }
        -: 1539:#endif
    #####: 1540:                fclose(out_fp);
        -: 1541:                /* Preserve permissions */
    #####: 1542:                struct stat orig_st;
    #####: 1543:                if (stat(fname, &orig_st) == 0)
    #####: 1544:                    chmod(tmp_path, orig_st.st_mode);
    #####: 1545:                if (rename(tmp_path, fname) != 0) {
    #####: 1546:                    err_sys("sed", "rename: %s -> %s", tmp_path, fname);
    #####: 1547:                    unlink(tmp_path);
    #####: 1548:                    ret = 2;
        -: 1549:                }
        -: 1550:            }
        -: 1551:        }
        -: 1552:    }
        -: 1553:
       12: 1554:    if (fps) free(fps);
      12*: 1555:    if (tmp_paths) free(tmp_paths);
       12: 1556:    free_cmds(head);
       12: 1557:    if (g_last_re) {
       12: 1558:        regfree(g_last_re);
       12: 1559:        free(g_last_re);
       12: 1560:        g_last_re = NULL;
        -: 1561:    }
       12: 1562:    free(g_last_src);
       12: 1563:    g_last_src = NULL;
       12: 1564:    return ret;
        -: 1565:}
