        -:    0:Source:src/core/sh.c
        -:    1:/* sh.c -- sh applet: entry point for the matchbox POSIX shell */
        -:    2:
        -:    3:#ifndef _POSIX_C_SOURCE
        -:    4:#define _POSIX_C_SOURCE 200809L
        -:    5:#endif
        -:    6:
        -:    7:#include "../shell/shell.h"
        -:    8:#include "../util/error.h"
        -:    9:
        -:   10:#include <stdio.h>
        -:   11:#include <stdlib.h>
        -:   12:#include <string.h>
        -:   13:#include <unistd.h>
        -:   14:
        -:   15:/*
        -:   16: * applet_sh -- shell entry point
        -:   17: *
        -:   18: * Modes:
        -:   19: *   sh                    interactive (stdin)
        -:   20: *   sh SCRIPT [ARG...]    run script file
        -:   21: *   sh -c CMD [ARG...]    run command string
        -:   22: *
        -:   23: * Options:
        -:   24: *   -c CMD    command string
        -:   25: *   -e        exit on error
        -:   26: *   -u        error on undefined variable
        -:   27: *   -x        trace
        -:   28: *   -n        no execute (syntax check only)
        -:   29: *   -f        disable globbing
        -:   30: *   -i        interactive (ignored; auto-detected by isatty)
        -:   31: *   -o OPT    set option by name
        -:   32: *   --        end options
        -:   33: */
      469:   34:int applet_sh(int argc, char **argv)
        -:   35:{
      469:   36:    const char *cmd_string = NULL;
      469:   37:    int         arg_start  = argc; /* default: no script file */
      469:   38:    int         opt_e = 0, opt_u = 0, opt_x = 0, opt_n = 0;
      469:   39:    int         opt_f = 0, opt_pipefail = 0;
        -:   40:
        -:   41:    int i;
      896:   42:    for (i = 1; i < argc; i++) {
      469:   43:        if (strcmp(argv[i], "--") == 0) {
    #####:   44:            arg_start = i + 1;
    #####:   45:            break;
        -:   46:        }
      469:   47:        if (argv[i][0] != '-') {
       36:   48:            arg_start = i;
       36:   49:            break;
        -:   50:        }
      433:   51:        const char *p = argv[i] + 1;
      433:   52:        int stop = 0;
      860:   53:        while (*p && !stop) {
      433:   54:            switch (*p) {
      427:   55:            case 'c':
      427:   56:                if (*(p + 1)) {
    #####:   57:                    cmd_string = p + 1;
    #####:   58:                    p = p + strlen(p) - 1; /* skip to end */
      427:   59:                } else if (i + 1 < argc) {
      427:   60:                    cmd_string = argv[++i];
        -:   61:                } else {
    #####:   62:                    fprintf(stderr, "matchbox: sh: -c requires an argument\n");
    #####:   63:                    return 1;
        -:   64:                }
      427:   65:                arg_start = i + 1;
      427:   66:                stop = 1;
      427:   67:                break;
    #####:   68:            case 'e': opt_e        = 1; break;
    #####:   69:            case 'u': opt_u        = 1; break;
    #####:   70:            case 'x': opt_x        = 1; break;
    #####:   71:            case 'n': opt_n        = 1; break;
    #####:   72:            case 'f': opt_f        = 1; break;
    #####:   73:            case 'i': /* interactive, auto-detected */ break;
    #####:   74:            case 'o':
    #####:   75:                if (*(p + 1)) {
    #####:   76:                    const char *on = p + 1;
    #####:   77:                    if      (strcmp(on, "errexit")  == 0) opt_e = 1;
    #####:   78:                    else if (strcmp(on, "nounset")  == 0) opt_u = 1;
    #####:   79:                    else if (strcmp(on, "xtrace")   == 0) opt_x = 1;
    #####:   80:                    else if (strcmp(on, "pipefail") == 0) opt_pipefail = 1;
    #####:   81:                    else if (strcmp(on, "noglob")   == 0) opt_f = 1;
    #####:   82:                    p = p + strlen(p) - 1;
    #####:   83:                } else if (i + 1 < argc) {
    #####:   84:                    const char *on = argv[++i];
    #####:   85:                    if      (strcmp(on, "errexit")  == 0) opt_e = 1;
    #####:   86:                    else if (strcmp(on, "nounset")  == 0) opt_u = 1;
    #####:   87:                    else if (strcmp(on, "xtrace")   == 0) opt_x = 1;
    #####:   88:                    else if (strcmp(on, "pipefail") == 0) opt_pipefail = 1;
    #####:   89:                    else if (strcmp(on, "noglob")   == 0) opt_f = 1;
    #####:   90:                    stop = 1;
        -:   91:                }
    #####:   92:                break;
        6:   93:            default:
        6:   94:                fprintf(stderr, "matchbox: sh: unknown option: -%c\n", *p);
        6:   95:                return 1;
        -:   96:            }
     427*:   97:            if (!stop) p++;
        -:   98:        }
        -:   99:    }
        -:  100:
        -:  101:    /* Build positional parameter argv for shell_init.
        -:  102:     * shell_init gets: argv[0] = $0, argv[1..] = $1.. */
        -:  103:    int   sh_argc;
        -:  104:    char **sh_argv;
        -:  105:
      463:  106:    if (cmd_string) {
        -:  107:        /* argv[0] is "sh" or the -c arg name; rest are $1.. */
      427:  108:        sh_argc = argc - arg_start + 1;
     427*:  109:        if (sh_argc < 1) sh_argc = 1;
      427:  110:        sh_argv = malloc((size_t)(sh_argc + 1) * sizeof(char *));
     427*:  111:        if (!sh_argv) { perror("sh"); return 1; }
      427:  112:        sh_argv[0] = argv[0];
     427*:  113:        for (int j = 1; j < sh_argc; j++)
    #####:  114:            sh_argv[j] = (arg_start + j - 1 < argc) ? argv[arg_start + j - 1] : NULL;
      427:  115:        sh_argv[sh_argc] = NULL;
       36:  116:    } else if (arg_start < argc) {
        -:  117:        /* Script mode: argv[arg_start] = $0, rest = $1.. */
       36:  118:        sh_argc = argc - arg_start;
       36:  119:        sh_argv = malloc((size_t)(sh_argc + 1) * sizeof(char *));
      36*:  120:        if (!sh_argv) { perror("sh"); return 1; }
       72:  121:        for (int j = 0; j < sh_argc; j++)
       36:  122:            sh_argv[j] = argv[arg_start + j];
       36:  123:        sh_argv[sh_argc] = NULL;
        -:  124:    } else {
        -:  125:        /* stdin mode */
    #####:  126:        sh_argc = 1;
    #####:  127:        sh_argv = malloc(2 * sizeof(char *));
    #####:  128:        if (!sh_argv) { perror("sh"); return 1; }
    #####:  129:        sh_argv[0] = argv[0];
    #####:  130:        sh_argv[1] = NULL;
        -:  131:    }
        -:  132:
        -:  133:    shell_ctx_t sh;
      463:  134:    int rc = shell_init(&sh, sh_argc, sh_argv);
      463:  135:    free(sh_argv);
      463:  136:    if (rc != 0)
    #####:  137:        return rc;
        -:  138:
        -:  139:    /* Apply parsed flags */
      463:  140:    sh.opt_e        = opt_e;
      463:  141:    sh.opt_u        = opt_u;
      463:  142:    sh.opt_x        = opt_x;
      463:  143:    sh.opt_n        = opt_n;
      463:  144:    sh.opt_f        = opt_f;
      463:  145:    sh.opt_pipefail = opt_pipefail;
        -:  146:
        -:  147:    int ret;
      463:  148:    if (cmd_string) {
      427:  149:        ret = shell_run_string(&sh, cmd_string);
       36:  150:    } else if (arg_start < argc) {
       36:  151:        ret = shell_run_file(&sh, argv[arg_start]);
        -:  152:    } else {
    #####:  153:        ret = shell_run_stdin(&sh);
        -:  154:    }
        -:  155:
        -:  156:    /* Fire EXIT trap on normal script completion */
      453:  157:    const char *exit_action = sh.traps[0].action;
      453:  158:    if (exit_action != SHELL_TRAP_DEFAULT && exit_action[0] != '\0') {
        2:  159:        sh.traps[0].action = SHELL_TRAP_DEFAULT;
        2:  160:        shell_run_string(&sh, exit_action);
        -:  161:        /* Exit code follows the trap action's last status, per POSIX */
        2:  162:        ret = sh.last_exit;
        -:  163:    }
        -:  164:
      453:  165:    shell_free(&sh);
      453:  166:    return ret;
        -:  167:}
