        -:    0:Source:src/util/strbuf.h
        -:    1:/* strbuf.h — bounds-checked, heap-managed string buffer */
        -:    2:
        -:    3:#ifndef MATCHBOX_STRBUF_H
        -:    4:#define MATCHBOX_STRBUF_H
        -:    5:
        -:    6:#include <stddef.h>
        -:    7:
        -:    8:typedef struct {
        -:    9:    char   *buf; /* NUL-terminated content */
        -:   10:    size_t  len; /* current length, not counting NUL */
        -:   11:    size_t  cap; /* allocated capacity including space for NUL */
        -:   12:} strbuf_t;
        -:   13:
        -:   14:/* Initialise sb with at least initial_cap bytes of capacity.
        -:   15: * Returns 0 on success, -1 on allocation failure. */
        -:   16:int sb_init(strbuf_t *sb, size_t initial_cap);
        -:   17:
        -:   18:/* Initialise sb from a C string (copies it). */
        -:   19:int sb_init_str(strbuf_t *sb, const char *s);
        -:   20:
        -:   21:/* Free the buffer. sb is left in a zero state. */
        -:   22:void sb_free(strbuf_t *sb);
        -:   23:
        -:   24:/* Reset length to 0 without freeing; buf[0] = '\0'. */
        -:   25:void sb_reset(strbuf_t *sb);
        -:   26:
        -:   27:/* Append a NUL-terminated string. Returns 0 or -1. */
        -:   28:int sb_append(strbuf_t *sb, const char *s);
        -:   29:
        -:   30:/* Append exactly n bytes. Returns 0 or -1. */
        -:   31:int sb_appendn(strbuf_t *sb, const char *s, size_t n);
        -:   32:
        -:   33:/* Append a single character. Returns 0 or -1. */
        -:   34:int sb_appendc(strbuf_t *sb, char c);
        -:   35:
        -:   36:/* Append formatted output (like sprintf). Returns 0 or -1. */
        -:   37:int sb_appendf(strbuf_t *sb, const char *fmt, ...)
        -:   38:    __attribute__((format(printf, 2, 3)));
        -:   39:
        -:   40:/* Return the NUL-terminated C string (never NULL after sb_init). */
     2449:   41:static inline const char *sb_str(const strbuf_t *sb) { return sb->buf; }
------------------
sb_str:
        4:   41:static inline const char *sb_str(const strbuf_t *sb) { return sb->buf; }
------------------
sb_str:
     2445:   41:static inline const char *sb_str(const strbuf_t *sb) { return sb->buf; }
------------------
        -:   42:
        -:   43:/* Return current length (not counting NUL). */
       2*:   44:static inline size_t sb_len(const strbuf_t *sb) { return sb->len; }
------------------
sb_len:
    #####:   44:static inline size_t sb_len(const strbuf_t *sb) { return sb->len; }
------------------
sb_len:
        2:   44:static inline size_t sb_len(const strbuf_t *sb) { return sb->len; }
------------------
        -:   45:
        -:   46:#endif /* MATCHBOX_STRBUF_H */
